Started by user [8mha:////4KAZa2T8wm7stt23rJ1FHk3fd3Aj1c/9xBMUpF//fwRJAAAAlx+LCAAAAAAAAP9b85aBtbiIQTGjNKU4P08vOT+vOD8nVc83PyU1x6OyILUoJzMv2y+/JJUBAhiZGBgqihhk0NSjKDWzXb3RdlLBUSYGJk8GtpzUvPSSDB8G5tKinBIGIZ+sxLJE/ZzEvHT94JKizLx0a6BxUmjGOUNodHsLgAy+EgZu/dLi1CL9gsS8lEQA9JRhvsAAAAA=[0mpanda@panda.pl
Running as SYSTEM
Building in workspace /var/jenkins_home/workspace/panda academy
The recommended git tool is: NONE
using credential github-creds
 > git rev-parse --is-inside-work-tree # timeout=10
Fetching changes from the remote Git repository
 > git config remote.origin.url https://github.com/WitoldSlawko/panda_academy_devops_core_project.git # timeout=10
Fetching upstream changes from https://github.com/WitoldSlawko/panda_academy_devops_core_project.git
 > git --version # timeout=10
 > git --version # 'git version 2.11.0'
using GIT_ASKPASS to set credentials credentials to personal github
 > git fetch --tags --progress -- https://github.com/WitoldSlawko/panda_academy_devops_core_project.git +refs/heads/*:refs/remotes/origin/* # timeout=10
 > git rev-parse origin/selenium-grid^{commit} # timeout=10
Checking out Revision 4491bab3e8146b28ed0ddd4f7ee77a853e5e8069 (origin/selenium-grid)
 > git config core.sparsecheckout # timeout=10
 > git checkout -f 4491bab3e8146b28ed0ddd4f7ee77a853e5e8069 # timeout=10
Commit message: "code changes"
First time build. Skipping changelog.
[panda academy] $ /var/jenkins_home/tools/hudson.tasks.Maven_MavenInstallation/auto_maven/bin/mvn clean install
[INFO] Scanning for projects...
[INFO] 
[INFO] --------------------------< pl.pandait:panda >--------------------------
[INFO] Building panda 0.0.3-SNAPSHOT
[INFO] --------------------------------[ jar ]---------------------------------
[INFO] 
[8mha:////4EnmpvTza3G0gck8X4CbzWbWCN/oTNLcUM5KKI27xSg0AAAAYB+LCAAAAAAAAP9b85aBtbiIQSmjNKU4P0+vJLE4u1gvPjexLDVPzxdEGvvmZ+X75ZekLlOVfvTjc8FPJgaGiiIGKaiG5Py84vycVD1nCA1SyAABjCCFBQCV27OjYAAAAA==[0m[INFO] --- maven-clean-plugin:3.1.0:clean (default-clean) @ panda ---
[INFO] Deleting /var/jenkins_home/workspace/panda academy/target
[INFO] 
[8mha:////4EnmpvTza3G0gck8X4CbzWbWCN/oTNLcUM5KKI27xSg0AAAAYB+LCAAAAAAAAP9b85aBtbiIQSmjNKU4P0+vJLE4u1gvPjexLDVPzxdEGvvmZ+X75ZekLlOVfvTjc8FPJgaGiiIGKaiG5Py84vycVD1nCA1SyAABjCCFBQCV27OjYAAAAA==[0m[INFO] --- maven-resources-plugin:3.1.0:resources (default-resources) @ panda ---
[INFO] Using 'UTF-8' encoding to copy filtered resources.
[INFO] Copying 1 resource
[INFO] Copying 2 resources
[INFO] 
[8mha:////4EnmpvTza3G0gck8X4CbzWbWCN/oTNLcUM5KKI27xSg0AAAAYB+LCAAAAAAAAP9b85aBtbiIQSmjNKU4P0+vJLE4u1gvPjexLDVPzxdEGvvmZ+X75ZekLlOVfvTjc8FPJgaGiiIGKaiG5Py84vycVD1nCA1SyAABjCCFBQCV27OjYAAAAA==[0m[INFO] --- maven-compiler-plugin:3.8.1:compile (default-compile) @ panda ---
[INFO] Changes detected - recompiling the module!
[INFO] Compiling 2 source files to /var/jenkins_home/workspace/panda academy/target/classes
[INFO] 
[8mha:////4EnmpvTza3G0gck8X4CbzWbWCN/oTNLcUM5KKI27xSg0AAAAYB+LCAAAAAAAAP9b85aBtbiIQSmjNKU4P0+vJLE4u1gvPjexLDVPzxdEGvvmZ+X75ZekLlOVfvTjc8FPJgaGiiIGKaiG5Py84vycVD1nCA1SyAABjCCFBQCV27OjYAAAAA==[0m[INFO] --- maven-resources-plugin:3.1.0:testResources (default-testResources) @ panda ---
[INFO] Using 'UTF-8' encoding to copy filtered resources.
[INFO] skip non existing resourceDirectory /var/jenkins_home/workspace/panda academy/src/test/resources
[INFO] 
[8mha:////4EnmpvTza3G0gck8X4CbzWbWCN/oTNLcUM5KKI27xSg0AAAAYB+LCAAAAAAAAP9b85aBtbiIQSmjNKU4P0+vJLE4u1gvPjexLDVPzxdEGvvmZ+X75ZekLlOVfvTjc8FPJgaGiiIGKaiG5Py84vycVD1nCA1SyAABjCCFBQCV27OjYAAAAA==[0m[INFO] --- maven-compiler-plugin:3.8.1:testCompile (default-testCompile) @ panda ---
[INFO] Changes detected - recompiling the module!
[INFO] Compiling 3 source files to /var/jenkins_home/workspace/panda academy/target/test-classes
[INFO] 
[8mha:////4EnmpvTza3G0gck8X4CbzWbWCN/oTNLcUM5KKI27xSg0AAAAYB+LCAAAAAAAAP9b85aBtbiIQSmjNKU4P0+vJLE4u1gvPjexLDVPzxdEGvvmZ+X75ZekLlOVfvTjc8FPJgaGiiIGKaiG5Py84vycVD1nCA1SyAABjCCFBQCV27OjYAAAAA==[0m[INFO] --- maven-surefire-plugin:2.19.1:test (default-test) @ panda ---

-------------------------------------------------------
 T E S T S
-------------------------------------------------------
Running pl.pandait.panda.HelloControllerTest
17:31:11.152 [main] DEBUG org.springframework.test.context.BootstrapUtils - Instantiating CacheAwareContextLoaderDelegate from class [org.springframework.test.context.cache.DefaultCacheAwareContextLoaderDelegate]
17:31:11.169 [main] DEBUG org.springframework.test.context.BootstrapUtils - Instantiating BootstrapContext using constructor [public org.springframework.test.context.support.DefaultBootstrapContext(java.lang.Class,org.springframework.test.context.CacheAwareContextLoaderDelegate)]
17:31:11.215 [main] DEBUG org.springframework.test.context.BootstrapUtils - Instantiating TestContextBootstrapper for test class [pl.pandait.panda.HelloControllerTest] from class [org.springframework.boot.test.context.SpringBootTestContextBootstrapper]
17:31:11.239 [main] INFO org.springframework.boot.test.context.SpringBootTestContextBootstrapper - Neither @ContextConfiguration nor @ContextHierarchy found for test class [pl.pandait.panda.HelloControllerTest], using SpringBootContextLoader
17:31:11.246 [main] DEBUG org.springframework.test.context.support.AbstractContextLoader - Did not detect default resource location for test class [pl.pandait.panda.HelloControllerTest]: class path resource [pl/pandait/panda/HelloControllerTest-context.xml] does not exist
17:31:11.246 [main] DEBUG org.springframework.test.context.support.AbstractContextLoader - Did not detect default resource location for test class [pl.pandait.panda.HelloControllerTest]: class path resource [pl/pandait/panda/HelloControllerTestContext.groovy] does not exist
17:31:11.246 [main] INFO org.springframework.test.context.support.AbstractContextLoader - Could not detect default resource locations for test class [pl.pandait.panda.HelloControllerTest]: no resource found for suffixes {-context.xml, Context.groovy}.
17:31:11.247 [main] INFO org.springframework.test.context.support.AnnotationConfigContextLoaderUtils - Could not detect default configuration classes for test class [pl.pandait.panda.HelloControllerTest]: HelloControllerTest does not declare any static, non-private, non-final, nested classes annotated with @Configuration.
17:31:11.299 [main] DEBUG org.springframework.test.context.support.ActiveProfilesUtils - Could not find an 'annotation declaring class' for annotation type [org.springframework.test.context.ActiveProfiles] and class [pl.pandait.panda.HelloControllerTest]
17:31:11.422 [main] DEBUG org.springframework.context.annotation.ClassPathScanningCandidateComponentProvider - Identified candidate component class: file [/var/jenkins_home/workspace/panda academy/target/classes/pl/pandait/panda/PandaApplication.class]
17:31:11.424 [main] INFO org.springframework.boot.test.context.SpringBootTestContextBootstrapper - Found @SpringBootConfiguration pl.pandait.panda.PandaApplication for test class pl.pandait.panda.HelloControllerTest
17:31:11.574 [main] DEBUG org.springframework.boot.test.context.SpringBootTestContextBootstrapper - @TestExecutionListeners is not present for class [pl.pandait.panda.HelloControllerTest]: using defaults.
17:31:11.575 [main] INFO org.springframework.boot.test.context.SpringBootTestContextBootstrapper - Loaded default TestExecutionListener class names from location [META-INF/spring.factories]: [org.springframework.boot.test.mock.mockito.MockitoTestExecutionListener, org.springframework.boot.test.mock.mockito.ResetMocksTestExecutionListener, org.springframework.boot.test.autoconfigure.restdocs.RestDocsTestExecutionListener, org.springframework.boot.test.autoconfigure.web.client.MockRestServiceServerResetTestExecutionListener, org.springframework.boot.test.autoconfigure.web.servlet.MockMvcPrintOnlyOnFailureTestExecutionListener, org.springframework.boot.test.autoconfigure.web.servlet.WebDriverTestExecutionListener, org.springframework.test.context.web.ServletTestExecutionListener, org.springframework.test.context.support.DirtiesContextBeforeModesTestExecutionListener, org.springframework.test.context.support.DependencyInjectionTestExecutionListener, org.springframework.test.context.support.DirtiesContextTestExecutionListener, org.springframework.test.context.transaction.TransactionalTestExecutionListener, org.springframework.test.context.jdbc.SqlScriptsTestExecutionListener, org.springframework.test.context.event.EventPublishingTestExecutionListener]
17:31:11.592 [main] DEBUG org.springframework.boot.test.context.SpringBootTestContextBootstrapper - Skipping candidate TestExecutionListener [org.springframework.test.context.transaction.TransactionalTestExecutionListener] due to a missing dependency. Specify custom listener classes or make the default listener classes and their required dependencies available. Offending class: [org/springframework/transaction/TransactionDefinition]
17:31:11.593 [main] DEBUG org.springframework.boot.test.context.SpringBootTestContextBootstrapper - Skipping candidate TestExecutionListener [org.springframework.test.context.jdbc.SqlScriptsTestExecutionListener] due to a missing dependency. Specify custom listener classes or make the default listener classes and their required dependencies available. Offending class: [org/springframework/transaction/interceptor/TransactionAttribute]
17:31:11.593 [main] INFO org.springframework.boot.test.context.SpringBootTestContextBootstrapper - Using TestExecutionListeners: [org.springframework.test.context.web.ServletTestExecutionListener@51e69659, org.springframework.test.context.support.DirtiesContextBeforeModesTestExecutionListener@47e2e487, org.springframework.boot.test.mock.mockito.MockitoTestExecutionListener@201a4587, org.springframework.boot.test.autoconfigure.SpringBootDependencyInjectionTestExecutionListener@61001b64, org.springframework.test.context.support.DirtiesContextTestExecutionListener@4310d43, org.springframework.test.context.event.EventPublishingTestExecutionListener@54a7079e, org.springframework.boot.test.mock.mockito.ResetMocksTestExecutionListener@26e356f0, org.springframework.boot.test.autoconfigure.restdocs.RestDocsTestExecutionListener@47d9a273, org.springframework.boot.test.autoconfigure.web.client.MockRestServiceServerResetTestExecutionListener@4b8ee4de, org.springframework.boot.test.autoconfigure.web.servlet.MockMvcPrintOnlyOnFailureTestExecutionListener@27f981c6, org.springframework.boot.test.autoconfigure.web.servlet.WebDriverTestExecutionListener@1b11171f]
17:31:11.610 [main] DEBUG org.springframework.test.context.support.AbstractDirtiesContextTestExecutionListener - Before test class: context [DefaultTestContext@7d4f9aae testClass = HelloControllerTest, testInstance = [null], testMethod = [null], testException = [null], mergedContextConfiguration = [WebMergedContextConfiguration@72e5a8e testClass = HelloControllerTest, locations = '{}', classes = '{class pl.pandait.panda.PandaApplication}', contextInitializerClasses = '[]', activeProfiles = '{}', propertySourceLocations = '{}', propertySourceProperties = '{org.springframework.boot.test.context.SpringBootTestContextBootstrapper=true, server.port=0}', contextCustomizers = set[org.springframework.boot.test.context.filter.ExcludeFilterContextCustomizer@1622f1b, org.springframework.boot.test.json.DuplicateJsonObjectContextCustomizerFactory$DuplicateJsonObjectContextCustomizer@70e8f8e, org.springframework.boot.test.mock.mockito.MockitoContextCustomizer@0, org.springframework.boot.test.web.client.TestRestTemplateContextCustomizer@635eaaf1, org.springframework.boot.test.autoconfigure.properties.PropertyMappingContextCustomizer@0, org.springframework.boot.test.autoconfigure.web.servlet.WebDriverContextCustomizerFactory$Customizer@647e447], resourceBasePath = 'src/main/webapp', contextLoader = 'org.springframework.boot.test.context.SpringBootContextLoader', parent = [null]], attributes = map['org.springframework.test.context.web.ServletTestExecutionListener.activateListener' -> false]], class annotated with @DirtiesContext [false] with mode [null].
17:31:11.632 [main] DEBUG org.springframework.test.context.support.DependencyInjectionTestExecutionListener - Performing dependency injection for test context [[DefaultTestContext@7d4f9aae testClass = HelloControllerTest, testInstance = pl.pandait.panda.HelloControllerTest@1e6a3214, testMethod = [null], testException = [null], mergedContextConfiguration = [WebMergedContextConfiguration@72e5a8e testClass = HelloControllerTest, locations = '{}', classes = '{class pl.pandait.panda.PandaApplication}', contextInitializerClasses = '[]', activeProfiles = '{}', propertySourceLocations = '{}', propertySourceProperties = '{org.springframework.boot.test.context.SpringBootTestContextBootstrapper=true, server.port=0}', contextCustomizers = set[org.springframework.boot.test.context.filter.ExcludeFilterContextCustomizer@1622f1b, org.springframework.boot.test.json.DuplicateJsonObjectContextCustomizerFactory$DuplicateJsonObjectContextCustomizer@70e8f8e, org.springframework.boot.test.mock.mockito.MockitoContextCustomizer@0, org.springframework.boot.test.web.client.TestRestTemplateContextCustomizer@635eaaf1, org.springframework.boot.test.autoconfigure.properties.PropertyMappingContextCustomizer@0, org.springframework.boot.test.autoconfigure.web.servlet.WebDriverContextCustomizerFactory$Customizer@647e447], resourceBasePath = 'src/main/webapp', contextLoader = 'org.springframework.boot.test.context.SpringBootContextLoader', parent = [null]], attributes = map['org.springframework.test.context.web.ServletTestExecutionListener.activateListener' -> false]]].
17:31:11.677 [main] DEBUG org.springframework.test.context.support.TestPropertySourceUtils - Adding inlined properties to environment: {spring.jmx.enabled=false, org.springframework.boot.test.context.SpringBootTestContextBootstrapper=true, server.port=0}

  .   ____          _            __ _ _
 /\\ / ___'_ __ _ _(_)_ __  __ _ \ \ \ \
( ( )\___ | '_ | '_| | '_ \/ _` | \ \ \ \
 \\/  ___)| |_)| | | | | || (_| |  ) ) ) )
  '  |____| .__|_| |_|_| |_\__, | / / / /
 =========|_|==============|___/=/_/_/_/
 :: Spring Boot ::        (v2.2.4.RELEASE)

2020-09-02 17:31:12.221  INFO 170 --- [           main] pl.pandait.panda.HelloControllerTest     : Starting HelloControllerTest on d4ba8cdc37f4 with PID 170 (started by jenkins in /var/jenkins_home/workspace/panda academy)
2020-09-02 17:31:12.224  INFO 170 --- [           main] pl.pandait.panda.HelloControllerTest     : No active profile set, falling back to default profiles: default
2020-09-02 17:31:14.025  INFO 170 --- [           main] o.s.b.w.embedded.tomcat.TomcatWebServer  : Tomcat initialized with port(s): 0 (http)
2020-09-02 17:31:14.041  INFO 170 --- [           main] o.apache.catalina.core.StandardService   : Starting service [Tomcat]
2020-09-02 17:31:14.041  INFO 170 --- [           main] org.apache.catalina.core.StandardEngine  : Starting Servlet engine: [Apache Tomcat/9.0.30]
2020-09-02 17:31:14.148  INFO 170 --- [           main] o.a.c.c.C.[Tomcat].[localhost].[/]       : Initializing Spring embedded WebApplicationContext
2020-09-02 17:31:14.149  INFO 170 --- [           main] o.s.web.context.ContextLoader            : Root WebApplicationContext: initialization completed in 1883 ms
2020-09-02 17:31:14.611  INFO 170 --- [           main] o.s.s.concurrent.ThreadPoolTaskExecutor  : Initializing ExecutorService 'applicationTaskExecutor'
2020-09-02 17:31:14.716  INFO 170 --- [           main] o.s.b.a.w.s.WelcomePageHandlerMapping    : Adding welcome page: class path resource [static/index.html]
2020-09-02 17:31:15.379  INFO 170 --- [           main] o.s.b.w.embedded.tomcat.TomcatWebServer  : Tomcat started on port(s): 33979 (http) with context path ''
2020-09-02 17:31:15.382  INFO 170 --- [           main] pl.pandait.panda.HelloControllerTest     : Started HelloControllerTest in 3.701 seconds (JVM running for 5.044)
2020-09-02 17:31:15.735  INFO 170 --- [           main] o.s.mock.web.MockServletContext          : Initializing Spring TestDispatcherServlet ''
2020-09-02 17:31:15.735  INFO 170 --- [           main] o.s.t.web.servlet.TestDispatcherServlet  : Initializing Servlet ''
2020-09-02 17:31:15.736  INFO 170 --- [           main] o.s.t.web.servlet.TestDispatcherServlet  : Completed initialization in 1 ms
Tests run: 1, Failures: 0, Errors: 0, Skipped: 0, Time elapsed: 4.821 sec - in pl.pandait.panda.HelloControllerTest
Running pl.pandait.panda.PandaApplicationTest
2020-09-02 17:31:15.805  INFO 170 --- [           main] .b.t.c.SpringBootTestContextBootstrapper : Neither @ContextConfiguration nor @ContextHierarchy found for test class [pl.pandait.panda.PandaApplicationTest], using SpringBootContextLoader
2020-09-02 17:31:15.806  INFO 170 --- [           main] o.s.t.c.support.AbstractContextLoader    : Could not detect default resource locations for test class [pl.pandait.panda.PandaApplicationTest]: no resource found for suffixes {-context.xml, Context.groovy}.
2020-09-02 17:31:15.806  INFO 170 --- [           main] t.c.s.AnnotationConfigContextLoaderUtils : Could not detect default configuration classes for test class [pl.pandait.panda.PandaApplicationTest]: PandaApplicationTest does not declare any static, non-private, non-final, nested classes annotated with @Configuration.
2020-09-02 17:31:15.807  INFO 170 --- [           main] .b.t.c.SpringBootTestContextBootstrapper : Found @SpringBootConfiguration pl.pandait.panda.PandaApplication for test class pl.pandait.panda.PandaApplicationTest
2020-09-02 17:31:15.808  INFO 170 --- [           main] .b.t.c.SpringBootTestContextBootstrapper : Loaded default TestExecutionListener class names from location [META-INF/spring.factories]: [org.springframework.boot.test.mock.mockito.MockitoTestExecutionListener, org.springframework.boot.test.mock.mockito.ResetMocksTestExecutionListener, org.springframework.boot.test.autoconfigure.restdocs.RestDocsTestExecutionListener, org.springframework.boot.test.autoconfigure.web.client.MockRestServiceServerResetTestExecutionListener, org.springframework.boot.test.autoconfigure.web.servlet.MockMvcPrintOnlyOnFailureTestExecutionListener, org.springframework.boot.test.autoconfigure.web.servlet.WebDriverTestExecutionListener, org.springframework.test.context.web.ServletTestExecutionListener, org.springframework.test.context.support.DirtiesContextBeforeModesTestExecutionListener, org.springframework.test.context.support.DependencyInjectionTestExecutionListener, org.springframework.test.context.support.DirtiesContextTestExecutionListener, org.springframework.test.context.transaction.TransactionalTestExecutionListener, org.springframework.test.context.jdbc.SqlScriptsTestExecutionListener, org.springframework.test.context.event.EventPublishingTestExecutionListener]
2020-09-02 17:31:15.809  INFO 170 --- [           main] .b.t.c.SpringBootTestContextBootstrapper : Using TestExecutionListeners: [org.springframework.test.context.web.ServletTestExecutionListener@2a369e14, org.springframework.test.context.support.DirtiesContextBeforeModesTestExecutionListener@25aeb5ac, org.springframework.boot.test.mock.mockito.MockitoTestExecutionListener@c755b2, org.springframework.boot.test.autoconfigure.SpringBootDependencyInjectionTestExecutionListener@3bd2af5b, org.springframework.test.context.support.DirtiesContextTestExecutionListener@250a500b, org.springframework.test.context.event.EventPublishingTestExecutionListener@75d982d3, org.springframework.boot.test.mock.mockito.ResetMocksTestExecutionListener@4f89331f, org.springframework.boot.test.autoconfigure.restdocs.RestDocsTestExecutionListener@618ff5c2, org.springframework.boot.test.autoconfigure.web.client.MockRestServiceServerResetTestExecutionListener@16727bf0, org.springframework.boot.test.autoconfigure.web.servlet.MockMvcPrintOnlyOnFailureTestExecutionListener@2f84acf7, org.springframework.boot.test.autoconfigure.web.servlet.WebDriverTestExecutionListener@291373d3]

  .   ____          _            __ _ _
 /\\ / ___'_ __ _ _(_)_ __  __ _ \ \ \ \
( ( )\___ | '_ | '_| | '_ \/ _` | \ \ \ \
 \\/  ___)| |_)| | | | | || (_| |  ) ) ) )
  '  |____| .__|_| |_|_| |_\__, | / / / /
 =========|_|==============|___/=/_/_/_/
 :: Spring Boot ::        (v2.2.4.RELEASE)

2020-09-02 17:31:15.842  INFO 170 --- [           main] pl.pandait.panda.PandaApplicationTest    : Starting PandaApplicationTest on d4ba8cdc37f4 with PID 170 (started by jenkins in /var/jenkins_home/workspace/panda academy)
2020-09-02 17:31:15.842  INFO 170 --- [           main] pl.pandait.panda.PandaApplicationTest    : No active profile set, falling back to default profiles: default
2020-09-02 17:31:16.277  INFO 170 --- [           main] o.s.s.concurrent.ThreadPoolTaskExecutor  : Initializing ExecutorService 'applicationTaskExecutor'
2020-09-02 17:31:16.312  INFO 170 --- [           main] o.s.b.a.w.s.WelcomePageHandlerMapping    : Adding welcome page: class path resource [static/index.html]
2020-09-02 17:31:16.482  INFO 170 --- [           main] pl.pandait.panda.PandaApplicationTest    : Started PandaApplicationTest in 0.669 seconds (JVM running for 6.145)
Tests run: 1, Failures: 0, Errors: 0, Skipped: 0, Time elapsed: 0.674 sec - in pl.pandait.panda.PandaApplicationTest
2020-09-02 17:31:16.511  INFO 170 --- [extShutdownHook] o.s.s.concurrent.ThreadPoolTaskExecutor  : Shutting down ExecutorService 'applicationTaskExecutor'
2020-09-02 17:31:16.514  INFO 170 --- [extShutdownHook] o.s.s.concurrent.ThreadPoolTaskExecutor  : Shutting down ExecutorService 'applicationTaskExecutor'

Results :

Tests run: 2, Failures: 0, Errors: 0, Skipped: 0

[INFO] 
[8mha:////4EnmpvTza3G0gck8X4CbzWbWCN/oTNLcUM5KKI27xSg0AAAAYB+LCAAAAAAAAP9b85aBtbiIQSmjNKU4P0+vJLE4u1gvPjexLDVPzxdEGvvmZ+X75ZekLlOVfvTjc8FPJgaGiiIGKaiG5Py84vycVD1nCA1SyAABjCCFBQCV27OjYAAAAA==[0m[INFO] --- maven-jar-plugin:3.1.2:jar (default-jar) @ panda ---
[INFO] Building jar: /var/jenkins_home/workspace/panda academy/target/panda-0.0.3-SNAPSHOT.jar
[INFO] 
[8mha:////4EnmpvTza3G0gck8X4CbzWbWCN/oTNLcUM5KKI27xSg0AAAAYB+LCAAAAAAAAP9b85aBtbiIQSmjNKU4P0+vJLE4u1gvPjexLDVPzxdEGvvmZ+X75ZekLlOVfvTjc8FPJgaGiiIGKaiG5Py84vycVD1nCA1SyAABjCCFBQCV27OjYAAAAA==[0m[INFO] --- spring-boot-maven-plugin:2.2.4.RELEASE:repackage (repackage) @ panda ---
[INFO] Replacing main artifact with repackaged archive
[INFO] 
[8mha:////4EnmpvTza3G0gck8X4CbzWbWCN/oTNLcUM5KKI27xSg0AAAAYB+LCAAAAAAAAP9b85aBtbiIQSmjNKU4P0+vJLE4u1gvPjexLDVPzxdEGvvmZ+X75ZekLlOVfvTjc8FPJgaGiiIGKaiG5Py84vycVD1nCA1SyAABjCCFBQCV27OjYAAAAA==[0m[INFO] --- maven-install-plugin:2.5.2:install (default-install) @ panda ---
[INFO] Installing /var/jenkins_home/workspace/panda academy/target/panda-0.0.3-SNAPSHOT.jar to /var/jenkins_home/.m2/repository/pl/pandait/panda/0.0.3-SNAPSHOT/panda-0.0.3-SNAPSHOT.jar
[INFO] Installing /var/jenkins_home/workspace/panda academy/pom.xml to /var/jenkins_home/.m2/repository/pl/pandait/panda/0.0.3-SNAPSHOT/panda-0.0.3-SNAPSHOT.pom
[INFO] ------------------------------------------------------------------------
[INFO] BUILD SUCCESS
[INFO] ------------------------------------------------------------------------
[INFO] Total time:  12.325 s
[INFO] Finished at: 2020-09-02T17:31:18Z
[INFO] ------------------------------------------------------------------------
[panda academy] $ /var/jenkins_home/tools/hudson.tasks.Maven_MavenInstallation/auto_maven/bin/mvn clean test
[INFO] Scanning for projects...
[INFO] 
[INFO] --------------------------< pl.pandait:panda >--------------------------
[INFO] Building panda 0.0.3-SNAPSHOT
[INFO] --------------------------------[ jar ]---------------------------------
[INFO] 
[8mha:////4EnmpvTza3G0gck8X4CbzWbWCN/oTNLcUM5KKI27xSg0AAAAYB+LCAAAAAAAAP9b85aBtbiIQSmjNKU4P0+vJLE4u1gvPjexLDVPzxdEGvvmZ+X75ZekLlOVfvTjc8FPJgaGiiIGKaiG5Py84vycVD1nCA1SyAABjCCFBQCV27OjYAAAAA==[0m[INFO] --- maven-clean-plugin:3.1.0:clean (default-clean) @ panda ---
[INFO] Deleting /var/jenkins_home/workspace/panda academy/target
[INFO] 
[8mha:////4EnmpvTza3G0gck8X4CbzWbWCN/oTNLcUM5KKI27xSg0AAAAYB+LCAAAAAAAAP9b85aBtbiIQSmjNKU4P0+vJLE4u1gvPjexLDVPzxdEGvvmZ+X75ZekLlOVfvTjc8FPJgaGiiIGKaiG5Py84vycVD1nCA1SyAABjCCFBQCV27OjYAAAAA==[0m[INFO] --- maven-resources-plugin:3.1.0:resources (default-resources) @ panda ---
[INFO] Using 'UTF-8' encoding to copy filtered resources.
[INFO] Copying 1 resource
[INFO] Copying 2 resources
[INFO] 
[8mha:////4EnmpvTza3G0gck8X4CbzWbWCN/oTNLcUM5KKI27xSg0AAAAYB+LCAAAAAAAAP9b85aBtbiIQSmjNKU4P0+vJLE4u1gvPjexLDVPzxdEGvvmZ+X75ZekLlOVfvTjc8FPJgaGiiIGKaiG5Py84vycVD1nCA1SyAABjCCFBQCV27OjYAAAAA==[0m[INFO] --- maven-compiler-plugin:3.8.1:compile (default-compile) @ panda ---
[INFO] Changes detected - recompiling the module!
[INFO] Compiling 2 source files to /var/jenkins_home/workspace/panda academy/target/classes
[INFO] 
[8mha:////4EnmpvTza3G0gck8X4CbzWbWCN/oTNLcUM5KKI27xSg0AAAAYB+LCAAAAAAAAP9b85aBtbiIQSmjNKU4P0+vJLE4u1gvPjexLDVPzxdEGvvmZ+X75ZekLlOVfvTjc8FPJgaGiiIGKaiG5Py84vycVD1nCA1SyAABjCCFBQCV27OjYAAAAA==[0m[INFO] --- maven-resources-plugin:3.1.0:testResources (default-testResources) @ panda ---
[INFO] Using 'UTF-8' encoding to copy filtered resources.
[INFO] skip non existing resourceDirectory /var/jenkins_home/workspace/panda academy/src/test/resources
[INFO] 
[8mha:////4EnmpvTza3G0gck8X4CbzWbWCN/oTNLcUM5KKI27xSg0AAAAYB+LCAAAAAAAAP9b85aBtbiIQSmjNKU4P0+vJLE4u1gvPjexLDVPzxdEGvvmZ+X75ZekLlOVfvTjc8FPJgaGiiIGKaiG5Py84vycVD1nCA1SyAABjCCFBQCV27OjYAAAAA==[0m[INFO] --- maven-compiler-plugin:3.8.1:testCompile (default-testCompile) @ panda ---
[INFO] Changes detected - recompiling the module!
[INFO] Compiling 3 source files to /var/jenkins_home/workspace/panda academy/target/test-classes
[INFO] 
[8mha:////4EnmpvTza3G0gck8X4CbzWbWCN/oTNLcUM5KKI27xSg0AAAAYB+LCAAAAAAAAP9b85aBtbiIQSmjNKU4P0+vJLE4u1gvPjexLDVPzxdEGvvmZ+X75ZekLlOVfvTjc8FPJgaGiiIGKaiG5Py84vycVD1nCA1SyAABjCCFBQCV27OjYAAAAA==[0m[INFO] --- maven-surefire-plugin:2.19.1:test (default-test) @ panda ---

-------------------------------------------------------
 T E S T S
-------------------------------------------------------
Running pl.pandait.panda.HelloControllerTest
17:31:23.992 [main] DEBUG org.springframework.test.context.BootstrapUtils - Instantiating CacheAwareContextLoaderDelegate from class [org.springframework.test.context.cache.DefaultCacheAwareContextLoaderDelegate]
17:31:24.006 [main] DEBUG org.springframework.test.context.BootstrapUtils - Instantiating BootstrapContext using constructor [public org.springframework.test.context.support.DefaultBootstrapContext(java.lang.Class,org.springframework.test.context.CacheAwareContextLoaderDelegate)]
17:31:24.051 [main] DEBUG org.springframework.test.context.BootstrapUtils - Instantiating TestContextBootstrapper for test class [pl.pandait.panda.HelloControllerTest] from class [org.springframework.boot.test.context.SpringBootTestContextBootstrapper]
17:31:24.067 [main] INFO org.springframework.boot.test.context.SpringBootTestContextBootstrapper - Neither @ContextConfiguration nor @ContextHierarchy found for test class [pl.pandait.panda.HelloControllerTest], using SpringBootContextLoader
17:31:24.072 [main] DEBUG org.springframework.test.context.support.AbstractContextLoader - Did not detect default resource location for test class [pl.pandait.panda.HelloControllerTest]: class path resource [pl/pandait/panda/HelloControllerTest-context.xml] does not exist
17:31:24.073 [main] DEBUG org.springframework.test.context.support.AbstractContextLoader - Did not detect default resource location for test class [pl.pandait.panda.HelloControllerTest]: class path resource [pl/pandait/panda/HelloControllerTestContext.groovy] does not exist
17:31:24.074 [main] INFO org.springframework.test.context.support.AbstractContextLoader - Could not detect default resource locations for test class [pl.pandait.panda.HelloControllerTest]: no resource found for suffixes {-context.xml, Context.groovy}.
17:31:24.075 [main] INFO org.springframework.test.context.support.AnnotationConfigContextLoaderUtils - Could not detect default configuration classes for test class [pl.pandait.panda.HelloControllerTest]: HelloControllerTest does not declare any static, non-private, non-final, nested classes annotated with @Configuration.
17:31:24.107 [main] DEBUG org.springframework.test.context.support.ActiveProfilesUtils - Could not find an 'annotation declaring class' for annotation type [org.springframework.test.context.ActiveProfiles] and class [pl.pandait.panda.HelloControllerTest]
17:31:24.184 [main] DEBUG org.springframework.context.annotation.ClassPathScanningCandidateComponentProvider - Identified candidate component class: file [/var/jenkins_home/workspace/panda academy/target/classes/pl/pandait/panda/PandaApplication.class]
17:31:24.186 [main] INFO org.springframework.boot.test.context.SpringBootTestContextBootstrapper - Found @SpringBootConfiguration pl.pandait.panda.PandaApplication for test class pl.pandait.panda.HelloControllerTest
17:31:24.315 [main] DEBUG org.springframework.boot.test.context.SpringBootTestContextBootstrapper - @TestExecutionListeners is not present for class [pl.pandait.panda.HelloControllerTest]: using defaults.
17:31:24.316 [main] INFO org.springframework.boot.test.context.SpringBootTestContextBootstrapper - Loaded default TestExecutionListener class names from location [META-INF/spring.factories]: [org.springframework.boot.test.mock.mockito.MockitoTestExecutionListener, org.springframework.boot.test.mock.mockito.ResetMocksTestExecutionListener, org.springframework.boot.test.autoconfigure.restdocs.RestDocsTestExecutionListener, org.springframework.boot.test.autoconfigure.web.client.MockRestServiceServerResetTestExecutionListener, org.springframework.boot.test.autoconfigure.web.servlet.MockMvcPrintOnlyOnFailureTestExecutionListener, org.springframework.boot.test.autoconfigure.web.servlet.WebDriverTestExecutionListener, org.springframework.test.context.web.ServletTestExecutionListener, org.springframework.test.context.support.DirtiesContextBeforeModesTestExecutionListener, org.springframework.test.context.support.DependencyInjectionTestExecutionListener, org.springframework.test.context.support.DirtiesContextTestExecutionListener, org.springframework.test.context.transaction.TransactionalTestExecutionListener, org.springframework.test.context.jdbc.SqlScriptsTestExecutionListener, org.springframework.test.context.event.EventPublishingTestExecutionListener]
17:31:24.331 [main] DEBUG org.springframework.boot.test.context.SpringBootTestContextBootstrapper - Skipping candidate TestExecutionListener [org.springframework.test.context.transaction.TransactionalTestExecutionListener] due to a missing dependency. Specify custom listener classes or make the default listener classes and their required dependencies available. Offending class: [org/springframework/transaction/TransactionDefinition]
17:31:24.332 [main] DEBUG org.springframework.boot.test.context.SpringBootTestContextBootstrapper - Skipping candidate TestExecutionListener [org.springframework.test.context.jdbc.SqlScriptsTestExecutionListener] due to a missing dependency. Specify custom listener classes or make the default listener classes and their required dependencies available. Offending class: [org/springframework/transaction/interceptor/TransactionAttribute]
17:31:24.333 [main] INFO org.springframework.boot.test.context.SpringBootTestContextBootstrapper - Using TestExecutionListeners: [org.springframework.test.context.web.ServletTestExecutionListener@51e69659, org.springframework.test.context.support.DirtiesContextBeforeModesTestExecutionListener@47e2e487, org.springframework.boot.test.mock.mockito.MockitoTestExecutionListener@201a4587, org.springframework.boot.test.autoconfigure.SpringBootDependencyInjectionTestExecutionListener@61001b64, org.springframework.test.context.support.DirtiesContextTestExecutionListener@4310d43, org.springframework.test.context.event.EventPublishingTestExecutionListener@54a7079e, org.springframework.boot.test.mock.mockito.ResetMocksTestExecutionListener@26e356f0, org.springframework.boot.test.autoconfigure.restdocs.RestDocsTestExecutionListener@47d9a273, org.springframework.boot.test.autoconfigure.web.client.MockRestServiceServerResetTestExecutionListener@4b8ee4de, org.springframework.boot.test.autoconfigure.web.servlet.MockMvcPrintOnlyOnFailureTestExecutionListener@27f981c6, org.springframework.boot.test.autoconfigure.web.servlet.WebDriverTestExecutionListener@1b11171f]
17:31:24.342 [main] DEBUG org.springframework.test.context.support.AbstractDirtiesContextTestExecutionListener - Before test class: context [DefaultTestContext@7d4f9aae testClass = HelloControllerTest, testInstance = [null], testMethod = [null], testException = [null], mergedContextConfiguration = [WebMergedContextConfiguration@72e5a8e testClass = HelloControllerTest, locations = '{}', classes = '{class pl.pandait.panda.PandaApplication}', contextInitializerClasses = '[]', activeProfiles = '{}', propertySourceLocations = '{}', propertySourceProperties = '{org.springframework.boot.test.context.SpringBootTestContextBootstrapper=true, server.port=0}', contextCustomizers = set[org.springframework.boot.test.context.filter.ExcludeFilterContextCustomizer@1622f1b, org.springframework.boot.test.json.DuplicateJsonObjectContextCustomizerFactory$DuplicateJsonObjectContextCustomizer@70e8f8e, org.springframework.boot.test.mock.mockito.MockitoContextCustomizer@0, org.springframework.boot.test.web.client.TestRestTemplateContextCustomizer@635eaaf1, org.springframework.boot.test.autoconfigure.properties.PropertyMappingContextCustomizer@0, org.springframework.boot.test.autoconfigure.web.servlet.WebDriverContextCustomizerFactory$Customizer@647e447], resourceBasePath = 'src/main/webapp', contextLoader = 'org.springframework.boot.test.context.SpringBootContextLoader', parent = [null]], attributes = map['org.springframework.test.context.web.ServletTestExecutionListener.activateListener' -> false]], class annotated with @DirtiesContext [false] with mode [null].
17:31:24.362 [main] DEBUG org.springframework.test.context.support.DependencyInjectionTestExecutionListener - Performing dependency injection for test context [[DefaultTestContext@7d4f9aae testClass = HelloControllerTest, testInstance = pl.pandait.panda.HelloControllerTest@1e6a3214, testMethod = [null], testException = [null], mergedContextConfiguration = [WebMergedContextConfiguration@72e5a8e testClass = HelloControllerTest, locations = '{}', classes = '{class pl.pandait.panda.PandaApplication}', contextInitializerClasses = '[]', activeProfiles = '{}', propertySourceLocations = '{}', propertySourceProperties = '{org.springframework.boot.test.context.SpringBootTestContextBootstrapper=true, server.port=0}', contextCustomizers = set[org.springframework.boot.test.context.filter.ExcludeFilterContextCustomizer@1622f1b, org.springframework.boot.test.json.DuplicateJsonObjectContextCustomizerFactory$DuplicateJsonObjectContextCustomizer@70e8f8e, org.springframework.boot.test.mock.mockito.MockitoContextCustomizer@0, org.springframework.boot.test.web.client.TestRestTemplateContextCustomizer@635eaaf1, org.springframework.boot.test.autoconfigure.properties.PropertyMappingContextCustomizer@0, org.springframework.boot.test.autoconfigure.web.servlet.WebDriverContextCustomizerFactory$Customizer@647e447], resourceBasePath = 'src/main/webapp', contextLoader = 'org.springframework.boot.test.context.SpringBootContextLoader', parent = [null]], attributes = map['org.springframework.test.context.web.ServletTestExecutionListener.activateListener' -> false]]].
17:31:24.384 [main] DEBUG org.springframework.test.context.support.TestPropertySourceUtils - Adding inlined properties to environment: {spring.jmx.enabled=false, org.springframework.boot.test.context.SpringBootTestContextBootstrapper=true, server.port=0}

  .   ____          _            __ _ _
 /\\ / ___'_ __ _ _(_)_ __  __ _ \ \ \ \
( ( )\___ | '_ | '_| | '_ \/ _` | \ \ \ \
 \\/  ___)| |_)| | | | | || (_| |  ) ) ) )
  '  |____| .__|_| |_|_| |_\__, | / / / /
 =========|_|==============|___/=/_/_/_/
 :: Spring Boot ::        (v2.2.4.RELEASE)

2020-09-02 17:31:24.729  INFO 250 --- [           main] pl.pandait.panda.HelloControllerTest     : Starting HelloControllerTest on d4ba8cdc37f4 with PID 250 (started by jenkins in /var/jenkins_home/workspace/panda academy)
2020-09-02 17:31:24.731  INFO 250 --- [           main] pl.pandait.panda.HelloControllerTest     : No active profile set, falling back to default profiles: default
2020-09-02 17:31:26.152  INFO 250 --- [           main] o.s.b.w.embedded.tomcat.TomcatWebServer  : Tomcat initialized with port(s): 0 (http)
2020-09-02 17:31:26.163  INFO 250 --- [           main] o.apache.catalina.core.StandardService   : Starting service [Tomcat]
2020-09-02 17:31:26.164  INFO 250 --- [           main] org.apache.catalina.core.StandardEngine  : Starting Servlet engine: [Apache Tomcat/9.0.30]
2020-09-02 17:31:26.252  INFO 250 --- [           main] o.a.c.c.C.[Tomcat].[localhost].[/]       : Initializing Spring embedded WebApplicationContext
2020-09-02 17:31:26.257  INFO 250 --- [           main] o.s.web.context.ContextLoader            : Root WebApplicationContext: initialization completed in 1482 ms
2020-09-02 17:31:26.686  INFO 250 --- [           main] o.s.s.concurrent.ThreadPoolTaskExecutor  : Initializing ExecutorService 'applicationTaskExecutor'
2020-09-02 17:31:26.825  INFO 250 --- [           main] o.s.b.a.w.s.WelcomePageHandlerMapping    : Adding welcome page: class path resource [static/index.html]
2020-09-02 17:31:27.484  INFO 250 --- [           main] o.s.b.w.embedded.tomcat.TomcatWebServer  : Tomcat started on port(s): 44565 (http) with context path ''
2020-09-02 17:31:27.487  INFO 250 --- [           main] pl.pandait.panda.HelloControllerTest     : Started HelloControllerTest in 3.099 seconds (JVM running for 4.435)
2020-09-02 17:31:27.716  INFO 250 --- [           main] o.s.mock.web.MockServletContext          : Initializing Spring TestDispatcherServlet ''
2020-09-02 17:31:27.716  INFO 250 --- [           main] o.s.t.web.servlet.TestDispatcherServlet  : Initializing Servlet ''
2020-09-02 17:31:27.717  INFO 250 --- [           main] o.s.t.web.servlet.TestDispatcherServlet  : Completed initialization in 1 ms
Tests run: 1, Failures: 0, Errors: 0, Skipped: 0, Time elapsed: 3.973 sec - in pl.pandait.panda.HelloControllerTest
Running pl.pandait.panda.PandaApplicationTest
2020-09-02 17:31:27.812  INFO 250 --- [           main] .b.t.c.SpringBootTestContextBootstrapper : Neither @ContextConfiguration nor @ContextHierarchy found for test class [pl.pandait.panda.PandaApplicationTest], using SpringBootContextLoader
2020-09-02 17:31:27.813  INFO 250 --- [           main] o.s.t.c.support.AbstractContextLoader    : Could not detect default resource locations for test class [pl.pandait.panda.PandaApplicationTest]: no resource found for suffixes {-context.xml, Context.groovy}.
2020-09-02 17:31:27.817  INFO 250 --- [           main] t.c.s.AnnotationConfigContextLoaderUtils : Could not detect default configuration classes for test class [pl.pandait.panda.PandaApplicationTest]: PandaApplicationTest does not declare any static, non-private, non-final, nested classes annotated with @Configuration.
2020-09-02 17:31:27.823  INFO 250 --- [           main] .b.t.c.SpringBootTestContextBootstrapper : Found @SpringBootConfiguration pl.pandait.panda.PandaApplication for test class pl.pandait.panda.PandaApplicationTest
2020-09-02 17:31:27.827  INFO 250 --- [           main] .b.t.c.SpringBootTestContextBootstrapper : Loaded default TestExecutionListener class names from location [META-INF/spring.factories]: [org.springframework.boot.test.mock.mockito.MockitoTestExecutionListener, org.springframework.boot.test.mock.mockito.ResetMocksTestExecutionListener, org.springframework.boot.test.autoconfigure.restdocs.RestDocsTestExecutionListener, org.springframework.boot.test.autoconfigure.web.client.MockRestServiceServerResetTestExecutionListener, org.springframework.boot.test.autoconfigure.web.servlet.MockMvcPrintOnlyOnFailureTestExecutionListener, org.springframework.boot.test.autoconfigure.web.servlet.WebDriverTestExecutionListener, org.springframework.test.context.web.ServletTestExecutionListener, org.springframework.test.context.support.DirtiesContextBeforeModesTestExecutionListener, org.springframework.test.context.support.DependencyInjectionTestExecutionListener, org.springframework.test.context.support.DirtiesContextTestExecutionListener, org.springframework.test.context.transaction.TransactionalTestExecutionListener, org.springframework.test.context.jdbc.SqlScriptsTestExecutionListener, org.springframework.test.context.event.EventPublishingTestExecutionListener]
2020-09-02 17:31:27.830  INFO 250 --- [           main] .b.t.c.SpringBootTestContextBootstrapper : Using TestExecutionListeners: [org.springframework.test.context.web.ServletTestExecutionListener@2a369e14, org.springframework.test.context.support.DirtiesContextBeforeModesTestExecutionListener@25aeb5ac, org.springframework.boot.test.mock.mockito.MockitoTestExecutionListener@c755b2, org.springframework.boot.test.autoconfigure.SpringBootDependencyInjectionTestExecutionListener@3bd2af5b, org.springframework.test.context.support.DirtiesContextTestExecutionListener@250a500b, org.springframework.test.context.event.EventPublishingTestExecutionListener@75d982d3, org.springframework.boot.test.mock.mockito.ResetMocksTestExecutionListener@4f89331f, org.springframework.boot.test.autoconfigure.restdocs.RestDocsTestExecutionListener@618ff5c2, org.springframework.boot.test.autoconfigure.web.client.MockRestServiceServerResetTestExecutionListener@16727bf0, org.springframework.boot.test.autoconfigure.web.servlet.MockMvcPrintOnlyOnFailureTestExecutionListener@2f84acf7, org.springframework.boot.test.autoconfigure.web.servlet.WebDriverTestExecutionListener@291373d3]

  .   ____          _            __ _ _
 /\\ / ___'_ __ _ _(_)_ __  __ _ \ \ \ \
( ( )\___ | '_ | '_| | '_ \/ _` | \ \ \ \
 \\/  ___)| |_)| | | | | || (_| |  ) ) ) )
  '  |____| .__|_| |_|_| |_\__, | / / / /
 =========|_|==============|___/=/_/_/_/
 :: Spring Boot ::        (v2.2.4.RELEASE)

2020-09-02 17:31:27.868  INFO 250 --- [           main] pl.pandait.panda.PandaApplicationTest    : Starting PandaApplicationTest on d4ba8cdc37f4 with PID 250 (started by jenkins in /var/jenkins_home/workspace/panda academy)
2020-09-02 17:31:27.868  INFO 250 --- [           main] pl.pandait.panda.PandaApplicationTest    : No active profile set, falling back to default profiles: default
2020-09-02 17:31:28.301  INFO 250 --- [           main] o.s.s.concurrent.ThreadPoolTaskExecutor  : Initializing ExecutorService 'applicationTaskExecutor'
2020-09-02 17:31:28.337  INFO 250 --- [           main] o.s.b.a.w.s.WelcomePageHandlerMapping    : Adding welcome page: class path resource [static/index.html]
2020-09-02 17:31:28.515  INFO 250 --- [           main] pl.pandait.panda.PandaApplicationTest    : Started PandaApplicationTest in 0.679 seconds (JVM running for 5.463)
Tests run: 1, Failures: 0, Errors: 0, Skipped: 0, Time elapsed: 0.703 sec - in pl.pandait.panda.PandaApplicationTest
2020-09-02 17:31:28.539  INFO 250 --- [extShutdownHook] o.s.s.concurrent.ThreadPoolTaskExecutor  : Shutting down ExecutorService 'applicationTaskExecutor'
2020-09-02 17:31:28.562  INFO 250 --- [extShutdownHook] o.s.s.concurrent.ThreadPoolTaskExecutor  : Shutting down ExecutorService 'applicationTaskExecutor'

Results :

Tests run: 2, Failures: 0, Errors: 0, Skipped: 0

[INFO] ------------------------------------------------------------------------
[INFO] BUILD SUCCESS
[INFO] ------------------------------------------------------------------------
[INFO] Total time:  8.960 s
[INFO] Finished at: 2020-09-02T17:31:29Z
[INFO] ------------------------------------------------------------------------
[panda academy] $ /var/jenkins_home/tools/hudson.tasks.Maven_MavenInstallation/auto_maven/bin/mvn test -P selenium
[INFO] Scanning for projects...
[INFO] 
[INFO] --------------------------< pl.pandait:panda >--------------------------
[INFO] Building panda 0.0.3-SNAPSHOT
[INFO] --------------------------------[ jar ]---------------------------------
[INFO] 
[8mha:////4EnmpvTza3G0gck8X4CbzWbWCN/oTNLcUM5KKI27xSg0AAAAYB+LCAAAAAAAAP9b85aBtbiIQSmjNKU4P0+vJLE4u1gvPjexLDVPzxdEGvvmZ+X75ZekLlOVfvTjc8FPJgaGiiIGKaiG5Py84vycVD1nCA1SyAABjCCFBQCV27OjYAAAAA==[0m[INFO] --- maven-resources-plugin:3.1.0:resources (default-resources) @ panda ---
[INFO] Using 'UTF-8' encoding to copy filtered resources.
[INFO] Copying 1 resource
[INFO] Copying 2 resources
[INFO] 
[8mha:////4EnmpvTza3G0gck8X4CbzWbWCN/oTNLcUM5KKI27xSg0AAAAYB+LCAAAAAAAAP9b85aBtbiIQSmjNKU4P0+vJLE4u1gvPjexLDVPzxdEGvvmZ+X75ZekLlOVfvTjc8FPJgaGiiIGKaiG5Py84vycVD1nCA1SyAABjCCFBQCV27OjYAAAAA==[0m[INFO] --- maven-compiler-plugin:3.8.1:compile (default-compile) @ panda ---
[INFO] Nothing to compile - all classes are up to date
[INFO] 
[8mha:////4EnmpvTza3G0gck8X4CbzWbWCN/oTNLcUM5KKI27xSg0AAAAYB+LCAAAAAAAAP9b85aBtbiIQSmjNKU4P0+vJLE4u1gvPjexLDVPzxdEGvvmZ+X75ZekLlOVfvTjc8FPJgaGiiIGKaiG5Py84vycVD1nCA1SyAABjCCFBQCV27OjYAAAAA==[0m[INFO] --- maven-resources-plugin:3.1.0:testResources (default-testResources) @ panda ---
[INFO] Using 'UTF-8' encoding to copy filtered resources.
[INFO] skip non existing resourceDirectory /var/jenkins_home/workspace/panda academy/src/test/resources
[INFO] 
[8mha:////4EnmpvTza3G0gck8X4CbzWbWCN/oTNLcUM5KKI27xSg0AAAAYB+LCAAAAAAAAP9b85aBtbiIQSmjNKU4P0+vJLE4u1gvPjexLDVPzxdEGvvmZ+X75ZekLlOVfvTjc8FPJgaGiiIGKaiG5Py84vycVD1nCA1SyAABjCCFBQCV27OjYAAAAA==[0m[INFO] --- maven-compiler-plugin:3.8.1:testCompile (default-testCompile) @ panda ---
[INFO] Nothing to compile - all classes are up to date
[INFO] 
[8mha:////4EnmpvTza3G0gck8X4CbzWbWCN/oTNLcUM5KKI27xSg0AAAAYB+LCAAAAAAAAP9b85aBtbiIQSmjNKU4P0+vJLE4u1gvPjexLDVPzxdEGvvmZ+X75ZekLlOVfvTjc8FPJgaGiiIGKaiG5Py84vycVD1nCA1SyAABjCCFBQCV27OjYAAAAA==[0m[INFO] --- maven-surefire-plugin:2.19.1:test (default-test) @ panda ---

-------------------------------------------------------
 T E S T S
-------------------------------------------------------
Running pl.pandait.panda.PandaApplicationSeleniumTest
17:31:33.430 [main] DEBUG org.springframework.test.context.BootstrapUtils - Instantiating CacheAwareContextLoaderDelegate from class [org.springframework.test.context.cache.DefaultCacheAwareContextLoaderDelegate]
17:31:33.446 [main] DEBUG org.springframework.test.context.BootstrapUtils - Instantiating BootstrapContext using constructor [public org.springframework.test.context.support.DefaultBootstrapContext(java.lang.Class,org.springframework.test.context.CacheAwareContextLoaderDelegate)]
17:31:33.487 [main] DEBUG org.springframework.test.context.BootstrapUtils - Instantiating TestContextBootstrapper for test class [pl.pandait.panda.PandaApplicationSeleniumTest] from class [org.springframework.boot.test.context.SpringBootTestContextBootstrapper]
17:31:33.516 [main] INFO org.springframework.boot.test.context.SpringBootTestContextBootstrapper - Neither @ContextConfiguration nor @ContextHierarchy found for test class [pl.pandait.panda.PandaApplicationSeleniumTest], using SpringBootContextLoader
17:31:33.525 [main] DEBUG org.springframework.test.context.support.AbstractContextLoader - Did not detect default resource location for test class [pl.pandait.panda.PandaApplicationSeleniumTest]: class path resource [pl/pandait/panda/PandaApplicationSeleniumTest-context.xml] does not exist
17:31:33.530 [main] DEBUG org.springframework.test.context.support.AbstractContextLoader - Did not detect default resource location for test class [pl.pandait.panda.PandaApplicationSeleniumTest]: class path resource [pl/pandait/panda/PandaApplicationSeleniumTestContext.groovy] does not exist
17:31:33.532 [main] INFO org.springframework.test.context.support.AbstractContextLoader - Could not detect default resource locations for test class [pl.pandait.panda.PandaApplicationSeleniumTest]: no resource found for suffixes {-context.xml, Context.groovy}.
17:31:33.589 [main] DEBUG org.springframework.test.context.support.ActiveProfilesUtils - Could not find an 'annotation declaring class' for annotation type [org.springframework.test.context.ActiveProfiles] and class [pl.pandait.panda.PandaApplicationSeleniumTest]
17:31:33.743 [main] DEBUG org.springframework.boot.test.context.SpringBootTestContextBootstrapper - @TestExecutionListeners is not present for class [pl.pandait.panda.PandaApplicationSeleniumTest]: using defaults.
17:31:33.744 [main] INFO org.springframework.boot.test.context.SpringBootTestContextBootstrapper - Loaded default TestExecutionListener class names from location [META-INF/spring.factories]: [org.springframework.boot.test.mock.mockito.MockitoTestExecutionListener, org.springframework.boot.test.mock.mockito.ResetMocksTestExecutionListener, org.springframework.boot.test.autoconfigure.restdocs.RestDocsTestExecutionListener, org.springframework.boot.test.autoconfigure.web.client.MockRestServiceServerResetTestExecutionListener, org.springframework.boot.test.autoconfigure.web.servlet.MockMvcPrintOnlyOnFailureTestExecutionListener, org.springframework.boot.test.autoconfigure.web.servlet.WebDriverTestExecutionListener, org.springframework.test.context.web.ServletTestExecutionListener, org.springframework.test.context.support.DirtiesContextBeforeModesTestExecutionListener, org.springframework.test.context.support.DependencyInjectionTestExecutionListener, org.springframework.test.context.support.DirtiesContextTestExecutionListener, org.springframework.test.context.transaction.TransactionalTestExecutionListener, org.springframework.test.context.jdbc.SqlScriptsTestExecutionListener, org.springframework.test.context.event.EventPublishingTestExecutionListener]
17:31:33.757 [main] DEBUG org.springframework.boot.test.context.SpringBootTestContextBootstrapper - Skipping candidate TestExecutionListener [org.springframework.test.context.transaction.TransactionalTestExecutionListener] due to a missing dependency. Specify custom listener classes or make the default listener classes and their required dependencies available. Offending class: [org/springframework/transaction/TransactionDefinition]
17:31:33.757 [main] DEBUG org.springframework.boot.test.context.SpringBootTestContextBootstrapper - Skipping candidate TestExecutionListener [org.springframework.test.context.jdbc.SqlScriptsTestExecutionListener] due to a missing dependency. Specify custom listener classes or make the default listener classes and their required dependencies available. Offending class: [org/springframework/transaction/interceptor/TransactionAttribute]
17:31:33.758 [main] INFO org.springframework.boot.test.context.SpringBootTestContextBootstrapper - Using TestExecutionListeners: [org.springframework.test.context.web.ServletTestExecutionListener@7a419da4, org.springframework.test.context.support.DirtiesContextBeforeModesTestExecutionListener@14555e0a, org.springframework.boot.test.mock.mockito.MockitoTestExecutionListener@4bb33f74, org.springframework.boot.test.autoconfigure.SpringBootDependencyInjectionTestExecutionListener@759d26fb, org.springframework.test.context.support.DirtiesContextTestExecutionListener@3c73951, org.springframework.test.context.event.EventPublishingTestExecutionListener@3d5c822d, org.springframework.boot.test.mock.mockito.ResetMocksTestExecutionListener@6f46426d, org.springframework.boot.test.autoconfigure.restdocs.RestDocsTestExecutionListener@73700b80, org.springframework.boot.test.autoconfigure.web.client.MockRestServiceServerResetTestExecutionListener@49c7b90e, org.springframework.boot.test.autoconfigure.web.servlet.MockMvcPrintOnlyOnFailureTestExecutionListener@10d307f1, org.springframework.boot.test.autoconfigure.web.servlet.WebDriverTestExecutionListener@4d5b6aac]
17:31:33.761 [main] DEBUG org.springframework.test.context.support.AbstractDirtiesContextTestExecutionListener - Before test class: context [DefaultTestContext@662b4c69 testClass = PandaApplicationSeleniumTest, testInstance = [null], testMethod = [null], testException = [null], mergedContextConfiguration = [WebMergedContextConfiguration@fa49800 testClass = PandaApplicationSeleniumTest, locations = '{}', classes = '{class pl.pandait.panda.PandaApplication, class pl.pandait.panda.PandaApplication}', contextInitializerClasses = '[]', activeProfiles = '{}', propertySourceLocations = '{}', propertySourceProperties = '{org.springframework.boot.test.context.SpringBootTestContextBootstrapper=true}', contextCustomizers = set[org.springframework.boot.test.context.filter.ExcludeFilterContextCustomizer@19bb07ed, org.springframework.boot.test.json.DuplicateJsonObjectContextCustomizerFactory$DuplicateJsonObjectContextCustomizer@2667f029, org.springframework.boot.test.mock.mockito.MockitoContextCustomizer@0, org.springframework.boot.test.web.client.TestRestTemplateContextCustomizer@31368b99, org.springframework.boot.test.autoconfigure.properties.PropertyMappingContextCustomizer@0, org.springframework.boot.test.autoconfigure.web.servlet.WebDriverContextCustomizerFactory$Customizer@243c4f91], resourceBasePath = 'src/main/webapp', contextLoader = 'org.springframework.boot.test.context.SpringBootContextLoader', parent = [null]], attributes = map['org.springframework.test.context.web.ServletTestExecutionListener.activateListener' -> false]], class annotated with @DirtiesContext [false] with mode [null].
17:31:33.779 [main] DEBUG org.springframework.test.context.support.DependencyInjectionTestExecutionListener - Performing dependency injection for test context [[DefaultTestContext@662b4c69 testClass = PandaApplicationSeleniumTest, testInstance = pl.pandait.panda.PandaApplicationSeleniumTest@25fb8912, testMethod = [null], testException = [null], mergedContextConfiguration = [WebMergedContextConfiguration@fa49800 testClass = PandaApplicationSeleniumTest, locations = '{}', classes = '{class pl.pandait.panda.PandaApplication, class pl.pandait.panda.PandaApplication}', contextInitializerClasses = '[]', activeProfiles = '{}', propertySourceLocations = '{}', propertySourceProperties = '{org.springframework.boot.test.context.SpringBootTestContextBootstrapper=true}', contextCustomizers = set[org.springframework.boot.test.context.filter.ExcludeFilterContextCustomizer@19bb07ed, org.springframework.boot.test.json.DuplicateJsonObjectContextCustomizerFactory$DuplicateJsonObjectContextCustomizer@2667f029, org.springframework.boot.test.mock.mockito.MockitoContextCustomizer@0, org.springframework.boot.test.web.client.TestRestTemplateContextCustomizer@31368b99, org.springframework.boot.test.autoconfigure.properties.PropertyMappingContextCustomizer@0, org.springframework.boot.test.autoconfigure.web.servlet.WebDriverContextCustomizerFactory$Customizer@243c4f91], resourceBasePath = 'src/main/webapp', contextLoader = 'org.springframework.boot.test.context.SpringBootContextLoader', parent = [null]], attributes = map['org.springframework.test.context.web.ServletTestExecutionListener.activateListener' -> false]]].
17:31:33.807 [main] DEBUG org.springframework.test.context.support.TestPropertySourceUtils - Adding inlined properties to environment: {spring.jmx.enabled=false, org.springframework.boot.test.context.SpringBootTestContextBootstrapper=true}

  .   ____          _            __ _ _
 /\\ / ___'_ __ _ _(_)_ __  __ _ \ \ \ \
( ( )\___ | '_ | '_| | '_ \/ _` | \ \ \ \
 \\/  ___)| |_)| | | | | || (_| |  ) ) ) )
  '  |____| .__|_| |_|_| |_\__, | / / / /
 =========|_|==============|___/=/_/_/_/
 :: Spring Boot ::        (v2.2.4.RELEASE)

2020-09-02 17:31:34.242  INFO 327 --- [           main] p.p.panda.PandaApplicationSeleniumTest   : Starting PandaApplicationSeleniumTest on d4ba8cdc37f4 with PID 327 (started by jenkins in /var/jenkins_home/workspace/panda academy)
2020-09-02 17:31:34.245  INFO 327 --- [           main] p.p.panda.PandaApplicationSeleniumTest   : No active profile set, falling back to default profiles: default
2020-09-02 17:31:35.759  INFO 327 --- [           main] o.s.b.w.embedded.tomcat.TomcatWebServer  : Tomcat initialized with port(s): 8083 (http)
2020-09-02 17:31:35.775  INFO 327 --- [           main] o.apache.catalina.core.StandardService   : Starting service [Tomcat]
2020-09-02 17:31:35.775  INFO 327 --- [           main] org.apache.catalina.core.StandardEngine  : Starting Servlet engine: [Apache Tomcat/9.0.30]
2020-09-02 17:31:35.865  INFO 327 --- [           main] o.a.c.c.C.[Tomcat].[localhost].[/]       : Initializing Spring embedded WebApplicationContext
2020-09-02 17:31:35.866  INFO 327 --- [           main] o.s.web.context.ContextLoader            : Root WebApplicationContext: initialization completed in 1553 ms
2020-09-02 17:31:36.325  INFO 327 --- [           main] o.s.s.concurrent.ThreadPoolTaskExecutor  : Initializing ExecutorService 'applicationTaskExecutor'
2020-09-02 17:31:36.483  INFO 327 --- [           main] o.s.b.a.w.s.WelcomePageHandlerMapping    : Adding welcome page: class path resource [static/index.html]
2020-09-02 17:31:37.189  INFO 327 --- [           main] o.s.b.w.embedded.tomcat.TomcatWebServer  : Tomcat started on port(s): 8083 (http) with context path ''
2020-09-02 17:31:37.192  INFO 327 --- [           main] p.p.panda.PandaApplicationSeleniumTest   : Started PandaApplicationSeleniumTest in 3.382 seconds (JVM running for 4.634)
2020-09-02 17:31:40.974  INFO 327 --- [ null to remote] o.o.selenium.remote.ProtocolHandshake    : Detected dialect: W3C
Tests run: 1, Failures: 0, Errors: 1, Skipped: 0, Time elapsed: 8.573 sec <<< FAILURE! - in pl.pandait.panda.PandaApplicationSeleniumTest
checkIfApplicationRunCorrectly  Time elapsed: 4.036 sec  <<< ERROR!
org.openqa.selenium.WebDriverException: 
Reached error page: about:neterror?e=connectionFailure&u=http%3A//192.168.44.44%3A8083/&c=UTF-8&d=Firefox%20can%E2%80%99t%20establish%20a%20connection%20to%20the%20server%20at%20192.168.44.44%3A8083.
Build info: version: '3.141.59', revision: 'e82be7d358', time: '2018-11-14T08:17:03'
System info: host: 'd4ba8cdc37f4', ip: '172.18.0.4', os.name: 'Linux', os.arch: 'amd64', os.version: '4.15.0-111-generic', java.version: '1.8.0_242'
Driver info: org.openqa.selenium.remote.RemoteWebDriver
Capabilities {acceptInsecureCerts: true, browserName: firefox, browserVersion: 80.0, javascriptEnabled: true, moz:accessibilityChecks: false, moz:buildID: 20200818235255, moz:geckodriverVersion: 0.27.0, moz:headless: false, moz:processID: 504, moz:profile: /tmp/rust_mozprofileUfnYfG, moz:shutdownTimeout: 60000, moz:useNonSpecCompliantPointerOrigin: false, moz:webdriverClick: true, pageLoadStrategy: normal, platform: LINUX, platformName: LINUX, platformVersion: 4.15.0-111-generic, rotatable: false, setWindowRect: true, strictFileInteractability: false, timeouts: {implicit: 0, pageLoad: 300000, script: 30000}, unhandledPromptBehavior: dismiss and notify, webdriver.remote.sessionid: 5e09b143-bec4-4866-a31b-428...}
Session ID: 5e09b143-bec4-4866-a31b-42843b96ecdc
	at pl.pandait.panda.PandaApplicationSeleniumTest.startup(PandaApplicationSeleniumTest.java:43)

2020-09-02 17:31:41.947  INFO 327 --- [extShutdownHook] o.s.s.concurrent.ThreadPoolTaskExecutor  : Shutting down ExecutorService 'applicationTaskExecutor'

Results :

Tests in error: 
  PandaApplicationSeleniumTest.startup:43 » WebDriver Reached error page: about:...

Tests run: 1, Failures: 0, Errors: 1, Skipped: 0

[INFO] ------------------------------------------------------------------------
[INFO] BUILD FAILURE
[INFO] ------------------------------------------------------------------------
[INFO] Total time:  11.960 s
[INFO] Finished at: 2020-09-02T17:31:42Z
[INFO] ------------------------------------------------------------------------
[8mha:////4LXgfHS1wy/OqJdSoHn+4oaS6AK9utl/4ZZMQHqdp+N3AAAAYB+LCAAAAAAAAP9b85aBtbiIQSmjNKU4P0+vJLE4u1gvPjexLDVPzxdEuhYV5Rf55ZekOlc7RKnPKH7IxMBQUcQgBdWQnJ9XnJ+TqucMoUEKGSCAEaSwAACsNFCqYAAAAA==[0m[ERROR] Failed to execute goal org.apache.maven.plugins:maven-surefire-plugin:2.19.1:test (default-test) on project panda: There are test failures.
[8mha:////4LXgfHS1wy/OqJdSoHn+4oaS6AK9utl/4ZZMQHqdp+N3AAAAYB+LCAAAAAAAAP9b85aBtbiIQSmjNKU4P0+vJLE4u1gvPjexLDVPzxdEuhYV5Rf55ZekOlc7RKnPKH7IxMBQUcQgBdWQnJ9XnJ+TqucMoUEKGSCAEaSwAACsNFCqYAAAAA==[0m[ERROR] 
[8mha:////4LXgfHS1wy/OqJdSoHn+4oaS6AK9utl/4ZZMQHqdp+N3AAAAYB+LCAAAAAAAAP9b85aBtbiIQSmjNKU4P0+vJLE4u1gvPjexLDVPzxdEuhYV5Rf55ZekOlc7RKnPKH7IxMBQUcQgBdWQnJ9XnJ+TqucMoUEKGSCAEaSwAACsNFCqYAAAAA==[0m[ERROR] Please refer to /var/jenkins_home/workspace/panda academy/target/surefire-reports for the individual test results.
[8mha:////4LXgfHS1wy/OqJdSoHn+4oaS6AK9utl/4ZZMQHqdp+N3AAAAYB+LCAAAAAAAAP9b85aBtbiIQSmjNKU4P0+vJLE4u1gvPjexLDVPzxdEuhYV5Rf55ZekOlc7RKnPKH7IxMBQUcQgBdWQnJ9XnJ+TqucMoUEKGSCAEaSwAACsNFCqYAAAAA==[0m[ERROR] -> [Help 1]
[8mha:////4LXgfHS1wy/OqJdSoHn+4oaS6AK9utl/4ZZMQHqdp+N3AAAAYB+LCAAAAAAAAP9b85aBtbiIQSmjNKU4P0+vJLE4u1gvPjexLDVPzxdEuhYV5Rf55ZekOlc7RKnPKH7IxMBQUcQgBdWQnJ9XnJ+TqucMoUEKGSCAEaSwAACsNFCqYAAAAA==[0m[ERROR] 
[8mha:////4LXgfHS1wy/OqJdSoHn+4oaS6AK9utl/4ZZMQHqdp+N3AAAAYB+LCAAAAAAAAP9b85aBtbiIQSmjNKU4P0+vJLE4u1gvPjexLDVPzxdEuhYV5Rf55ZekOlc7RKnPKH7IxMBQUcQgBdWQnJ9XnJ+TqucMoUEKGSCAEaSwAACsNFCqYAAAAA==[0m[ERROR] To see the full stack trace of the errors, re-run Maven with the -e switch.
[8mha:////4LXgfHS1wy/OqJdSoHn+4oaS6AK9utl/4ZZMQHqdp+N3AAAAYB+LCAAAAAAAAP9b85aBtbiIQSmjNKU4P0+vJLE4u1gvPjexLDVPzxdEuhYV5Rf55ZekOlc7RKnPKH7IxMBQUcQgBdWQnJ9XnJ+TqucMoUEKGSCAEaSwAACsNFCqYAAAAA==[0m[ERROR] Re-run Maven using the -X switch to enable full debug logging.
[8mha:////4LXgfHS1wy/OqJdSoHn+4oaS6AK9utl/4ZZMQHqdp+N3AAAAYB+LCAAAAAAAAP9b85aBtbiIQSmjNKU4P0+vJLE4u1gvPjexLDVPzxdEuhYV5Rf55ZekOlc7RKnPKH7IxMBQUcQgBdWQnJ9XnJ+TqucMoUEKGSCAEaSwAACsNFCqYAAAAA==[0m[ERROR] 
[8mha:////4LXgfHS1wy/OqJdSoHn+4oaS6AK9utl/4ZZMQHqdp+N3AAAAYB+LCAAAAAAAAP9b85aBtbiIQSmjNKU4P0+vJLE4u1gvPjexLDVPzxdEuhYV5Rf55ZekOlc7RKnPKH7IxMBQUcQgBdWQnJ9XnJ+TqucMoUEKGSCAEaSwAACsNFCqYAAAAA==[0m[ERROR] For more information about the errors and possible solutions, please read the following articles:
[8mha:////4LXgfHS1wy/OqJdSoHn+4oaS6AK9utl/4ZZMQHqdp+N3AAAAYB+LCAAAAAAAAP9b85aBtbiIQSmjNKU4P0+vJLE4u1gvPjexLDVPzxdEuhYV5Rf55ZekOlc7RKnPKH7IxMBQUcQgBdWQnJ9XnJ+TqucMoUEKGSCAEaSwAACsNFCqYAAAAA==[0m[ERROR] [Help 1] http://cwiki.apache.org/confluence/display/MAVEN/MojoFailureException
Build step 'Invoke top-level Maven targets' marked build as failure
Finished: FAILURE
