Started by user [8mha:////4KAZa2T8wm7stt23rJ1FHk3fd3Aj1c/9xBMUpF//fwRJAAAAlx+LCAAAAAAAAP9b85aBtbiIQTGjNKU4P08vOT+vOD8nVc83PyU1x6OyILUoJzMv2y+/JJUBAhiZGBgqihhk0NSjKDWzXb3RdlLBUSYGJk8GtpzUvPSSDB8G5tKinBIGIZ+sxLJE/ZzEvHT94JKizLx0a6BxUmjGOUNodHsLgAy+EgZu/dLi1CL9gsS8lEQA9JRhvsAAAAA=[0mpanda@panda.pl
Running as SYSTEM
Building remotely on [8mha:////4IOqeAb+FPehN4roiHhnJXXlEFoW8lT2bpBUAzdcOnv/AAAAmx+LCAAAAAAAAP9b85aBtbiIQTGjNKU4P08vOT+vOD8nVc83PyU1x6OyILUoJzMv2y+/JJUBAhiZGBgqihhk0NSjKDWzXb3RdlLBUSYGJk8GtpzUvPSSDB8G5tKinBIGIZ+sxLJE/ZzEvHT94JKizLx0a6BxUmjGOUNodHsLgAzWEgZ+/eT83ILSktQi/eCcxLJUAE32xgfEAAAA[0mSlave (dockerslave) in workspace /home/workspace/panda academy
The recommended git tool is: NONE
using credential github-creds
Cloning the remote Git repository
Cloning repository https://github.com/WitoldSlawko/panda_academy_devops_core_project.git
 > git init /home/workspace/panda academy # timeout=10
Fetching upstream changes from https://github.com/WitoldSlawko/panda_academy_devops_core_project.git
 > git --version # timeout=10
 > git --version # 'git version 2.17.1'
using GIT_ASKPASS to set credentials credentials to personal github
 > git fetch --tags --progress -- https://github.com/WitoldSlawko/panda_academy_devops_core_project.git +refs/heads/*:refs/remotes/origin/* # timeout=10
 > git config remote.origin.url https://github.com/WitoldSlawko/panda_academy_devops_core_project.git # timeout=10
 > git config --add remote.origin.fetch +refs/heads/*:refs/remotes/origin/* # timeout=10
Avoid second fetch
 > git rev-parse feature-panda/selenium-grid^{commit} # timeout=10
 > git rev-parse refs/remotes/origin/feature-panda/selenium-grid^{commit} # timeout=10
Checking out Revision 23173cc616d4a99f4a37c225e9278feb734b49b3 (refs/remotes/origin/feature-panda/selenium-grid)
 > git config core.sparsecheckout # timeout=10
 > git checkout -f 23173cc616d4a99f4a37c225e9278feb734b49b3 # timeout=10
Commit message: " changed ip to ubuntu container name"
 > git rev-list --no-walk 23173cc616d4a99f4a37c225e9278feb734b49b3 # timeout=10
[panda academy] $ /home/tools/hudson.tasks.Maven_MavenInstallation/auto_maven/bin/mvn clean install
[INFO] Scanning for projects...
[INFO] 
[INFO] --------------------------< pl.pandait:panda >--------------------------
[INFO] Building panda 0.0.4-SNAPSHOT
[INFO] --------------------------------[ jar ]---------------------------------
Downloading from central: https://repo.maven.apache.org/maven2/org/springframework/boot/spring-boot-maven-plugin/2.2.4.RELEASE/spring-boot-maven-plugin-2.2.4.RELEASE.pom
Progress (1): 2.7/5.0 kBProgress (1): 5.0 kB                        Downloaded from central: https://repo.maven.apache.org/maven2/org/springframework/boot/spring-boot-maven-plugin/2.2.4.RELEASE/spring-boot-maven-plugin-2.2.4.RELEASE.pom (5.0 kB at 12 kB/s)
Downloading from central: https://repo.maven.apache.org/maven2/org/springframework/boot/spring-boot-tools/2.2.4.RELEASE/spring-boot-tools-2.2.4.RELEASE.pom
Progress (1): 1.8 kB                    Downloaded from central: https://repo.maven.apache.org/maven2/org/springframework/boot/spring-boot-tools/2.2.4.RELEASE/spring-boot-tools-2.2.4.RELEASE.pom (1.8 kB at 25 kB/s)
Downloading from central: https://repo.maven.apache.org/maven2/org/springframework/boot/spring-boot-maven-plugin/2.2.4.RELEASE/spring-boot-maven-plugin-2.2.4.RELEASE.jar
Progress (1): 2.7/69 kBProgress (1): 5.5/69 kBProgress (1): 8.2/69 kBProgress (1): 11/69 kB Progress (1): 14/69 kBProgress (1): 16/69 kBProgress (1): 19/69 kBProgress (1): 22/69 kBProgress (1): 25/69 kBProgress (1): 27/69 kBProgress (1): 30/69 kBProgress (1): 33/69 kBProgress (1): 36/69 kBProgress (1): 38/69 kBProgress (1): 41/69 kBProgress (1): 44/69 kBProgress (1): 47/69 kBProgress (1): 49/69 kBProgress (1): 52/69 kBProgress (1): 55/69 kBProgress (1): 58/69 kBProgress (1): 60/69 kBProgress (1): 63/69 kBProgress (1): 66/69 kBProgress (1): 69/69 kBProgress (1): 69 kB                      Downloaded from central: https://repo.maven.apache.org/maven2/org/springframework/boot/spring-boot-maven-plugin/2.2.4.RELEASE/spring-boot-maven-plugin-2.2.4.RELEASE.jar (69 kB at 485 kB/s)
[INFO] 
[8mha:////4EnmpvTza3G0gck8X4CbzWbWCN/oTNLcUM5KKI27xSg0AAAAYB+LCAAAAAAAAP9b85aBtbiIQSmjNKU4P0+vJLE4u1gvPjexLDVPzxdEGvvmZ+X75ZekLlOVfvTjc8FPJgaGiiIGKaiG5Py84vycVD1nCA1SyAABjCCFBQCV27OjYAAAAA==[0m[INFO] --- maven-clean-plugin:3.1.0:clean (default-clean) @ panda ---
[INFO] 
[8mha:////4EnmpvTza3G0gck8X4CbzWbWCN/oTNLcUM5KKI27xSg0AAAAYB+LCAAAAAAAAP9b85aBtbiIQSmjNKU4P0+vJLE4u1gvPjexLDVPzxdEGvvmZ+X75ZekLlOVfvTjc8FPJgaGiiIGKaiG5Py84vycVD1nCA1SyAABjCCFBQCV27OjYAAAAA==[0m[INFO] --- maven-resources-plugin:3.1.0:resources (default-resources) @ panda ---
[INFO] Using 'UTF-8' encoding to copy filtered resources.
[INFO] Copying 1 resource
[INFO] Copying 2 resources
[INFO] 
[8mha:////4EnmpvTza3G0gck8X4CbzWbWCN/oTNLcUM5KKI27xSg0AAAAYB+LCAAAAAAAAP9b85aBtbiIQSmjNKU4P0+vJLE4u1gvPjexLDVPzxdEGvvmZ+X75ZekLlOVfvTjc8FPJgaGiiIGKaiG5Py84vycVD1nCA1SyAABjCCFBQCV27OjYAAAAA==[0m[INFO] --- maven-compiler-plugin:3.8.1:compile (default-compile) @ panda ---
[INFO] Changes detected - recompiling the module!
[INFO] Compiling 2 source files to /home/workspace/panda academy/target/classes
[INFO] 
[8mha:////4EnmpvTza3G0gck8X4CbzWbWCN/oTNLcUM5KKI27xSg0AAAAYB+LCAAAAAAAAP9b85aBtbiIQSmjNKU4P0+vJLE4u1gvPjexLDVPzxdEGvvmZ+X75ZekLlOVfvTjc8FPJgaGiiIGKaiG5Py84vycVD1nCA1SyAABjCCFBQCV27OjYAAAAA==[0m[INFO] --- maven-compiler-plugin:3.8.1:compile (default) @ panda ---
[INFO] Changes detected - recompiling the module!
[INFO] Compiling 2 source files to /home/workspace/panda academy/target/classes
[INFO] 
[8mha:////4EnmpvTza3G0gck8X4CbzWbWCN/oTNLcUM5KKI27xSg0AAAAYB+LCAAAAAAAAP9b85aBtbiIQSmjNKU4P0+vJLE4u1gvPjexLDVPzxdEGvvmZ+X75ZekLlOVfvTjc8FPJgaGiiIGKaiG5Py84vycVD1nCA1SyAABjCCFBQCV27OjYAAAAA==[0m[INFO] --- maven-resources-plugin:3.1.0:testResources (default-testResources) @ panda ---
[INFO] Using 'UTF-8' encoding to copy filtered resources.
[INFO] skip non existing resourceDirectory /home/workspace/panda academy/src/test/resources
[INFO] 
[8mha:////4EnmpvTza3G0gck8X4CbzWbWCN/oTNLcUM5KKI27xSg0AAAAYB+LCAAAAAAAAP9b85aBtbiIQSmjNKU4P0+vJLE4u1gvPjexLDVPzxdEGvvmZ+X75ZekLlOVfvTjc8FPJgaGiiIGKaiG5Py84vycVD1nCA1SyAABjCCFBQCV27OjYAAAAA==[0m[INFO] --- maven-compiler-plugin:3.8.1:testCompile (default-testCompile) @ panda ---
[INFO] Changes detected - recompiling the module!
[INFO] Compiling 3 source files to /home/workspace/panda academy/target/test-classes
[INFO] 
[8mha:////4EnmpvTza3G0gck8X4CbzWbWCN/oTNLcUM5KKI27xSg0AAAAYB+LCAAAAAAAAP9b85aBtbiIQSmjNKU4P0+vJLE4u1gvPjexLDVPzxdEGvvmZ+X75ZekLlOVfvTjc8FPJgaGiiIGKaiG5Py84vycVD1nCA1SyAABjCCFBQCV27OjYAAAAA==[0m[INFO] --- maven-surefire-plugin:2.22.2:test (default-test) @ panda ---
[INFO] 
[INFO] -------------------------------------------------------
[INFO]  T E S T S
[INFO] -------------------------------------------------------
[INFO] Running pl.pandait.panda.HelloControllerTest
00:34:39.139 [main] DEBUG org.springframework.test.context.BootstrapUtils - Instantiating CacheAwareContextLoaderDelegate from class [org.springframework.test.context.cache.DefaultCacheAwareContextLoaderDelegate]
00:34:39.146 [main] DEBUG org.springframework.test.context.BootstrapUtils - Instantiating BootstrapContext using constructor [public org.springframework.test.context.support.DefaultBootstrapContext(java.lang.Class,org.springframework.test.context.CacheAwareContextLoaderDelegate)]
00:34:39.167 [main] DEBUG org.springframework.test.context.BootstrapUtils - Instantiating TestContextBootstrapper for test class [pl.pandait.panda.HelloControllerTest] from class [org.springframework.boot.test.context.SpringBootTestContextBootstrapper]
00:34:39.177 [main] INFO org.springframework.boot.test.context.SpringBootTestContextBootstrapper - Neither @ContextConfiguration nor @ContextHierarchy found for test class [pl.pandait.panda.HelloControllerTest], using SpringBootContextLoader
00:34:39.182 [main] DEBUG org.springframework.test.context.support.AbstractContextLoader - Did not detect default resource location for test class [pl.pandait.panda.HelloControllerTest]: class path resource [pl/pandait/panda/HelloControllerTest-context.xml] does not exist
00:34:39.184 [main] DEBUG org.springframework.test.context.support.AbstractContextLoader - Did not detect default resource location for test class [pl.pandait.panda.HelloControllerTest]: class path resource [pl/pandait/panda/HelloControllerTestContext.groovy] does not exist
00:34:39.185 [main] INFO org.springframework.test.context.support.AbstractContextLoader - Could not detect default resource locations for test class [pl.pandait.panda.HelloControllerTest]: no resource found for suffixes {-context.xml, Context.groovy}.
00:34:39.188 [main] INFO org.springframework.test.context.support.AnnotationConfigContextLoaderUtils - Could not detect default configuration classes for test class [pl.pandait.panda.HelloControllerTest]: HelloControllerTest does not declare any static, non-private, non-final, nested classes annotated with @Configuration.
00:34:39.212 [main] DEBUG org.springframework.test.context.support.ActiveProfilesUtils - Could not find an 'annotation declaring class' for annotation type [org.springframework.test.context.ActiveProfiles] and class [pl.pandait.panda.HelloControllerTest]
00:34:39.258 [main] DEBUG org.springframework.context.annotation.ClassPathScanningCandidateComponentProvider - Identified candidate component class: file [/home/workspace/panda academy/target/classes/pl/pandait/panda/PandaApplication.class]
00:34:39.259 [main] INFO org.springframework.boot.test.context.SpringBootTestContextBootstrapper - Found @SpringBootConfiguration pl.pandait.panda.PandaApplication for test class pl.pandait.panda.HelloControllerTest
00:34:39.305 [main] DEBUG org.springframework.boot.test.context.SpringBootTestContextBootstrapper - @TestExecutionListeners is not present for class [pl.pandait.panda.HelloControllerTest]: using defaults.
00:34:39.306 [main] INFO org.springframework.boot.test.context.SpringBootTestContextBootstrapper - Loaded default TestExecutionListener class names from location [META-INF/spring.factories]: [org.springframework.boot.test.mock.mockito.MockitoTestExecutionListener, org.springframework.boot.test.mock.mockito.ResetMocksTestExecutionListener, org.springframework.boot.test.autoconfigure.restdocs.RestDocsTestExecutionListener, org.springframework.boot.test.autoconfigure.web.client.MockRestServiceServerResetTestExecutionListener, org.springframework.boot.test.autoconfigure.web.servlet.MockMvcPrintOnlyOnFailureTestExecutionListener, org.springframework.boot.test.autoconfigure.web.servlet.WebDriverTestExecutionListener, org.springframework.test.context.web.ServletTestExecutionListener, org.springframework.test.context.support.DirtiesContextBeforeModesTestExecutionListener, org.springframework.test.context.support.DependencyInjectionTestExecutionListener, org.springframework.test.context.support.DirtiesContextTestExecutionListener, org.springframework.test.context.transaction.TransactionalTestExecutionListener, org.springframework.test.context.jdbc.SqlScriptsTestExecutionListener, org.springframework.test.context.event.EventPublishingTestExecutionListener]
00:34:39.313 [main] DEBUG org.springframework.boot.test.context.SpringBootTestContextBootstrapper - Skipping candidate TestExecutionListener [org.springframework.test.context.transaction.TransactionalTestExecutionListener] due to a missing dependency. Specify custom listener classes or make the default listener classes and their required dependencies available. Offending class: [org/springframework/transaction/interceptor/TransactionAttributeSource]
00:34:39.314 [main] DEBUG org.springframework.boot.test.context.SpringBootTestContextBootstrapper - Skipping candidate TestExecutionListener [org.springframework.test.context.jdbc.SqlScriptsTestExecutionListener] due to a missing dependency. Specify custom listener classes or make the default listener classes and their required dependencies available. Offending class: [org/springframework/transaction/interceptor/TransactionAttribute]
00:34:39.314 [main] INFO org.springframework.boot.test.context.SpringBootTestContextBootstrapper - Using TestExecutionListeners: [org.springframework.test.context.web.ServletTestExecutionListener@4f704591, org.springframework.test.context.support.DirtiesContextBeforeModesTestExecutionListener@4b5189ac, org.springframework.boot.test.mock.mockito.MockitoTestExecutionListener@1e4d3ce5, org.springframework.boot.test.autoconfigure.SpringBootDependencyInjectionTestExecutionListener@3ddc6915, org.springframework.test.context.support.DirtiesContextTestExecutionListener@704deff2, org.springframework.test.context.event.EventPublishingTestExecutionListener@379614be, org.springframework.boot.test.mock.mockito.ResetMocksTestExecutionListener@404bbcbd, org.springframework.boot.test.autoconfigure.restdocs.RestDocsTestExecutionListener@1e81f160, org.springframework.boot.test.autoconfigure.web.client.MockRestServiceServerResetTestExecutionListener@1acaf3d, org.springframework.boot.test.autoconfigure.web.servlet.MockMvcPrintOnlyOnFailureTestExecutionListener@6986852, org.springframework.boot.test.autoconfigure.web.servlet.WebDriverTestExecutionListener@1bab8268]
00:34:39.317 [main] DEBUG org.springframework.test.context.support.AbstractDirtiesContextTestExecutionListener - Before test class: context [DefaultTestContext@58594a11 testClass = HelloControllerTest, testInstance = [null], testMethod = [null], testException = [null], mergedContextConfiguration = [WebMergedContextConfiguration@2a3888c1 testClass = HelloControllerTest, locations = '{}', classes = '{class pl.pandait.panda.PandaApplication}', contextInitializerClasses = '[]', activeProfiles = '{}', propertySourceLocations = '{}', propertySourceProperties = '{org.springframework.boot.test.context.SpringBootTestContextBootstrapper=true, server.port=0}', contextCustomizers = set[org.springframework.boot.test.context.filter.ExcludeFilterContextCustomizer@45ca843, org.springframework.boot.test.json.DuplicateJsonObjectContextCustomizerFactory$DuplicateJsonObjectContextCustomizer@36b4fe2a, org.springframework.boot.test.mock.mockito.MockitoContextCustomizer@0, org.springframework.boot.test.web.client.TestRestTemplateContextCustomizer@4f67eb2a, org.springframework.boot.test.autoconfigure.properties.PropertyMappingContextCustomizer@0, org.springframework.boot.test.autoconfigure.web.servlet.WebDriverContextCustomizerFactory$Customizer@3972a855], resourceBasePath = 'src/main/webapp', contextLoader = 'org.springframework.boot.test.context.SpringBootContextLoader', parent = [null]], attributes = map['org.springframework.test.context.web.ServletTestExecutionListener.activateListener' -> false]], class annotated with @DirtiesContext [false] with mode [null].
00:34:39.327 [main] DEBUG org.springframework.test.context.support.DependencyInjectionTestExecutionListener - Performing dependency injection for test context [[DefaultTestContext@58594a11 testClass = HelloControllerTest, testInstance = pl.pandait.panda.HelloControllerTest@198d6542, testMethod = [null], testException = [null], mergedContextConfiguration = [WebMergedContextConfiguration@2a3888c1 testClass = HelloControllerTest, locations = '{}', classes = '{class pl.pandait.panda.PandaApplication}', contextInitializerClasses = '[]', activeProfiles = '{}', propertySourceLocations = '{}', propertySourceProperties = '{org.springframework.boot.test.context.SpringBootTestContextBootstrapper=true, server.port=0}', contextCustomizers = set[org.springframework.boot.test.context.filter.ExcludeFilterContextCustomizer@45ca843, org.springframework.boot.test.json.DuplicateJsonObjectContextCustomizerFactory$DuplicateJsonObjectContextCustomizer@36b4fe2a, org.springframework.boot.test.mock.mockito.MockitoContextCustomizer@0, org.springframework.boot.test.web.client.TestRestTemplateContextCustomizer@4f67eb2a, org.springframework.boot.test.autoconfigure.properties.PropertyMappingContextCustomizer@0, org.springframework.boot.test.autoconfigure.web.servlet.WebDriverContextCustomizerFactory$Customizer@3972a855], resourceBasePath = 'src/main/webapp', contextLoader = 'org.springframework.boot.test.context.SpringBootContextLoader', parent = [null]], attributes = map['org.springframework.test.context.web.ServletTestExecutionListener.activateListener' -> false]]].
00:34:39.338 [main] DEBUG org.springframework.test.context.support.TestPropertySourceUtils - Adding inlined properties to environment: {spring.jmx.enabled=false, org.springframework.boot.test.context.SpringBootTestContextBootstrapper=true, server.port=0}

  .   ____          _            __ _ _
 /\\ / ___'_ __ _ _(_)_ __  __ _ \ \ \ \
( ( )\___ | '_ | '_| | '_ \/ _` | \ \ \ \
 \\/  ___)| |_)| | | | | || (_| |  ) ) ) )
  '  |____| .__|_| |_|_| |_\__, | / / / /
 =========|_|==============|___/=/_/_/_/
 :: Spring Boot ::        (v2.2.4.RELEASE)

2020-09-14 00:34:39.557  INFO 8682 --- [           main] pl.pandait.panda.HelloControllerTest     : Starting HelloControllerTest on vagrant with PID 8682 (started by root in /home/workspace/panda academy)
2020-09-14 00:34:39.559  INFO 8682 --- [           main] pl.pandait.panda.HelloControllerTest     : No active profile set, falling back to default profiles: default
2020-09-14 00:34:40.288  INFO 8682 --- [           main] o.s.b.w.embedded.tomcat.TomcatWebServer  : Tomcat initialized with port(s): 0 (http)
2020-09-14 00:34:40.297  INFO 8682 --- [           main] o.apache.catalina.core.StandardService   : Starting service [Tomcat]
2020-09-14 00:34:40.298  INFO 8682 --- [           main] org.apache.catalina.core.StandardEngine  : Starting Servlet engine: [Apache Tomcat/9.0.30]
2020-09-14 00:34:40.436  INFO 8682 --- [           main] o.a.c.c.C.[Tomcat].[localhost].[/]       : Initializing Spring embedded WebApplicationContext
2020-09-14 00:34:40.437  INFO 8682 --- [           main] o.s.web.context.ContextLoader            : Root WebApplicationContext: initialization completed in 867 ms
2020-09-14 00:34:40.620  INFO 8682 --- [           main] o.s.s.concurrent.ThreadPoolTaskExecutor  : Initializing ExecutorService 'applicationTaskExecutor'
2020-09-14 00:34:40.684  INFO 8682 --- [           main] o.s.b.a.w.s.WelcomePageHandlerMapping    : Adding welcome page: class path resource [static/index.html]
2020-09-14 00:34:40.990  INFO 8682 --- [           main] o.s.b.w.embedded.tomcat.TomcatWebServer  : Tomcat started on port(s): 37703 (http) with context path ''
2020-09-14 00:34:40.995  INFO 8682 --- [           main] pl.pandait.panda.HelloControllerTest     : Started HelloControllerTest in 1.653 seconds (JVM running for 3.377)
2020-09-14 00:34:41.177  INFO 8682 --- [           main] o.s.mock.web.MockServletContext          : Initializing Spring TestDispatcherServlet ''
2020-09-14 00:34:41.178  INFO 8682 --- [           main] o.s.t.web.servlet.TestDispatcherServlet  : Initializing Servlet ''
2020-09-14 00:34:41.179  INFO 8682 --- [           main] o.s.t.web.servlet.TestDispatcherServlet  : Completed initialization in 1 ms
[INFO] Tests run: 1, Failures: 0, Errors: 0, Skipped: 0, Time elapsed: 2.14 s - in pl.pandait.panda.HelloControllerTest
[INFO] Running pl.pandait.panda.PandaApplicationTest
2020-09-14 00:34:41.226  INFO 8682 --- [           main] .b.t.c.SpringBootTestContextBootstrapper : Neither @ContextConfiguration nor @ContextHierarchy found for test class [pl.pandait.panda.PandaApplicationTest], using SpringBootContextLoader
2020-09-14 00:34:41.227  INFO 8682 --- [           main] o.s.t.c.support.AbstractContextLoader    : Could not detect default resource locations for test class [pl.pandait.panda.PandaApplicationTest]: no resource found for suffixes {-context.xml, Context.groovy}.
2020-09-14 00:34:41.227  INFO 8682 --- [           main] t.c.s.AnnotationConfigContextLoaderUtils : Could not detect default configuration classes for test class [pl.pandait.panda.PandaApplicationTest]: PandaApplicationTest does not declare any static, non-private, non-final, nested classes annotated with @Configuration.
2020-09-14 00:34:41.227  INFO 8682 --- [           main] .b.t.c.SpringBootTestContextBootstrapper : Found @SpringBootConfiguration pl.pandait.panda.PandaApplication for test class pl.pandait.panda.PandaApplicationTest
2020-09-14 00:34:41.228  INFO 8682 --- [           main] .b.t.c.SpringBootTestContextBootstrapper : Loaded default TestExecutionListener class names from location [META-INF/spring.factories]: [org.springframework.boot.test.mock.mockito.MockitoTestExecutionListener, org.springframework.boot.test.mock.mockito.ResetMocksTestExecutionListener, org.springframework.boot.test.autoconfigure.restdocs.RestDocsTestExecutionListener, org.springframework.boot.test.autoconfigure.web.client.MockRestServiceServerResetTestExecutionListener, org.springframework.boot.test.autoconfigure.web.servlet.MockMvcPrintOnlyOnFailureTestExecutionListener, org.springframework.boot.test.autoconfigure.web.servlet.WebDriverTestExecutionListener, org.springframework.test.context.web.ServletTestExecutionListener, org.springframework.test.context.support.DirtiesContextBeforeModesTestExecutionListener, org.springframework.test.context.support.DependencyInjectionTestExecutionListener, org.springframework.test.context.support.DirtiesContextTestExecutionListener, org.springframework.test.context.transaction.TransactionalTestExecutionListener, org.springframework.test.context.jdbc.SqlScriptsTestExecutionListener, org.springframework.test.context.event.EventPublishingTestExecutionListener]
2020-09-14 00:34:41.229  INFO 8682 --- [           main] .b.t.c.SpringBootTestContextBootstrapper : Using TestExecutionListeners: [org.springframework.test.context.web.ServletTestExecutionListener@5c59a0f7, org.springframework.test.context.support.DirtiesContextBeforeModesTestExecutionListener@101330ad, org.springframework.boot.test.mock.mockito.MockitoTestExecutionListener@625487a6, org.springframework.boot.test.autoconfigure.SpringBootDependencyInjectionTestExecutionListener@682e445e, org.springframework.test.context.support.DirtiesContextTestExecutionListener@79e10fb4, org.springframework.test.context.event.EventPublishingTestExecutionListener@70fede7d, org.springframework.boot.test.mock.mockito.ResetMocksTestExecutionListener@36510e73, org.springframework.boot.test.autoconfigure.restdocs.RestDocsTestExecutionListener@2c47a053, org.springframework.boot.test.autoconfigure.web.client.MockRestServiceServerResetTestExecutionListener@5d2a86c0, org.springframework.boot.test.autoconfigure.web.servlet.MockMvcPrintOnlyOnFailureTestExecutionListener@5ba1b62e, org.springframework.boot.test.autoconfigure.web.servlet.WebDriverTestExecutionListener@65bd19bf]

  .   ____          _            __ _ _
 /\\ / ___'_ __ _ _(_)_ __  __ _ \ \ \ \
( ( )\___ | '_ | '_| | '_ \/ _` | \ \ \ \
 \\/  ___)| |_)| | | | | || (_| |  ) ) ) )
  '  |____| .__|_| |_|_| |_\__, | / / / /
 =========|_|==============|___/=/_/_/_/
 :: Spring Boot ::        (v2.2.4.RELEASE)

2020-09-14 00:34:41.265  INFO 8682 --- [           main] pl.pandait.panda.PandaApplicationTest    : Starting PandaApplicationTest on vagrant with PID 8682 (started by root in /home/workspace/panda academy)
2020-09-14 00:34:41.265  INFO 8682 --- [           main] pl.pandait.panda.PandaApplicationTest    : No active profile set, falling back to default profiles: default
2020-09-14 00:34:41.524  INFO 8682 --- [           main] o.s.s.concurrent.ThreadPoolTaskExecutor  : Initializing ExecutorService 'applicationTaskExecutor'
2020-09-14 00:34:41.551  INFO 8682 --- [           main] o.s.b.a.w.s.WelcomePageHandlerMapping    : Adding welcome page: class path resource [static/index.html]
2020-09-14 00:34:41.629  INFO 8682 --- [           main] pl.pandait.panda.PandaApplicationTest    : Started PandaApplicationTest in 0.395 seconds (JVM running for 4.011)
[INFO] Tests run: 1, Failures: 0, Errors: 0, Skipped: 0, Time elapsed: 0.359 s - in pl.pandait.panda.PandaApplicationTest
2020-09-14 00:34:41.651  INFO 8682 --- [extShutdownHook] o.s.s.concurrent.ThreadPoolTaskExecutor  : Shutting down ExecutorService 'applicationTaskExecutor'
2020-09-14 00:34:41.659  INFO 8682 --- [extShutdownHook] o.s.s.concurrent.ThreadPoolTaskExecutor  : Shutting down ExecutorService 'applicationTaskExecutor'
[INFO] 
[INFO] Results:
[INFO] 
[INFO] Tests run: 2, Failures: 0, Errors: 0, Skipped: 0
[INFO] 
[INFO] 
[8mha:////4EnmpvTza3G0gck8X4CbzWbWCN/oTNLcUM5KKI27xSg0AAAAYB+LCAAAAAAAAP9b85aBtbiIQSmjNKU4P0+vJLE4u1gvPjexLDVPzxdEGvvmZ+X75ZekLlOVfvTjc8FPJgaGiiIGKaiG5Py84vycVD1nCA1SyAABjCCFBQCV27OjYAAAAA==[0m[INFO] --- maven-surefire-plugin:2.22.2:test (default) @ panda ---
[INFO] Skipping execution of surefire because it has already been run for this configuration
[INFO] 
[8mha:////4EnmpvTza3G0gck8X4CbzWbWCN/oTNLcUM5KKI27xSg0AAAAYB+LCAAAAAAAAP9b85aBtbiIQSmjNKU4P0+vJLE4u1gvPjexLDVPzxdEGvvmZ+X75ZekLlOVfvTjc8FPJgaGiiIGKaiG5Py84vycVD1nCA1SyAABjCCFBQCV27OjYAAAAA==[0m[INFO] --- maven-jar-plugin:3.1.2:jar (default-jar) @ panda ---
[INFO] Building jar: /home/workspace/panda academy/target/panda-0.0.4-SNAPSHOT.jar
[INFO] 
[8mha:////4EnmpvTza3G0gck8X4CbzWbWCN/oTNLcUM5KKI27xSg0AAAAYB+LCAAAAAAAAP9b85aBtbiIQSmjNKU4P0+vJLE4u1gvPjexLDVPzxdEGvvmZ+X75ZekLlOVfvTjc8FPJgaGiiIGKaiG5Py84vycVD1nCA1SyAABjCCFBQCV27OjYAAAAA==[0m[INFO] --- spring-boot-maven-plugin:2.2.4.RELEASE:repackage (repackage) @ panda ---
Downloading from central: https://repo.maven.apache.org/maven2/org/springframework/boot/spring-boot-loader-tools/2.2.4.RELEASE/spring-boot-loader-tools-2.2.4.RELEASE.pom
Progress (1): 2.5 kB                    Downloaded from central: https://repo.maven.apache.org/maven2/org/springframework/boot/spring-boot-loader-tools/2.2.4.RELEASE/spring-boot-loader-tools-2.2.4.RELEASE.pom (2.5 kB at 30 kB/s)
Downloading from central: https://repo.maven.apache.org/maven2/org/apache/commons/commons-compress/1.19/commons-compress-1.19.pom
Progress (1): 2.7/18 kBProgress (1): 5.5/18 kBProgress (1): 8.2/18 kBProgress (1): 11/18 kB Progress (1): 14/18 kBProgress (1): 16/18 kBProgress (1): 18 kB                      Downloaded from central: https://repo.maven.apache.org/maven2/org/apache/commons/commons-compress/1.19/commons-compress-1.19.pom (18 kB at 237 kB/s)
Downloading from central: https://repo.maven.apache.org/maven2/org/apache/commons/commons-parent/48/commons-parent-48.pom
Progress (1): 2.7/72 kBProgress (1): 5.5/72 kBProgress (1): 8.2/72 kBProgress (1): 11/72 kB Progress (1): 14/72 kBProgress (1): 16/72 kBProgress (1): 19/72 kBProgress (1): 22/72 kBProgress (1): 25/72 kBProgress (1): 27/72 kBProgress (1): 30/72 kBProgress (1): 33/72 kBProgress (1): 36/72 kBProgress (1): 38/72 kBProgress (1): 41/72 kBProgress (1): 44/72 kBProgress (1): 47/72 kBProgress (1): 49/72 kBProgress (1): 52/72 kBProgress (1): 55/72 kBProgress (1): 58/72 kBProgress (1): 60/72 kBProgress (1): 63/72 kBProgress (1): 66/72 kBProgress (1): 69/72 kBProgress (1): 71/72 kBProgress (1): 72 kB                      Downloaded from central: https://repo.maven.apache.org/maven2/org/apache/commons/commons-parent/48/commons-parent-48.pom (72 kB at 693 kB/s)
Downloading from central: https://repo.maven.apache.org/maven2/org/codehaus/plexus/plexus-component-annotations/1.5.5/plexus-component-annotations-1.5.5.pom
Progress (1): 815 B                   Downloaded from central: https://repo.maven.apache.org/maven2/org/codehaus/plexus/plexus-component-annotations/1.5.5/plexus-component-annotations-1.5.5.pom (815 B at 11 kB/s)
Downloading from central: https://repo.maven.apache.org/maven2/org/codehaus/plexus/plexus-containers/1.5.5/plexus-containers-1.5.5.pom
Progress (1): 2.7/4.2 kBProgress (1): 4.2 kB                        Downloaded from central: https://repo.maven.apache.org/maven2/org/codehaus/plexus/plexus-containers/1.5.5/plexus-containers-1.5.5.pom (4.2 kB at 59 kB/s)
Downloading from central: https://repo.maven.apache.org/maven2/org/codehaus/plexus/plexus-component-annotations/1.5.4/plexus-component-annotations-1.5.4.pom
Progress (1): 815 B                   Downloaded from central: https://repo.maven.apache.org/maven2/org/codehaus/plexus/plexus-component-annotations/1.5.4/plexus-component-annotations-1.5.4.pom (815 B at 10 kB/s)
Downloading from central: https://repo.maven.apache.org/maven2/org/codehaus/plexus/plexus-containers/1.5.4/plexus-containers-1.5.4.pom
Progress (1): 2.7/4.2 kBProgress (1): 4.2 kB                        Downloaded from central: https://repo.maven.apache.org/maven2/org/codehaus/plexus/plexus-containers/1.5.4/plexus-containers-1.5.4.pom (4.2 kB at 51 kB/s)
Downloading from central: https://repo.maven.apache.org/maven2/org/codehaus/plexus/plexus/2.0.5/plexus-2.0.5.pom
Progress (1): 2.7/17 kBProgress (1): 5.5/17 kBProgress (1): 8.2/17 kBProgress (1): 11/17 kB Progress (1): 14/17 kBProgress (1): 16/17 kBProgress (1): 17 kB                      Downloaded from central: https://repo.maven.apache.org/maven2/org/codehaus/plexus/plexus/2.0.5/plexus-2.0.5.pom (17 kB at 199 kB/s)
Downloading from central: https://repo.maven.apache.org/maven2/org/apache/maven/maven-artifact/3.3.9/maven-artifact-3.3.9.pom
Progress (1): 2.1 kB                    Downloaded from central: https://repo.maven.apache.org/maven2/org/apache/maven/maven-artifact/3.3.9/maven-artifact-3.3.9.pom (2.1 kB at 29 kB/s)
Downloading from central: https://repo.maven.apache.org/maven2/org/apache/maven/maven/3.3.9/maven-3.3.9.pom
Progress (1): 4.1/24 kBProgress (1): 8.2/24 kBProgress (1): 12/24 kB Progress (1): 16/24 kBProgress (1): 20/24 kBProgress (1): 24 kB                      Downloaded from central: https://repo.maven.apache.org/maven2/org/apache/maven/maven/3.3.9/maven-3.3.9.pom (24 kB at 252 kB/s)
Downloading from central: https://repo.maven.apache.org/maven2/org/apache/commons/commons-lang3/3.9/commons-lang3-3.9.pom
Progress (1): 4.1/28 kBProgress (1): 8.2/28 kBProgress (1): 12/28 kB Progress (1): 16/28 kBProgress (1): 20/28 kBProgress (1): 25/28 kBProgress (1): 28 kB                      Downloaded from central: https://repo.maven.apache.org/maven2/org/apache/commons/commons-lang3/3.9/commons-lang3-3.9.pom (28 kB at 346 kB/s)
Downloading from central: https://repo.maven.apache.org/maven2/org/apache/maven/maven-core/3.3.9/maven-core-3.3.9.pom
Progress (1): 4.1/8.3 kBProgress (1): 8.2/8.3 kBProgress (1): 8.3 kB                        Downloaded from central: https://repo.maven.apache.org/maven2/org/apache/maven/maven-core/3.3.9/maven-core-3.3.9.pom (8.3 kB at 117 kB/s)
Downloading from central: https://repo.maven.apache.org/maven2/org/apache/maven/maven-model/3.3.9/maven-model-3.3.9.pom
Progress (1): 4.0 kB                    Downloaded from central: https://repo.maven.apache.org/maven2/org/apache/maven/maven-model/3.3.9/maven-model-3.3.9.pom (4.0 kB at 59 kB/s)
Downloading from central: https://repo.maven.apache.org/maven2/org/apache/maven/maven-settings/3.3.9/maven-settings-3.3.9.pom
Progress (1): 1.8 kB                    Downloaded from central: https://repo.maven.apache.org/maven2/org/apache/maven/maven-settings/3.3.9/maven-settings-3.3.9.pom (1.8 kB at 26 kB/s)
Downloading from central: https://repo.maven.apache.org/maven2/org/apache/maven/maven-settings-builder/3.3.9/maven-settings-builder-3.3.9.pom
Progress (1): 2.6 kB                    Downloaded from central: https://repo.maven.apache.org/maven2/org/apache/maven/maven-settings-builder/3.3.9/maven-settings-builder-3.3.9.pom (2.6 kB at 35 kB/s)
Downloading from central: https://repo.maven.apache.org/maven2/org/apache/maven/maven-builder-support/3.3.9/maven-builder-support-3.3.9.pom
Progress (1): 1.7 kB                    Downloaded from central: https://repo.maven.apache.org/maven2/org/apache/maven/maven-builder-support/3.3.9/maven-builder-support-3.3.9.pom (1.7 kB at 22 kB/s)
Downloading from central: https://repo.maven.apache.org/maven2/org/codehaus/plexus/plexus-interpolation/1.21/plexus-interpolation-1.21.pom
Progress (1): 1.5 kB                    Downloaded from central: https://repo.maven.apache.org/maven2/org/codehaus/plexus/plexus-interpolation/1.21/plexus-interpolation-1.21.pom (1.5 kB at 20 kB/s)
Downloading from central: https://repo.maven.apache.org/maven2/org/codehaus/plexus/plexus-component-annotations/1.6/plexus-component-annotations-1.6.pom
Progress (1): 748 B                   Downloaded from central: https://repo.maven.apache.org/maven2/org/codehaus/plexus/plexus-component-annotations/1.6/plexus-component-annotations-1.6.pom (748 B at 8.9 kB/s)
Downloading from central: https://repo.maven.apache.org/maven2/org/codehaus/plexus/plexus-containers/1.6/plexus-containers-1.6.pom
Progress (1): 3.8 kB                    Downloaded from central: https://repo.maven.apache.org/maven2/org/codehaus/plexus/plexus-containers/1.6/plexus-containers-1.6.pom (3.8 kB at 50 kB/s)
Downloading from central: https://repo.maven.apache.org/maven2/org/codehaus/plexus/plexus/3.3.2/plexus-3.3.2.pom
Progress (1): 4.1/22 kBProgress (1): 8.2/22 kBProgress (1): 12/22 kB Progress (1): 16/22 kBProgress (1): 20/22 kBProgress (1): 22 kB                      Downloaded from central: https://repo.maven.apache.org/maven2/org/codehaus/plexus/plexus/3.3.2/plexus-3.3.2.pom (22 kB at 247 kB/s)
Downloading from central: https://repo.maven.apache.org/maven2/org/apache/maven/maven-repository-metadata/3.3.9/maven-repository-metadata-3.3.9.pom
Progress (1): 1.9 kB                    Downloaded from central: https://repo.maven.apache.org/maven2/org/apache/maven/maven-repository-metadata/3.3.9/maven-repository-metadata-3.3.9.pom (1.9 kB at 28 kB/s)
Downloading from central: https://repo.maven.apache.org/maven2/org/apache/maven/maven-plugin-api/3.3.9/maven-plugin-api-3.3.9.pom
Progress (1): 2.7 kB                    Downloaded from central: https://repo.maven.apache.org/maven2/org/apache/maven/maven-plugin-api/3.3.9/maven-plugin-api-3.3.9.pom (2.7 kB at 40 kB/s)
Downloading from central: https://repo.maven.apache.org/maven2/org/eclipse/sisu/org.eclipse.sisu.plexus/0.3.2/org.eclipse.sisu.plexus-0.3.2.pom
Progress (1): 4.1/4.2 kBProgress (1): 4.2 kB                        Downloaded from central: https://repo.maven.apache.org/maven2/org/eclipse/sisu/org.eclipse.sisu.plexus/0.3.2/org.eclipse.sisu.plexus-0.3.2.pom (4.2 kB at 61 kB/s)
Downloading from central: https://repo.maven.apache.org/maven2/org/eclipse/sisu/sisu-plexus/0.3.2/sisu-plexus-0.3.2.pom
Progress (1): 4.1/14 kBProgress (1): 8.2/14 kBProgress (1): 12/14 kB Progress (1): 14 kB                      Downloaded from central: https://repo.maven.apache.org/maven2/org/eclipse/sisu/sisu-plexus/0.3.2/sisu-plexus-0.3.2.pom (14 kB at 199 kB/s)
Downloading from central: https://repo.maven.apache.org/maven2/org/eclipse/sisu/org.eclipse.sisu.inject/0.3.2/org.eclipse.sisu.inject-0.3.2.pom
Progress (1): 2.6 kB                    Downloaded from central: https://repo.maven.apache.org/maven2/org/eclipse/sisu/org.eclipse.sisu.inject/0.3.2/org.eclipse.sisu.inject-0.3.2.pom (2.6 kB at 39 kB/s)
Downloading from central: https://repo.maven.apache.org/maven2/org/eclipse/sisu/sisu-inject/0.3.2/sisu-inject-0.3.2.pom
Progress (1): 4.1/14 kBProgress (1): 8.2/14 kBProgress (1): 12/14 kB Progress (1): 14 kB                      Downloaded from central: https://repo.maven.apache.org/maven2/org/eclipse/sisu/sisu-inject/0.3.2/sisu-inject-0.3.2.pom (14 kB at 197 kB/s)
Downloading from central: https://repo.maven.apache.org/maven2/org/codehaus/plexus/plexus-classworlds/2.5.2/plexus-classworlds-2.5.2.pom
Progress (1): 4.1/7.3 kBProgress (1): 7.3 kB                        Downloaded from central: https://repo.maven.apache.org/maven2/org/codehaus/plexus/plexus-classworlds/2.5.2/plexus-classworlds-2.5.2.pom (7.3 kB at 68 kB/s)
Downloading from central: https://repo.maven.apache.org/maven2/org/codehaus/plexus/plexus-utils/3.0.17/plexus-utils-3.0.17.pom
Progress (1): 3.4 kB                    Downloaded from central: https://repo.maven.apache.org/maven2/org/codehaus/plexus/plexus-utils/3.0.17/plexus-utils-3.0.17.pom (3.4 kB at 39 kB/s)
Downloading from central: https://repo.maven.apache.org/maven2/org/apache/maven/maven-model-builder/3.3.9/maven-model-builder-3.3.9.pom
Progress (1): 3.1 kB                    Downloaded from central: https://repo.maven.apache.org/maven2/org/apache/maven/maven-model-builder/3.3.9/maven-model-builder-3.3.9.pom (3.1 kB at 38 kB/s)
Downloading from central: https://repo.maven.apache.org/maven2/com/google/guava/guava/18.0/guava-18.0.pom
Progress (1): 4.1/5.7 kBProgress (1): 5.7 kB                        Downloaded from central: https://repo.maven.apache.org/maven2/com/google/guava/guava/18.0/guava-18.0.pom (5.7 kB at 68 kB/s)
Downloading from central: https://repo.maven.apache.org/maven2/com/google/guava/guava-parent/18.0/guava-parent-18.0.pom
Progress (1): 4.1/7.7 kBProgress (1): 7.7 kB                        Downloaded from central: https://repo.maven.apache.org/maven2/com/google/guava/guava-parent/18.0/guava-parent-18.0.pom (7.7 kB at 99 kB/s)
Downloading from central: https://repo.maven.apache.org/maven2/org/apache/maven/maven-aether-provider/3.3.9/maven-aether-provider-3.3.9.pom
Progress (1): 4.0 kB                    Downloaded from central: https://repo.maven.apache.org/maven2/org/apache/maven/maven-aether-provider/3.3.9/maven-aether-provider-3.3.9.pom (4.0 kB at 52 kB/s)
Downloading from central: https://repo.maven.apache.org/maven2/org/eclipse/aether/aether-api/1.0.2.v20150114/aether-api-1.0.2.v20150114.pom
Progress (1): 1.8 kB                    Downloaded from central: https://repo.maven.apache.org/maven2/org/eclipse/aether/aether-api/1.0.2.v20150114/aether-api-1.0.2.v20150114.pom (1.8 kB at 25 kB/s)
Downloading from central: https://repo.maven.apache.org/maven2/org/eclipse/aether/aether/1.0.2.v20150114/aether-1.0.2.v20150114.pom
Progress (1): 4.1/29 kBProgress (1): 8.2/29 kBProgress (1): 12/29 kB Progress (1): 16/29 kBProgress (1): 20/29 kBProgress (1): 25/29 kBProgress (1): 29/29 kBProgress (1): 29 kB                      Downloaded from central: https://repo.maven.apache.org/maven2/org/eclipse/aether/aether/1.0.2.v20150114/aether-1.0.2.v20150114.pom (29 kB at 319 kB/s)
Downloading from central: https://repo.maven.apache.org/maven2/org/eclipse/aether/aether-spi/1.0.2.v20150114/aether-spi-1.0.2.v20150114.pom
Progress (1): 2.0 kB                    Downloaded from central: https://repo.maven.apache.org/maven2/org/eclipse/aether/aether-spi/1.0.2.v20150114/aether-spi-1.0.2.v20150114.pom (2.0 kB at 26 kB/s)
Downloading from central: https://repo.maven.apache.org/maven2/org/eclipse/aether/aether-util/1.0.2.v20150114/aether-util-1.0.2.v20150114.pom
Progress (1): 2.1 kB                    Downloaded from central: https://repo.maven.apache.org/maven2/org/eclipse/aether/aether-util/1.0.2.v20150114/aether-util-1.0.2.v20150114.pom (2.1 kB at 30 kB/s)
Downloading from central: https://repo.maven.apache.org/maven2/org/eclipse/aether/aether-impl/1.0.2.v20150114/aether-impl-1.0.2.v20150114.pom
Progress (1): 3.4 kB                    Downloaded from central: https://repo.maven.apache.org/maven2/org/eclipse/aether/aether-impl/1.0.2.v20150114/aether-impl-1.0.2.v20150114.pom (3.4 kB at 43 kB/s)
Downloading from central: https://repo.maven.apache.org/maven2/com/google/inject/guice/4.0/guice-4.0.pom
Progress (1): 4.1/11 kBProgress (1): 8.2/11 kBProgress (1): 11 kB                       Downloaded from central: https://repo.maven.apache.org/maven2/com/google/inject/guice/4.0/guice-4.0.pom (11 kB at 150 kB/s)
Downloading from central: https://repo.maven.apache.org/maven2/com/google/inject/guice-parent/4.0/guice-parent-4.0.pom
Progress (1): 4.1/15 kBProgress (1): 8.2/15 kBProgress (1): 12/15 kB Progress (1): 15 kB                      Downloaded from central: https://repo.maven.apache.org/maven2/com/google/inject/guice-parent/4.0/guice-parent-4.0.pom (15 kB at 207 kB/s)
Downloading from central: https://repo.maven.apache.org/maven2/com/google/google/5/google-5.pom
Progress (1): 2.5 kB                    Downloaded from central: https://repo.maven.apache.org/maven2/com/google/google/5/google-5.pom (2.5 kB at 31 kB/s)
Downloading from central: https://repo.maven.apache.org/maven2/javax/inject/javax.inject/1/javax.inject-1.pom
Progress (1): 612 B                   Downloaded from central: https://repo.maven.apache.org/maven2/javax/inject/javax.inject/1/javax.inject-1.pom (612 B at 8.1 kB/s)
Downloading from central: https://repo.maven.apache.org/maven2/aopalliance/aopalliance/1.0/aopalliance-1.0.pom
Progress (1): 363 B                   Downloaded from central: https://repo.maven.apache.org/maven2/aopalliance/aopalliance/1.0/aopalliance-1.0.pom (363 B at 4.7 kB/s)
Downloading from central: https://repo.maven.apache.org/maven2/com/google/guava/guava/16.0.1/guava-16.0.1.pom
Progress (1): 4.1/6.1 kBProgress (1): 6.1 kB                        Downloaded from central: https://repo.maven.apache.org/maven2/com/google/guava/guava/16.0.1/guava-16.0.1.pom (6.1 kB at 81 kB/s)
Downloading from central: https://repo.maven.apache.org/maven2/com/google/guava/guava-parent/16.0.1/guava-parent-16.0.1.pom
Progress (1): 4.1/7.3 kBProgress (1): 7.3 kB                        Downloaded from central: https://repo.maven.apache.org/maven2/com/google/guava/guava-parent/16.0.1/guava-parent-16.0.1.pom (7.3 kB at 91 kB/s)
Downloading from central: https://repo.maven.apache.org/maven2/javax/enterprise/cdi-api/1.0/cdi-api-1.0.pom
Progress (1): 1.4 kB                    Downloaded from central: https://repo.maven.apache.org/maven2/javax/enterprise/cdi-api/1.0/cdi-api-1.0.pom (1.4 kB at 19 kB/s)
Downloading from central: https://repo.maven.apache.org/maven2/org/jboss/weld/weld-api-parent/1.0/weld-api-parent-1.0.pom
Progress (1): 2.4 kB                    Downloaded from central: https://repo.maven.apache.org/maven2/org/jboss/weld/weld-api-parent/1.0/weld-api-parent-1.0.pom (2.4 kB at 34 kB/s)
Downloading from central: https://repo.maven.apache.org/maven2/org/jboss/weld/weld-api-bom/1.0/weld-api-bom-1.0.pom
Progress (1): 4.1/7.9 kBProgress (1): 7.9 kB                        Downloaded from central: https://repo.maven.apache.org/maven2/org/jboss/weld/weld-api-bom/1.0/weld-api-bom-1.0.pom (7.9 kB at 110 kB/s)
Downloading from central: https://repo.maven.apache.org/maven2/org/jboss/weld/weld-parent/6/weld-parent-6.pom
Progress (1): 4.1/21 kBProgress (1): 8.2/21 kBProgress (1): 12/21 kB Progress (1): 16/21 kBProgress (1): 20/21 kBProgress (1): 21 kB                      Downloaded from central: https://repo.maven.apache.org/maven2/org/jboss/weld/weld-parent/6/weld-parent-6.pom (21 kB at 300 kB/s)
Downloading from central: https://repo.maven.apache.org/maven2/javax/annotation/jsr250-api/1.0/jsr250-api-1.0.pom
Progress (1): 1.0 kB                    Downloaded from central: https://repo.maven.apache.org/maven2/javax/annotation/jsr250-api/1.0/jsr250-api-1.0.pom (1.0 kB at 15 kB/s)
Downloading from central: https://repo.maven.apache.org/maven2/org/apache/maven/shared/maven-common-artifact-filters/3.1.0/maven-common-artifact-filters-3.1.0.pom
Progress (1): 4.1/5.3 kBProgress (1): 5.3 kB                        Downloaded from central: https://repo.maven.apache.org/maven2/org/apache/maven/shared/maven-common-artifact-filters/3.1.0/maven-common-artifact-filters-3.1.0.pom (5.3 kB at 77 kB/s)
Downloading from central: https://repo.maven.apache.org/maven2/org/apache/maven/shared/maven-shared-utils/3.1.0/maven-shared-utils-3.1.0.pom
Progress (1): 4.1/5.0 kBProgress (1): 5.0 kB                        Downloaded from central: https://repo.maven.apache.org/maven2/org/apache/maven/shared/maven-shared-utils/3.1.0/maven-shared-utils-3.1.0.pom (5.0 kB at 67 kB/s)
Downloading from central: https://repo.maven.apache.org/maven2/org/codehaus/plexus/plexus-archiver/3.7.0/plexus-archiver-3.7.0.pom
Progress (1): 4.1/4.8 kBProgress (1): 4.8 kB                        Downloaded from central: https://repo.maven.apache.org/maven2/org/codehaus/plexus/plexus-archiver/3.7.0/plexus-archiver-3.7.0.pom (4.8 kB at 60 kB/s)
Downloading from central: https://repo.maven.apache.org/maven2/org/codehaus/plexus/plexus-io/3.1.0/plexus-io-3.1.0.pom
Progress (1): 4.1/4.5 kBProgress (1): 4.5 kB                        Downloaded from central: https://repo.maven.apache.org/maven2/org/codehaus/plexus/plexus-io/3.1.0/plexus-io-3.1.0.pom (4.5 kB at 59 kB/s)
Downloading from central: https://repo.maven.apache.org/maven2/org/apache/maven/plugins/maven-shade-plugin/3.2.1/maven-shade-plugin-3.2.1.pom
Progress (1): 4.1/9.3 kBProgress (1): 8.2/9.3 kBProgress (1): 9.3 kB                        Downloaded from central: https://repo.maven.apache.org/maven2/org/apache/maven/plugins/maven-shade-plugin/3.2.1/maven-shade-plugin-3.2.1.pom (9.3 kB at 108 kB/s)
Downloading from central: https://repo.maven.apache.org/maven2/org/apache/maven/shared/maven-artifact-transfer/0.10.0/maven-artifact-transfer-0.10.0.pom
Progress (1): 4.1/12 kBProgress (1): 8.2/12 kBProgress (1): 12 kB                       Downloaded from central: https://repo.maven.apache.org/maven2/org/apache/maven/shared/maven-artifact-transfer/0.10.0/maven-artifact-transfer-0.10.0.pom (12 kB at 168 kB/s)
Downloading from central: https://repo.maven.apache.org/maven2/org/apache/maven/shared/maven-shared-components/31/maven-shared-components-31.pom
Progress (1): 4.1/5.1 kBProgress (1): 5.1 kB                        Downloaded from central: https://repo.maven.apache.org/maven2/org/apache/maven/shared/maven-shared-components/31/maven-shared-components-31.pom (5.1 kB at 71 kB/s)
Downloading from central: https://repo.maven.apache.org/maven2/org/apache/maven/shared/maven-common-artifact-filters/3.0.1/maven-common-artifact-filters-3.0.1.pom
Progress (1): 4.1/4.8 kBProgress (1): 4.8 kB                        Downloaded from central: https://repo.maven.apache.org/maven2/org/apache/maven/shared/maven-common-artifact-filters/3.0.1/maven-common-artifact-filters-3.0.1.pom (4.8 kB at 69 kB/s)
Downloading from central: https://repo.maven.apache.org/maven2/commons-codec/commons-codec/1.13/commons-codec-1.13.pom
Progress (1): 4.1/14 kBProgress (1): 8.2/14 kBProgress (1): 12/14 kB Progress (1): 14 kB                      Downloaded from central: https://repo.maven.apache.org/maven2/commons-codec/commons-codec/1.13/commons-codec-1.13.pom (14 kB at 170 kB/s)
Downloading from central: https://repo.maven.apache.org/maven2/org/ow2/asm/asm/7.0/asm-7.0.pom
Progress (1): 2.9 kB                    Downloaded from central: https://repo.maven.apache.org/maven2/org/ow2/asm/asm/7.0/asm-7.0.pom (2.9 kB at 40 kB/s)
Downloading from central: https://repo.maven.apache.org/maven2/org/ow2/asm/asm-commons/7.0/asm-commons-7.0.pom
Progress (1): 3.7 kB                    Downloaded from central: https://repo.maven.apache.org/maven2/org/ow2/asm/asm-commons/7.0/asm-commons-7.0.pom (3.7 kB at 49 kB/s)
Downloading from central: https://repo.maven.apache.org/maven2/org/ow2/asm/asm-tree/7.0/asm-tree-7.0.pom
Progress (1): 3.1 kB                    Downloaded from central: https://repo.maven.apache.org/maven2/org/ow2/asm/asm-tree/7.0/asm-tree-7.0.pom (3.1 kB at 41 kB/s)
Downloading from central: https://repo.maven.apache.org/maven2/org/ow2/asm/asm-analysis/7.0/asm-analysis-7.0.pom
Progress (1): 3.2 kB                    Downloaded from central: https://repo.maven.apache.org/maven2/org/ow2/asm/asm-analysis/7.0/asm-analysis-7.0.pom (3.2 kB at 33 kB/s)
Downloading from central: https://repo.maven.apache.org/maven2/org/jdom/jdom2/2.0.6/jdom2-2.0.6.pom
Progress (1): 4.1/4.6 kBProgress (1): 4.6 kB                        Downloaded from central: https://repo.maven.apache.org/maven2/org/jdom/jdom2/2.0.6/jdom2-2.0.6.pom (4.6 kB at 64 kB/s)
Downloading from central: https://repo.maven.apache.org/maven2/org/apache/maven/shared/maven-dependency-tree/3.0.1/maven-dependency-tree-3.0.1.pom
Progress (1): 4.1/7.5 kBProgress (1): 7.5 kB                        Downloaded from central: https://repo.maven.apache.org/maven2/org/apache/maven/shared/maven-dependency-tree/3.0.1/maven-dependency-tree-3.0.1.pom (7.5 kB at 99 kB/s)
Downloading from central: https://repo.maven.apache.org/maven2/org/eclipse/aether/aether-util/0.9.0.M2/aether-util-0.9.0.M2.pom
Progress (1): 2.0 kB                    Downloaded from central: https://repo.maven.apache.org/maven2/org/eclipse/aether/aether-util/0.9.0.M2/aether-util-0.9.0.M2.pom (2.0 kB at 30 kB/s)
Downloading from central: https://repo.maven.apache.org/maven2/org/eclipse/aether/aether/0.9.0.M2/aether-0.9.0.M2.pom
Progress (1): 4.1/28 kBProgress (1): 8.2/28 kBProgress (1): 12/28 kB Progress (1): 16/28 kBProgress (1): 20/28 kBProgress (1): 25/28 kBProgress (1): 28 kB                      Downloaded from central: https://repo.maven.apache.org/maven2/org/eclipse/aether/aether/0.9.0.M2/aether-0.9.0.M2.pom (28 kB at 404 kB/s)
Downloading from central: https://repo.maven.apache.org/maven2/org/vafer/jdependency/2.1.1/jdependency-2.1.1.pom
Progress (1): 4.1/11 kBProgress (1): 8.2/11 kBProgress (1): 11 kB                       Downloaded from central: https://repo.maven.apache.org/maven2/org/vafer/jdependency/2.1.1/jdependency-2.1.1.pom (11 kB at 166 kB/s)
Downloading from central: https://repo.maven.apache.org/maven2/org/ow2/asm/asm/7.0-beta/asm-7.0-beta.pom
Progress (1): 2.9 kB                    Downloaded from central: https://repo.maven.apache.org/maven2/org/ow2/asm/asm/7.0-beta/asm-7.0-beta.pom (2.9 kB at 45 kB/s)
Downloading from central: https://repo.maven.apache.org/maven2/org/ow2/asm/asm-analysis/7.0-beta/asm-analysis-7.0-beta.pom
Progress (1): 3.2 kB                    Downloaded from central: https://repo.maven.apache.org/maven2/org/ow2/asm/asm-analysis/7.0-beta/asm-analysis-7.0-beta.pom (3.2 kB at 42 kB/s)
Downloading from central: https://repo.maven.apache.org/maven2/org/ow2/asm/asm-tree/7.0-beta/asm-tree-7.0-beta.pom
Progress (1): 3.1 kB                    Downloaded from central: https://repo.maven.apache.org/maven2/org/ow2/asm/asm-tree/7.0-beta/asm-tree-7.0-beta.pom (3.1 kB at 41 kB/s)
Downloading from central: https://repo.maven.apache.org/maven2/org/ow2/asm/asm-commons/7.0-beta/asm-commons-7.0-beta.pom
Progress (1): 3.7 kB                    Downloaded from central: https://repo.maven.apache.org/maven2/org/ow2/asm/asm-commons/7.0-beta/asm-commons-7.0-beta.pom (3.7 kB at 40 kB/s)
Downloading from central: https://repo.maven.apache.org/maven2/org/ow2/asm/asm-util/7.0-beta/asm-util-7.0-beta.pom
Progress (1): 3.7 kB                    Downloaded from central: https://repo.maven.apache.org/maven2/org/ow2/asm/asm-util/7.0-beta/asm-util-7.0-beta.pom (3.7 kB at 51 kB/s)
Downloading from central: https://repo.maven.apache.org/maven2/com/google/guava/guava/19.0/guava-19.0.pom
Progress (1): 4.1/6.8 kBProgress (1): 6.8 kB                        Downloaded from central: https://repo.maven.apache.org/maven2/com/google/guava/guava/19.0/guava-19.0.pom (6.8 kB at 85 kB/s)
Downloading from central: https://repo.maven.apache.org/maven2/com/google/guava/guava-parent/19.0/guava-parent-19.0.pom
Progress (1): 4.1/9.9 kBProgress (1): 8.2/9.9 kBProgress (1): 9.9 kB                        Downloaded from central: https://repo.maven.apache.org/maven2/com/google/guava/guava-parent/19.0/guava-parent-19.0.pom (9.9 kB at 143 kB/s)
Downloading from central: https://repo.maven.apache.org/maven2/org/springframework/boot/spring-boot-loader-tools/2.2.4.RELEASE/spring-boot-loader-tools-2.2.4.RELEASE.jar
Downloading from central: https://repo.maven.apache.org/maven2/org/codehaus/plexus/plexus-interpolation/1.25/plexus-interpolation-1.25.jar
Downloading from central: https://repo.maven.apache.org/maven2/org/apache/commons/commons-lang3/3.9/commons-lang3-3.9.jar
Downloading from central: https://repo.maven.apache.org/maven2/org/apache/commons/commons-compress/1.19/commons-compress-1.19.jar
Downloading from central: https://repo.maven.apache.org/maven2/org/apache/maven/maven-artifact/3.3.9/maven-artifact-3.3.9.jar
Progress (1): 4.1/155 kBProgress (1): 8.2/155 kBProgress (1): 12/155 kB Progress (1): 16/155 kBProgress (1): 20/155 kBProgress (1): 25/155 kBProgress (1): 29/155 kBProgress (1): 33/155 kBProgress (1): 36/155 kBProgress (1): 40/155 kBProgress (1): 44/155 kBProgress (1): 48/155 kBProgress (1): 52/155 kBProgress (1): 56/155 kBProgress (1): 61/155 kBProgress (1): 65/155 kBProgress (1): 69/155 kBProgress (1): 73/155 kBProgress (1): 77/155 kBProgress (1): 81/155 kBProgress (1): 85/155 kBProgress (1): 89/155 kBProgress (1): 93/155 kBProgress (1): 97/155 kBProgress (1): 102/155 kBProgress (1): 106/155 kBProgress (1): 110/155 kBProgress (1): 114/155 kBProgress (1): 118/155 kBProgress (1): 122/155 kBProgress (1): 126/155 kBProgress (1): 130/155 kBProgress (1): 134/155 kBProgress (1): 138/155 kBProgress (1): 142/155 kBProgress (1): 147/155 kBProgress (1): 151/155 kBProgress (1): 155 kB                        Downloaded from central: https://repo.maven.apache.org/maven2/org/springframework/boot/spring-boot-loader-tools/2.2.4.RELEASE/spring-boot-loader-tools-2.2.4.RELEASE.jar (155 kB at 1.2 MB/s)
Downloading from central: https://repo.maven.apache.org/maven2/org/apache/maven/maven-core/3.3.9/maven-core-3.3.9.jar
Progress (1): 2.7/55 kBProgress (1): 5.5/55 kBProgress (1): 8.2/55 kBProgress (1): 11/55 kB Progress (2): 11/55 kB | 2.7/85 kBProgress (2): 11/55 kB | 5.5/85 kBProgress (2): 11/55 kB | 8.2/85 kBProgress (2): 11/55 kB | 11/85 kB Progress (3): 11/55 kB | 11/85 kB | 2.7/504 kBProgress (3): 11/55 kB | 11/85 kB | 5.5/504 kBProgress (4): 11/55 kB | 11/85 kB | 5.5/504 kB | 2.7/615 kBProgress (4): 11/55 kB | 11/85 kB | 8.2/504 kB | 2.7/615 kBProgress (4): 11/55 kB | 11/85 kB | 8.2/504 kB | 5.5/615 kBProgress (4): 11/55 kB | 11/85 kB | 8.2/504 kB | 8.2/615 kBProgress (4): 11/55 kB | 11/85 kB | 8.2/504 kB | 11/615 kB Progress (4): 11/55 kB | 11/85 kB | 11/504 kB | 11/615 kB Progress (5): 11/55 kB | 11/85 kB | 11/504 kB | 11/615 kB | 4.1/638 kBProgress (5): 11/55 kB | 11/85 kB | 11/504 kB | 11/615 kB | 8.2/638 kBProgress (5): 11/55 kB | 11/85 kB | 11/504 kB | 11/615 kB | 12/638 kB Progress (5): 11/55 kB | 11/85 kB | 11/504 kB | 11/615 kB | 16/638 kBProgress (5): 11/55 kB | 11/85 kB | 11/504 kB | 11/615 kB | 20/638 kBProgress (5): 11/55 kB | 11/85 kB | 11/504 kB | 11/615 kB | 25/638 kBProgress (5): 11/55 kB | 11/85 kB | 11/504 kB | 11/615 kB | 29/638 kBProgress (5): 11/55 kB | 11/85 kB | 11/504 kB | 11/615 kB | 33/638 kBProgress (5): 11/55 kB | 11/85 kB | 11/504 kB | 11/615 kB | 37/638 kBProgress (5): 11/55 kB | 11/85 kB | 11/504 kB | 11/615 kB | 41/638 kBProgress (5): 11/55 kB | 11/85 kB | 11/504 kB | 11/615 kB | 45/638 kBProgress (5): 11/55 kB | 11/85 kB | 11/504 kB | 11/615 kB | 49/638 kBProgress (5): 11/55 kB | 11/85 kB | 11/504 kB | 11/615 kB | 53/638 kBProgress (5): 11/55 kB | 11/85 kB | 11/504 kB | 11/615 kB | 57/638 kBProgress (5): 11/55 kB | 11/85 kB | 11/504 kB | 11/615 kB | 61/638 kBProgress (5): 11/55 kB | 11/85 kB | 11/504 kB | 11/615 kB | 66/638 kBProgress (5): 11/55 kB | 11/85 kB | 11/504 kB | 11/615 kB | 70/638 kBProgress (5): 11/55 kB | 11/85 kB | 11/504 kB | 11/615 kB | 74/638 kBProgress (5): 11/55 kB | 11/85 kB | 11/504 kB | 11/615 kB | 78/638 kBProgress (5): 11/55 kB | 11/85 kB | 11/504 kB | 11/615 kB | 82/638 kBProgress (5): 11/55 kB | 11/85 kB | 11/504 kB | 11/615 kB | 86/638 kBProgress (5): 11/55 kB | 11/85 kB | 11/504 kB | 11/615 kB | 90/638 kBProgress (5): 11/55 kB | 11/85 kB | 11/504 kB | 11/615 kB | 94/638 kBProgress (5): 11/55 kB | 11/85 kB | 11/504 kB | 11/615 kB | 98/638 kBProgress (5): 11/55 kB | 11/85 kB | 11/504 kB | 11/615 kB | 102/638 kBProgress (5): 11/55 kB | 11/85 kB | 11/504 kB | 11/615 kB | 106/638 kBProgress (5): 11/55 kB | 11/85 kB | 11/504 kB | 11/615 kB | 111/638 kBProgress (5): 11/55 kB | 11/85 kB | 11/504 kB | 11/615 kB | 115/638 kBProgress (5): 11/55 kB | 11/85 kB | 11/504 kB | 11/615 kB | 119/638 kBProgress (5): 11/55 kB | 11/85 kB | 11/504 kB | 11/615 kB | 123/638 kBProgress (5): 11/55 kB | 11/85 kB | 11/504 kB | 11/615 kB | 127/638 kBProgress (5): 11/55 kB | 11/85 kB | 11/504 kB | 11/615 kB | 131/638 kBProgress (5): 14/55 kB | 11/85 kB | 11/504 kB | 11/615 kB | 131/638 kBProgress (5): 14/55 kB | 11/85 kB | 11/504 kB | 11/615 kB | 135/638 kBProgress (5): 14/55 kB | 11/85 kB | 11/504 kB | 11/615 kB | 139/638 kBProgress (5): 14/55 kB | 11/85 kB | 11/504 kB | 11/615 kB | 143/638 kBProgress (5): 14/55 kB | 11/85 kB | 11/504 kB | 11/615 kB | 147/638 kBProgress (5): 16/55 kB | 11/85 kB | 11/504 kB | 11/615 kB | 147/638 kBProgress (5): 19/55 kB | 11/85 kB | 11/504 kB | 11/615 kB | 147/638 kBProgress (5): 22/55 kB | 11/85 kB | 11/504 kB | 11/615 kB | 147/638 kBProgress (5): 25/55 kB | 11/85 kB | 11/504 kB | 11/615 kB | 147/638 kBProgress (5): 27/55 kB | 11/85 kB | 11/504 kB | 11/615 kB | 147/638 kBProgress (5): 27/55 kB | 14/85 kB | 11/504 kB | 11/615 kB | 147/638 kBProgress (5): 27/55 kB | 16/85 kB | 11/504 kB | 11/615 kB | 147/638 kBProgress (5): 27/55 kB | 19/85 kB | 11/504 kB | 11/615 kB | 147/638 kBProgress (5): 27/55 kB | 22/85 kB | 11/504 kB | 11/615 kB | 147/638 kBProgress (5): 27/55 kB | 25/85 kB | 11/504 kB | 11/615 kB | 147/638 kBProgress (5): 27/55 kB | 27/85 kB | 11/504 kB | 11/615 kB | 147/638 kBProgress (5): 27/55 kB | 27/85 kB | 11/504 kB | 11/615 kB | 152/638 kBProgress (5): 27/55 kB | 27/85 kB | 11/504 kB | 11/615 kB | 156/638 kBProgress (5): 27/55 kB | 27/85 kB | 11/504 kB | 11/615 kB | 160/638 kBProgress (5): 27/55 kB | 27/85 kB | 11/504 kB | 11/615 kB | 164/638 kBProgress (5): 30/55 kB | 27/85 kB | 11/504 kB | 11/615 kB | 164/638 kBProgress (5): 30/55 kB | 27/85 kB | 11/504 kB | 11/615 kB | 168/638 kBProgress (5): 30/55 kB | 27/85 kB | 11/504 kB | 11/615 kB | 172/638 kBProgress (5): 30/55 kB | 27/85 kB | 11/504 kB | 11/615 kB | 176/638 kBProgress (5): 30/55 kB | 27/85 kB | 11/504 kB | 11/615 kB | 180/638 kBProgress (5): 30/55 kB | 27/85 kB | 14/504 kB | 11/615 kB | 180/638 kBProgress (5): 30/55 kB | 30/85 kB | 14/504 kB | 11/615 kB | 180/638 kBProgress (5): 30/55 kB | 30/85 kB | 16/504 kB | 11/615 kB | 180/638 kBProgress (5): 33/55 kB | 30/85 kB | 16/504 kB | 11/615 kB | 180/638 kBProgress (5): 33/55 kB | 30/85 kB | 19/504 kB | 11/615 kB | 180/638 kBProgress (5): 33/55 kB | 30/85 kB | 22/504 kB | 11/615 kB | 180/638 kBProgress (5): 33/55 kB | 30/85 kB | 25/504 kB | 11/615 kB | 180/638 kBProgress (5): 33/55 kB | 30/85 kB | 27/504 kB | 11/615 kB | 180/638 kBProgress (5): 33/55 kB | 33/85 kB | 27/504 kB | 11/615 kB | 180/638 kBProgress (5): 33/55 kB | 33/85 kB | 27/504 kB | 14/615 kB | 180/638 kBProgress (5): 36/55 kB | 33/85 kB | 27/504 kB | 14/615 kB | 180/638 kBProgress (5): 36/55 kB | 33/85 kB | 27/504 kB | 16/615 kB | 180/638 kBProgress (5): 36/55 kB | 33/85 kB | 30/504 kB | 16/615 kB | 180/638 kBProgress (5): 36/55 kB | 33/85 kB | 30/504 kB | 19/615 kB | 180/638 kBProgress (5): 36/55 kB | 33/85 kB | 30/504 kB | 22/615 kB | 180/638 kBProgress (5): 36/55 kB | 33/85 kB | 30/504 kB | 25/615 kB | 180/638 kBProgress (5): 36/55 kB | 33/85 kB | 30/504 kB | 27/615 kB | 180/638 kBProgress (5): 36/55 kB | 36/85 kB | 30/504 kB | 27/615 kB | 180/638 kBProgress (5): 36/55 kB | 36/85 kB | 30/504 kB | 27/615 kB | 184/638 kBProgress (5): 36/55 kB | 36/85 kB | 30/504 kB | 27/615 kB | 188/638 kBProgress (5): 38/55 kB | 36/85 kB | 30/504 kB | 27/615 kB | 188/638 kBProgress (5): 38/55 kB | 36/85 kB | 30/504 kB | 27/615 kB | 193/638 kBProgress (5): 38/55 kB | 36/85 kB | 30/504 kB | 27/615 kB | 197/638 kBProgress (5): 38/55 kB | 36/85 kB | 30/504 kB | 27/615 kB | 201/638 kBProgress (5): 38/55 kB | 36/85 kB | 30/504 kB | 27/615 kB | 205/638 kBProgress (5): 38/55 kB | 36/85 kB | 30/504 kB | 27/615 kB | 209/638 kBProgress (5): 38/55 kB | 36/85 kB | 30/504 kB | 27/615 kB | 213/638 kBProgress (5): 38/55 kB | 36/85 kB | 30/504 kB | 30/615 kB | 213/638 kBProgress (5): 38/55 kB | 36/85 kB | 33/504 kB | 30/615 kB | 213/638 kBProgress (5): 38/55 kB | 38/85 kB | 33/504 kB | 30/615 kB | 213/638 kBProgress (5): 38/55 kB | 38/85 kB | 33/504 kB | 30/615 kB | 217/638 kBProgress (5): 38/55 kB | 38/85 kB | 33/504 kB | 30/615 kB | 221/638 kBProgress (5): 38/55 kB | 38/85 kB | 33/504 kB | 30/615 kB | 225/638 kBProgress (5): 38/55 kB | 38/85 kB | 33/504 kB | 30/615 kB | 229/638 kBProgress (5): 38/55 kB | 38/85 kB | 33/504 kB | 33/615 kB | 229/638 kBProgress (5): 38/55 kB | 38/85 kB | 36/504 kB | 33/615 kB | 229/638 kBProgress (5): 38/55 kB | 38/85 kB | 36/504 kB | 33/615 kB | 233/638 kBProgress (5): 38/55 kB | 38/85 kB | 36/504 kB | 33/615 kB | 238/638 kBProgress (5): 38/55 kB | 38/85 kB | 36/504 kB | 33/615 kB | 242/638 kBProgress (5): 38/55 kB | 38/85 kB | 36/504 kB | 33/615 kB | 246/638 kBProgress (5): 38/55 kB | 38/85 kB | 36/504 kB | 36/615 kB | 246/638 kBProgress (5): 38/55 kB | 38/85 kB | 38/504 kB | 36/615 kB | 246/638 kBProgress (5): 38/55 kB | 38/85 kB | 38/504 kB | 38/615 kB | 246/638 kBProgress (5): 38/55 kB | 38/85 kB | 38/504 kB | 38/615 kB | 250/638 kBProgress (5): 38/55 kB | 38/85 kB | 38/504 kB | 38/615 kB | 254/638 kBProgress (5): 38/55 kB | 38/85 kB | 38/504 kB | 38/615 kB | 258/638 kBProgress (5): 38/55 kB | 38/85 kB | 38/504 kB | 38/615 kB | 262/638 kBProgress (5): 38/55 kB | 38/85 kB | 38/504 kB | 38/615 kB | 266/638 kBProgress (5): 38/55 kB | 38/85 kB | 38/504 kB | 38/615 kB | 270/638 kBProgress (5): 38/55 kB | 38/85 kB | 38/504 kB | 38/615 kB | 274/638 kBProgress (5): 38/55 kB | 38/85 kB | 38/504 kB | 38/615 kB | 279/638 kBProgress (5): 38/55 kB | 38/85 kB | 38/504 kB | 38/615 kB | 283/638 kBProgress (5): 38/55 kB | 38/85 kB | 38/504 kB | 38/615 kB | 287/638 kBProgress (5): 38/55 kB | 38/85 kB | 38/504 kB | 38/615 kB | 291/638 kBProgress (5): 38/55 kB | 38/85 kB | 38/504 kB | 38/615 kB | 295/638 kBProgress (5): 38/55 kB | 38/85 kB | 38/504 kB | 38/615 kB | 299/638 kBProgress (5): 38/55 kB | 38/85 kB | 38/504 kB | 38/615 kB | 303/638 kBProgress (5): 38/55 kB | 38/85 kB | 38/504 kB | 38/615 kB | 307/638 kBProgress (5): 38/55 kB | 38/85 kB | 38/504 kB | 38/615 kB | 311/638 kBProgress (5): 38/55 kB | 38/85 kB | 38/504 kB | 38/615 kB | 315/638 kBProgress (5): 38/55 kB | 38/85 kB | 38/504 kB | 38/615 kB | 319/638 kBProgress (5): 38/55 kB | 38/85 kB | 38/504 kB | 38/615 kB | 324/638 kBProgress (5): 38/55 kB | 38/85 kB | 38/504 kB | 38/615 kB | 328/638 kBProgress (5): 38/55 kB | 38/85 kB | 38/504 kB | 38/615 kB | 332/638 kBProgress (5): 38/55 kB | 38/85 kB | 38/504 kB | 38/615 kB | 336/638 kBProgress (5): 38/55 kB | 38/85 kB | 38/504 kB | 38/615 kB | 340/638 kBProgress (5): 38/55 kB | 38/85 kB | 38/504 kB | 38/615 kB | 344/638 kBProgress (5): 38/55 kB | 38/85 kB | 38/504 kB | 38/615 kB | 348/638 kBProgress (5): 38/55 kB | 38/85 kB | 38/504 kB | 38/615 kB | 352/638 kBProgress (5): 38/55 kB | 38/85 kB | 38/504 kB | 38/615 kB | 356/638 kBProgress (5): 38/55 kB | 38/85 kB | 38/504 kB | 38/615 kB | 360/638 kBProgress (5): 38/55 kB | 38/85 kB | 38/504 kB | 38/615 kB | 365/638 kBProgress (5): 38/55 kB | 38/85 kB | 38/504 kB | 38/615 kB | 369/638 kBProgress (5): 38/55 kB | 38/85 kB | 38/504 kB | 38/615 kB | 373/638 kBProgress (5): 38/55 kB | 38/85 kB | 38/504 kB | 38/615 kB | 377/638 kBProgress (5): 41/55 kB | 38/85 kB | 38/504 kB | 38/615 kB | 377/638 kBProgress (5): 44/55 kB | 38/85 kB | 38/504 kB | 38/615 kB | 377/638 kBProgress (5): 47/55 kB | 38/85 kB | 38/504 kB | 38/615 kB | 377/638 kBProgress (5): 49/55 kB | 38/85 kB | 38/504 kB | 38/615 kB | 377/638 kBProgress (5): 52/55 kB | 38/85 kB | 38/504 kB | 38/615 kB | 377/638 kBProgress (5): 55/55 kB | 38/85 kB | 38/504 kB | 38/615 kB | 377/638 kBProgress (5): 55 kB | 38/85 kB | 38/504 kB | 38/615 kB | 377/638 kB   Progress (5): 55 kB | 38/85 kB | 38/504 kB | 38/615 kB | 381/638 kBProgress (5): 55 kB | 38/85 kB | 38/504 kB | 38/615 kB | 385/638 kBProgress (5): 55 kB | 38/85 kB | 38/504 kB | 38/615 kB | 389/638 kBProgress (5): 55 kB | 38/85 kB | 38/504 kB | 38/615 kB | 393/638 kBProgress (5): 55 kB | 38/85 kB | 38/504 kB | 38/615 kB | 397/638 kBProgress (5): 55 kB | 38/85 kB | 38/504 kB | 38/615 kB | 401/638 kBProgress (5): 55 kB | 38/85 kB | 38/504 kB | 38/615 kB | 406/638 kBProgress (5): 55 kB | 38/85 kB | 38/504 kB | 38/615 kB | 410/638 kBProgress (5): 55 kB | 41/85 kB | 38/504 kB | 38/615 kB | 410/638 kBProgress (5): 55 kB | 44/85 kB | 38/504 kB | 38/615 kB | 410/638 kBProgress (5): 55 kB | 47/85 kB | 38/504 kB | 38/615 kB | 410/638 kBProgress (5): 55 kB | 49/85 kB | 38/504 kB | 38/615 kB | 410/638 kBProgress (5): 55 kB | 52/85 kB | 38/504 kB | 38/615 kB | 410/638 kBProgress (5): 55 kB | 55/85 kB | 38/504 kB | 38/615 kB | 410/638 kBProgress (5): 55 kB | 58/85 kB | 38/504 kB | 38/615 kB | 410/638 kBProgress (5): 55 kB | 60/85 kB | 38/504 kB | 38/615 kB | 410/638 kBProgress (5): 55 kB | 60/85 kB | 38/504 kB | 38/615 kB | 414/638 kBProgress (5): 55 kB | 60/85 kB | 38/504 kB | 38/615 kB | 418/638 kBProgress (5): 55 kB | 60/85 kB | 38/504 kB | 38/615 kB | 422/638 kBProgress (5): 55 kB | 60/85 kB | 38/504 kB | 38/615 kB | 426/638 kBProgress (5): 55 kB | 60/85 kB | 41/504 kB | 38/615 kB | 426/638 kBProgress (5): 55 kB | 60/85 kB | 44/504 kB | 38/615 kB | 426/638 kBProgress (5): 55 kB | 60/85 kB | 47/504 kB | 38/615 kB | 426/638 kBProgress (5): 55 kB | 60/85 kB | 49/504 kB | 38/615 kB | 426/638 kBProgress (5): 55 kB | 60/85 kB | 52/504 kB | 38/615 kB | 426/638 kBProgress (5): 55 kB | 60/85 kB | 55/504 kB | 38/615 kB | 426/638 kBProgress (5): 55 kB | 63/85 kB | 55/504 kB | 38/615 kB | 426/638 kBProgress (5): 55 kB | 66/85 kB | 55/504 kB | 38/615 kB | 426/638 kBProgress (5): 55 kB | 69/85 kB | 55/504 kB | 38/615 kB | 426/638 kBProgress (5): 55 kB | 69/85 kB | 58/504 kB | 38/615 kB | 426/638 kBProgress (5): 55 kB | 71/85 kB | 58/504 kB | 38/615 kB | 426/638 kBProgress (5): 55 kB | 74/85 kB | 58/504 kB | 38/615 kB | 426/638 kBProgress (5): 55 kB | 77/85 kB | 58/504 kB | 38/615 kB | 426/638 kBProgress (5): 55 kB | 80/85 kB | 58/504 kB | 38/615 kB | 426/638 kBProgress (5): 55 kB | 80/85 kB | 58/504 kB | 41/615 kB | 426/638 kBProgress (5): 55 kB | 80/85 kB | 58/504 kB | 44/615 kB | 426/638 kBProgress (5): 55 kB | 80/85 kB | 60/504 kB | 44/615 kB | 426/638 kBProgress (5): 55 kB | 80/85 kB | 60/504 kB | 47/615 kB | 426/638 kBProgress (5): 55 kB | 80/85 kB | 63/504 kB | 47/615 kB | 426/638 kBProgress (5): 55 kB | 80/85 kB | 63/504 kB | 49/615 kB | 426/638 kBProgress (5): 55 kB | 80/85 kB | 66/504 kB | 49/615 kB | 426/638 kBProgress (5): 55 kB | 80/85 kB | 66/504 kB | 52/615 kB | 426/638 kBProgress (5): 55 kB | 80/85 kB | 69/504 kB | 52/615 kB | 426/638 kBProgress (5): 55 kB | 80/85 kB | 69/504 kB | 55/615 kB | 426/638 kBProgress (5): 55 kB | 80/85 kB | 69/504 kB | 55/615 kB | 430/638 kBProgress (5): 55 kB | 80/85 kB | 69/504 kB | 55/615 kB | 434/638 kBProgress (5): 55 kB | 80/85 kB | 69/504 kB | 55/615 kB | 438/638 kBProgress (5): 55 kB | 80/85 kB | 69/504 kB | 55/615 kB | 442/638 kBProgress (5): 55 kB | 80/85 kB | 71/504 kB | 55/615 kB | 442/638 kBProgress (5): 55 kB | 80/85 kB | 71/504 kB | 58/615 kB | 442/638 kBProgress (5): 55 kB | 80/85 kB | 74/504 kB | 58/615 kB | 442/638 kBProgress (5): 55 kB | 82/85 kB | 74/504 kB | 58/615 kB | 442/638 kBProgress (5): 55 kB | 82/85 kB | 74/504 kB | 60/615 kB | 442/638 kBProgress (5): 55 kB | 85/85 kB | 74/504 kB | 60/615 kB | 442/638 kBProgress (5): 55 kB | 85 kB | 74/504 kB | 60/615 kB | 442/638 kB   Progress (5): 55 kB | 85 kB | 77/504 kB | 60/615 kB | 442/638 kBProgress (5): 55 kB | 85 kB | 77/504 kB | 63/615 kB | 442/638 kBProgress (5): 55 kB | 85 kB | 77/504 kB | 63/615 kB | 446/638 kBProgress (5): 55 kB | 85 kB | 77/504 kB | 66/615 kB | 446/638 kBProgress (5): 55 kB | 85 kB | 77/504 kB | 66/615 kB | 451/638 kBProgress (5): 55 kB | 85 kB | 77/504 kB | 66/615 kB | 455/638 kBProgress (5): 55 kB | 85 kB | 77/504 kB | 66/615 kB | 459/638 kBProgress (5): 55 kB | 85 kB | 80/504 kB | 66/615 kB | 459/638 kBProgress (5): 55 kB | 85 kB | 80/504 kB | 69/615 kB | 459/638 kBProgress (5): 55 kB | 85 kB | 80/504 kB | 71/615 kB | 459/638 kBProgress (5): 55 kB | 85 kB | 80/504 kB | 74/615 kB | 459/638 kBProgress (5): 55 kB | 85 kB | 80/504 kB | 74/615 kB | 463/638 kBProgress (5): 55 kB | 85 kB | 82/504 kB | 74/615 kB | 463/638 kBProgress (5): 55 kB | 85 kB | 82/504 kB | 74/615 kB | 467/638 kBProgress (5): 55 kB | 85 kB | 82/504 kB | 74/615 kB | 471/638 kBProgress (5): 55 kB | 85 kB | 82/504 kB | 74/615 kB | 475/638 kBProgress (5): 55 kB | 85 kB | 82/504 kB | 77/615 kB | 475/638 kBProgress (5): 55 kB | 85 kB | 82/504 kB | 80/615 kB | 475/638 kBProgress (5): 55 kB | 85 kB | 82/504 kB | 82/615 kB | 475/638 kBProgress (5): 55 kB | 85 kB | 85/504 kB | 82/615 kB | 475/638 kBProgress (5): 55 kB | 85 kB | 85/504 kB | 82/615 kB | 479/638 kBProgress (5): 55 kB | 85 kB | 85/504 kB | 82/615 kB | 483/638 kBProgress (5): 55 kB | 85 kB | 85/504 kB | 82/615 kB | 487/638 kBProgress (5): 55 kB | 85 kB | 85/504 kB | 82/615 kB | 492/638 kBProgress (5): 55 kB | 85 kB | 85/504 kB | 85/615 kB | 492/638 kBProgress (5): 55 kB | 85 kB | 85/504 kB | 88/615 kB | 492/638 kBProgress (5): 55 kB | 85 kB | 85/504 kB | 88/615 kB | 496/638 kBProgress (5): 55 kB | 85 kB | 85/504 kB | 88/615 kB | 500/638 kBProgress (5): 55 kB | 85 kB | 85/504 kB | 88/615 kB | 504/638 kBProgress (5): 55 kB | 85 kB | 85/504 kB | 88/615 kB | 508/638 kBProgress (5): 55 kB | 85 kB | 85/504 kB | 88/615 kB | 512/638 kBProgress (5): 55 kB | 85 kB | 85/504 kB | 88/615 kB | 516/638 kBProgress (5): 55 kB | 85 kB | 85/504 kB | 88/615 kB | 520/638 kBProgress (5): 55 kB | 85 kB | 85/504 kB | 88/615 kB | 524/638 kBProgress (5): 55 kB | 85 kB | 85/504 kB | 88/615 kB | 528/638 kBProgress (5): 55 kB | 85 kB | 85/504 kB | 88/615 kB | 532/638 kBProgress (5): 55 kB | 85 kB | 85/504 kB | 88/615 kB | 537/638 kBProgress (5): 55 kB | 85 kB | 85/504 kB | 88/615 kB | 541/638 kBProgress (5): 55 kB | 85 kB | 85/504 kB | 88/615 kB | 545/638 kBProgress (5): 55 kB | 85 kB | 85/504 kB | 88/615 kB | 549/638 kBProgress (5): 55 kB | 85 kB | 85/504 kB | 88/615 kB | 553/638 kBProgress (5): 55 kB | 85 kB | 85/504 kB | 88/615 kB | 557/638 kBProgress (5): 55 kB | 85 kB | 85/504 kB | 88/615 kB | 561/638 kBProgress (5): 55 kB | 85 kB | 85/504 kB | 88/615 kB | 565/638 kBProgress (5): 55 kB | 85 kB | 85/504 kB | 88/615 kB | 569/638 kBProgress (5): 55 kB | 85 kB | 85/504 kB | 88/615 kB | 573/638 kBProgress (5): 55 kB | 85 kB | 85/504 kB | 88/615 kB | 578/638 kBProgress (5): 55 kB | 85 kB | 85/504 kB | 88/615 kB | 582/638 kBProgress (5): 55 kB | 85 kB | 85/504 kB | 88/615 kB | 586/638 kBProgress (5): 55 kB | 85 kB | 85/504 kB | 88/615 kB | 590/638 kBProgress (5): 55 kB | 85 kB | 85/504 kB | 88/615 kB | 594/638 kBProgress (5): 55 kB | 85 kB | 85/504 kB | 88/615 kB | 598/638 kBProgress (5): 55 kB | 85 kB | 85/504 kB | 88/615 kB | 602/638 kBProgress (5): 55 kB | 85 kB | 85/504 kB | 88/615 kB | 606/638 kBProgress (5): 55 kB | 85 kB | 85/504 kB | 88/615 kB | 610/638 kBProgress (5): 55 kB | 85 kB | 88/504 kB | 88/615 kB | 610/638 kB                                                                Downloaded from central: https://repo.maven.apache.org/maven2/org/apache/maven/maven-artifact/3.3.9/maven-artifact-3.3.9.jar (55 kB at 119 kB/s)
Progress (4): 85 kB | 90/504 kB | 88/615 kB | 610/638 kB                                                        Downloading from central: https://repo.maven.apache.org/maven2/org/apache/maven/maven-settings-builder/3.3.9/maven-settings-builder-3.3.9.jar
Progress (4): 85 kB | 93/504 kB | 88/615 kB | 610/638 kBProgress (4): 85 kB | 93/504 kB | 88/615 kB | 614/638 kBProgress (4): 85 kB | 93/504 kB | 88/615 kB | 618/638 kBProgress (4): 85 kB | 96/504 kB | 88/615 kB | 618/638 kBProgress (4): 85 kB | 96/504 kB | 88/615 kB | 623/638 kBProgress (4): 85 kB | 99/504 kB | 88/615 kB | 623/638 kBProgress (4): 85 kB | 99/504 kB | 88/615 kB | 627/638 kBProgress (4): 85 kB | 101/504 kB | 88/615 kB | 627/638 kBProgress (4): 85 kB | 101/504 kB | 90/615 kB | 627/638 kBProgress (4): 85 kB | 101/504 kB | 93/615 kB | 627/638 kBProgress (4): 85 kB | 101/504 kB | 96/615 kB | 627/638 kBProgress (4): 85 kB | 101/504 kB | 96/615 kB | 631/638 kBProgress (4): 85 kB | 101/504 kB | 96/615 kB | 635/638 kBProgress (4): 85 kB | 104/504 kB | 96/615 kB | 635/638 kBProgress (4): 85 kB | 104/504 kB | 96/615 kB | 638 kB    Progress (4): 85 kB | 107/504 kB | 96/615 kB | 638 kBProgress (4): 85 kB | 107/504 kB | 99/615 kB | 638 kBProgress (4): 85 kB | 110/504 kB | 99/615 kB | 638 kBProgress (4): 85 kB | 110/504 kB | 101/615 kB | 638 kBProgress (4): 85 kB | 112/504 kB | 101/615 kB | 638 kB                                                      Downloaded from central: https://repo.maven.apache.org/maven2/org/codehaus/plexus/plexus-interpolation/1.25/plexus-interpolation-1.25.jar (85 kB at 178 kB/s)
Downloading from central: https://repo.maven.apache.org/maven2/org/apache/maven/maven-builder-support/3.3.9/maven-builder-support-3.3.9.jar
Progress (3): 112/504 kB | 104/615 kB | 638 kBProgress (3): 115/504 kB | 104/615 kB | 638 kBProgress (3): 115/504 kB | 107/615 kB | 638 kBProgress (3): 118/504 kB | 107/615 kB | 638 kBProgress (3): 118/504 kB | 110/615 kB | 638 kBProgress (3): 121/504 kB | 110/615 kB | 638 kBProgress (3): 121/504 kB | 112/615 kB | 638 kBProgress (3): 121/504 kB | 115/615 kB | 638 kBProgress (3): 123/504 kB | 115/615 kB | 638 kBProgress (3): 126/504 kB | 115/615 kB | 638 kBProgress (3): 126/504 kB | 118/615 kB | 638 kBProgress (3): 129/504 kB | 118/615 kB | 638 kBProgress (3): 129/504 kB | 121/615 kB | 638 kBProgress (3): 132/504 kB | 121/615 kB | 638 kBProgress (3): 132/504 kB | 123/615 kB | 638 kBProgress (3): 134/504 kB | 123/615 kB | 638 kBProgress (3): 134/504 kB | 126/615 kB | 638 kBProgress (3): 137/504 kB | 126/615 kB | 638 kBProgress (3): 137/504 kB | 129/615 kB | 638 kBProgress (3): 137/504 kB | 132/615 kB | 638 kBProgress (3): 137/504 kB | 134/615 kB | 638 kBProgress (3): 140/504 kB | 134/615 kB | 638 kBProgress (3): 140/504 kB | 137/615 kB | 638 kBProgress (3): 143/504 kB | 137/615 kB | 638 kBProgress (4): 143/504 kB | 137/615 kB | 638 kB | 2.7/43 kBProgress (4): 143/504 kB | 137/615 kB | 638 kB | 5.5/43 kBProgress (4): 143/504 kB | 137/615 kB | 638 kB | 8.2/43 kBProgress (4): 143/504 kB | 137/615 kB | 638 kB | 11/43 kB Progress (4): 143/504 kB | 137/615 kB | 638 kB | 14/43 kBProgress (4): 143/504 kB | 140/615 kB | 638 kB | 14/43 kBProgress (4): 143/504 kB | 140/615 kB | 638 kB | 16/43 kB                                                         Downloaded from central: https://repo.maven.apache.org/maven2/org/apache/maven/maven-core/3.3.9/maven-core-3.3.9.jar (638 kB at 1.3 MB/s)
Downloading from central: https://repo.maven.apache.org/maven2/org/apache/maven/maven-repository-metadata/3.3.9/maven-repository-metadata-3.3.9.jar
Progress (3): 145/504 kB | 140/615 kB | 16/43 kBProgress (3): 145/504 kB | 143/615 kB | 16/43 kBProgress (4): 145/504 kB | 143/615 kB | 16/43 kB | 2.7/15 kBProgress (4): 145/504 kB | 143/615 kB | 16/43 kB | 5.5/15 kBProgress (4): 145/504 kB | 143/615 kB | 16/43 kB | 8.2/15 kBProgress (4): 145/504 kB | 143/615 kB | 16/43 kB | 11/15 kB Progress (4): 145/504 kB | 143/615 kB | 16/43 kB | 14/15 kBProgress (4): 145/504 kB | 143/615 kB | 16/43 kB | 15 kB   Progress (4): 145/504 kB | 143/615 kB | 19/43 kB | 15 kBProgress (4): 145/504 kB | 145/615 kB | 19/43 kB | 15 kBProgress (4): 148/504 kB | 145/615 kB | 19/43 kB | 15 kBProgress (4): 148/504 kB | 145/615 kB | 22/43 kB | 15 kBProgress (4): 148/504 kB | 148/615 kB | 22/43 kB | 15 kBProgress (4): 151/504 kB | 148/615 kB | 22/43 kB | 15 kBProgress (4): 151/504 kB | 151/615 kB | 22/43 kB | 15 kBProgress (4): 151/504 kB | 151/615 kB | 25/43 kB | 15 kBProgress (4): 154/504 kB | 151/615 kB | 25/43 kB | 15 kBProgress (4): 156/504 kB | 151/615 kB | 25/43 kB | 15 kBProgress (4): 156/504 kB | 154/615 kB | 25/43 kB | 15 kBProgress (4): 159/504 kB | 154/615 kB | 25/43 kB | 15 kBProgress (4): 159/504 kB | 154/615 kB | 27/43 kB | 15 kBProgress (4): 162/504 kB | 154/615 kB | 27/43 kB | 15 kBProgress (4): 162/504 kB | 156/615 kB | 27/43 kB | 15 kBProgress (4): 162/504 kB | 159/615 kB | 27/43 kB | 15 kBProgress (4): 165/504 kB | 159/615 kB | 27/43 kB | 15 kBProgress (4): 165/504 kB | 159/615 kB | 30/43 kB | 15 kBProgress (4): 165/504 kB | 162/615 kB | 30/43 kB | 15 kBProgress (4): 165/504 kB | 162/615 kB | 33/43 kB | 15 kBProgress (4): 165/504 kB | 165/615 kB | 33/43 kB | 15 kBProgress (4): 167/504 kB | 165/615 kB | 33/43 kB | 15 kBProgress (4): 170/504 kB | 165/615 kB | 33/43 kB | 15 kBProgress (4): 173/504 kB | 165/615 kB | 33/43 kB | 15 kBProgress (4): 173/504 kB | 165/615 kB | 36/43 kB | 15 kBProgress (4): 173/504 kB | 167/615 kB | 36/43 kB | 15 kBProgress (4): 175/504 kB | 167/615 kB | 36/43 kB | 15 kBProgress (4): 175/504 kB | 167/615 kB | 38/43 kB | 15 kBProgress (4): 175/504 kB | 170/615 kB | 38/43 kB | 15 kBProgress (4): 178/504 kB | 170/615 kB | 38/43 kB | 15 kBProgress (4): 178/504 kB | 173/615 kB | 38/43 kB | 15 kBProgress (4): 178/504 kB | 173/615 kB | 41/43 kB | 15 kBProgress (5): 178/504 kB | 173/615 kB | 41/43 kB | 15 kB | 4.1/27 kBProgress (5): 181/504 kB | 173/615 kB | 41/43 kB | 15 kB | 4.1/27 kBProgress (5): 181/504 kB | 173/615 kB | 41/43 kB | 15 kB | 8.2/27 kB                                                                    Downloaded from central: https://repo.maven.apache.org/maven2/org/apache/maven/maven-builder-support/3.3.9/maven-builder-support-3.3.9.jar (15 kB at 27 kB/s)
Downloading from central: https://repo.maven.apache.org/maven2/org/apache/maven/maven-model-builder/3.3.9/maven-model-builder-3.3.9.jar
Progress (4): 181/504 kB | 173/615 kB | 41/43 kB | 12/27 kBProgress (4): 181/504 kB | 175/615 kB | 41/43 kB | 12/27 kBProgress (4): 181/504 kB | 175/615 kB | 41/43 kB | 16/27 kBProgress (4): 181/504 kB | 175/615 kB | 43 kB | 16/27 kB   Progress (4): 184/504 kB | 175/615 kB | 43 kB | 16/27 kBProgress (4): 184/504 kB | 178/615 kB | 43 kB | 16/27 kBProgress (4): 184/504 kB | 178/615 kB | 43 kB | 20/27 kBProgress (4): 184/504 kB | 178/615 kB | 43 kB | 25/27 kBProgress (4): 184/504 kB | 178/615 kB | 43 kB | 27 kB   Progress (4): 184/504 kB | 181/615 kB | 43 kB | 27 kBProgress (4): 186/504 kB | 181/615 kB | 43 kB | 27 kBProgress (4): 186/504 kB | 184/615 kB | 43 kB | 27 kBProgress (4): 189/504 kB | 184/615 kB | 43 kB | 27 kBProgress (4): 189/504 kB | 186/615 kB | 43 kB | 27 kBProgress (4): 192/504 kB | 186/615 kB | 43 kB | 27 kBProgress (4): 192/504 kB | 189/615 kB | 43 kB | 27 kBProgress (4): 195/504 kB | 189/615 kB | 43 kB | 27 kBProgress (4): 195/504 kB | 192/615 kB | 43 kB | 27 kBProgress (4): 195/504 kB | 195/615 kB | 43 kB | 27 kBProgress (4): 197/504 kB | 195/615 kB | 43 kB | 27 kBProgress (4): 197/504 kB | 197/615 kB | 43 kB | 27 kBProgress (4): 200/504 kB | 197/615 kB | 43 kB | 27 kBProgress (4): 200/504 kB | 200/615 kB | 43 kB | 27 kBProgress (4): 203/504 kB | 200/615 kB | 43 kB | 27 kBProgress (4): 206/504 kB | 200/615 kB | 43 kB | 27 kBProgress (4): 206/504 kB | 203/615 kB | 43 kB | 27 kBProgress (4): 208/504 kB | 203/615 kB | 43 kB | 27 kBProgress (4): 208/504 kB | 206/615 kB | 43 kB | 27 kBProgress (4): 211/504 kB | 206/615 kB | 43 kB | 27 kBProgress (4): 214/504 kB | 206/615 kB | 43 kB | 27 kBProgress (4): 214/504 kB | 208/615 kB | 43 kB | 27 kBProgress (4): 214/504 kB | 211/615 kB | 43 kB | 27 kBProgress (4): 217/504 kB | 211/615 kB | 43 kB | 27 kBProgress (4): 217/504 kB | 214/615 kB | 43 kB | 27 kBProgress (4): 219/504 kB | 214/615 kB | 43 kB | 27 kBProgress (4): 219/504 kB | 217/615 kB | 43 kB | 27 kBProgress (4): 222/504 kB | 217/615 kB | 43 kB | 27 kBProgress (4): 222/504 kB | 219/615 kB | 43 kB | 27 kBProgress (4): 225/504 kB | 219/615 kB | 43 kB | 27 kBProgress (4): 225/504 kB | 222/615 kB | 43 kB | 27 kBProgress (4): 228/504 kB | 222/615 kB | 43 kB | 27 kBProgress (4): 228/504 kB | 225/615 kB | 43 kB | 27 kBProgress (4): 228/504 kB | 228/615 kB | 43 kB | 27 kBProgress (4): 230/504 kB | 228/615 kB | 43 kB | 27 kBProgress (5): 230/504 kB | 228/615 kB | 43 kB | 27 kB | 2.7/177 kBProgress (5): 230/504 kB | 228/615 kB | 43 kB | 27 kB | 5.5/177 kBProgress (5): 230/504 kB | 228/615 kB | 43 kB | 27 kB | 8.2/177 kBProgress (5): 230/504 kB | 228/615 kB | 43 kB | 27 kB | 11/177 kB Progress (5): 233/504 kB | 228/615 kB | 43 kB | 27 kB | 11/177 kBProgress (5): 233/504 kB | 228/615 kB | 43 kB | 27 kB | 14/177 kBProgress (5): 233/504 kB | 230/615 kB | 43 kB | 27 kB | 14/177 kBProgress (5): 236/504 kB | 230/615 kB | 43 kB | 27 kB | 14/177 kB                                                                 Downloaded from central: https://repo.maven.apache.org/maven2/org/apache/maven/maven-settings-builder/3.3.9/maven-settings-builder-3.3.9.jar (43 kB at 72 kB/s)
Downloading from central: https://repo.maven.apache.org/maven2/org/apache/maven/maven-aether-provider/3.3.9/maven-aether-provider-3.3.9.jar
Progress (4): 236/504 kB | 230/615 kB | 27 kB | 16/177 kBProgress (4): 236/504 kB | 233/615 kB | 27 kB | 16/177 kBProgress (4): 236/504 kB | 236/615 kB | 27 kB | 16/177 kBProgress (4): 239/504 kB | 236/615 kB | 27 kB | 16/177 kBProgress (4): 241/504 kB | 236/615 kB | 27 kB | 16/177 kBProgress (4): 241/504 kB | 236/615 kB | 27 kB | 19/177 kB                                                         Downloaded from central: https://repo.maven.apache.org/maven2/org/apache/maven/maven-repository-metadata/3.3.9/maven-repository-metadata-3.3.9.jar (27 kB at 45 kB/s)
Progress (3): 241/504 kB | 239/615 kB | 19/177 kB                                                 Downloading from central: https://repo.maven.apache.org/maven2/org/eclipse/aether/aether-spi/1.0.2.v20150114/aether-spi-1.0.2.v20150114.jar
Progress (3): 244/504 kB | 239/615 kB | 19/177 kBProgress (3): 244/504 kB | 241/615 kB | 19/177 kBProgress (3): 244/504 kB | 241/615 kB | 22/177 kBProgress (3): 247/504 kB | 241/615 kB | 22/177 kBProgress (3): 247/504 kB | 244/615 kB | 22/177 kBProgress (3): 247/504 kB | 247/615 kB | 22/177 kBProgress (3): 250/504 kB | 247/615 kB | 22/177 kBProgress (3): 250/504 kB | 247/615 kB | 25/177 kBProgress (3): 250/504 kB | 250/615 kB | 25/177 kBProgress (3): 252/504 kB | 250/615 kB | 25/177 kBProgress (3): 252/504 kB | 252/615 kB | 25/177 kBProgress (3): 255/504 kB | 252/615 kB | 25/177 kBProgress (3): 255/504 kB | 252/615 kB | 27/177 kBProgress (3): 258/504 kB | 252/615 kB | 27/177 kBProgress (3): 258/504 kB | 255/615 kB | 27/177 kBProgress (3): 260/504 kB | 255/615 kB | 27/177 kBProgress (3): 260/504 kB | 258/615 kB | 27/177 kBProgress (3): 260/504 kB | 258/615 kB | 30/177 kBProgress (3): 263/504 kB | 258/615 kB | 30/177 kBProgress (3): 263/504 kB | 260/615 kB | 30/177 kBProgress (3): 266/504 kB | 260/615 kB | 30/177 kBProgress (3): 266/504 kB | 260/615 kB | 33/177 kBProgress (3): 266/504 kB | 263/615 kB | 33/177 kBProgress (3): 269/504 kB | 263/615 kB | 33/177 kBProgress (3): 269/504 kB | 266/615 kB | 33/177 kBProgress (3): 271/504 kB | 266/615 kB | 33/177 kBProgress (3): 271/504 kB | 266/615 kB | 36/177 kBProgress (3): 271/504 kB | 269/615 kB | 36/177 kBProgress (3): 274/504 kB | 269/615 kB | 36/177 kBProgress (3): 274/504 kB | 271/615 kB | 36/177 kBProgress (3): 274/504 kB | 271/615 kB | 38/177 kBProgress (3): 277/504 kB | 271/615 kB | 38/177 kBProgress (3): 277/504 kB | 274/615 kB | 38/177 kBProgress (3): 277/504 kB | 277/615 kB | 38/177 kBProgress (3): 280/504 kB | 277/615 kB | 38/177 kBProgress (3): 280/504 kB | 277/615 kB | 41/177 kBProgress (3): 282/504 kB | 277/615 kB | 41/177 kBProgress (3): 282/504 kB | 280/615 kB | 41/177 kBProgress (3): 282/504 kB | 282/615 kB | 41/177 kBProgress (3): 282/504 kB | 282/615 kB | 44/177 kBProgress (3): 285/504 kB | 282/615 kB | 44/177 kBProgress (3): 288/504 kB | 282/615 kB | 44/177 kBProgress (3): 288/504 kB | 285/615 kB | 44/177 kBProgress (3): 288/504 kB | 285/615 kB | 47/177 kBProgress (3): 291/504 kB | 285/615 kB | 47/177 kBProgress (3): 291/504 kB | 285/615 kB | 49/177 kBProgress (3): 291/504 kB | 285/615 kB | 52/177 kBProgress (3): 291/504 kB | 288/615 kB | 52/177 kBProgress (3): 293/504 kB | 288/615 kB | 52/177 kBProgress (3): 293/504 kB | 288/615 kB | 55/177 kBProgress (4): 293/504 kB | 288/615 kB | 55/177 kB | 2.7/67 kBProgress (4): 293/504 kB | 291/615 kB | 55/177 kB | 2.7/67 kBProgress (4): 293/504 kB | 293/615 kB | 55/177 kB | 2.7/67 kBProgress (4): 293/504 kB | 293/615 kB | 55/177 kB | 5.5/67 kBProgress (4): 293/504 kB | 293/615 kB | 55/177 kB | 8.2/67 kBProgress (4): 293/504 kB | 293/615 kB | 55/177 kB | 11/67 kB Progress (4): 293/504 kB | 293/615 kB | 58/177 kB | 11/67 kBProgress (4): 293/504 kB | 293/615 kB | 58/177 kB | 14/67 kBProgress (4): 296/504 kB | 293/615 kB | 58/177 kB | 14/67 kBProgress (4): 299/504 kB | 293/615 kB | 58/177 kB | 14/67 kBProgress (4): 299/504 kB | 293/615 kB | 58/177 kB | 16/67 kBProgress (4): 299/504 kB | 293/615 kB | 60/177 kB | 16/67 kBProgress (4): 299/504 kB | 296/615 kB | 60/177 kB | 16/67 kBProgress (4): 299/504 kB | 296/615 kB | 60/177 kB | 19/67 kBProgress (4): 299/504 kB | 296/615 kB | 63/177 kB | 19/67 kBProgress (4): 302/504 kB | 296/615 kB | 63/177 kB | 19/67 kBProgress (4): 302/504 kB | 299/615 kB | 63/177 kB | 19/67 kBProgress (4): 302/504 kB | 299/615 kB | 63/177 kB | 22/67 kBProgress (4): 302/504 kB | 299/615 kB | 66/177 kB | 22/67 kBProgress (5): 302/504 kB | 299/615 kB | 66/177 kB | 22/67 kB | 4.1/31 kBProgress (5): 302/504 kB | 299/615 kB | 66/177 kB | 22/67 kB | 8.2/31 kBProgress (5): 302/504 kB | 299/615 kB | 66/177 kB | 22/67 kB | 12/31 kB Progress (5): 302/504 kB | 299/615 kB | 66/177 kB | 22/67 kB | 16/31 kBProgress (5): 304/504 kB | 299/615 kB | 66/177 kB | 22/67 kB | 16/31 kBProgress (5): 304/504 kB | 302/615 kB | 66/177 kB | 22/67 kB | 16/31 kBProgress (5): 304/504 kB | 302/615 kB | 66/177 kB | 25/67 kB | 16/31 kBProgress (5): 304/504 kB | 304/615 kB | 66/177 kB | 25/67 kB | 16/31 kBProgress (5): 304/504 kB | 304/615 kB | 66/177 kB | 25/67 kB | 20/31 kBProgress (5): 304/504 kB | 304/615 kB | 66/177 kB | 25/67 kB | 25/31 kBProgress (5): 304/504 kB | 304/615 kB | 66/177 kB | 25/67 kB | 29/31 kBProgress (5): 304/504 kB | 304/615 kB | 66/177 kB | 25/67 kB | 31 kB   Progress (5): 304/504 kB | 304/615 kB | 69/177 kB | 25/67 kB | 31 kBProgress (5): 304/504 kB | 304/615 kB | 69/177 kB | 27/67 kB | 31 kBProgress (5): 307/504 kB | 304/615 kB | 69/177 kB | 27/67 kB | 31 kBProgress (5): 307/504 kB | 307/615 kB | 69/177 kB | 27/67 kB | 31 kBProgress (5): 307/504 kB | 307/615 kB | 69/177 kB | 30/67 kB | 31 kBProgress (5): 307/504 kB | 310/615 kB | 69/177 kB | 30/67 kB | 31 kBProgress (5): 307/504 kB | 310/615 kB | 71/177 kB | 30/67 kB | 31 kBProgress (5): 310/504 kB | 310/615 kB | 71/177 kB | 30/67 kB | 31 kBProgress (5): 310/504 kB | 310/615 kB | 71/177 kB | 33/67 kB | 31 kBProgress (5): 313/504 kB | 310/615 kB | 71/177 kB | 33/67 kB | 31 kBProgress (5): 313/504 kB | 310/615 kB | 74/177 kB | 33/67 kB | 31 kBProgress (5): 313/504 kB | 313/615 kB | 74/177 kB | 33/67 kB | 31 kBProgress (5): 315/504 kB | 313/615 kB | 74/177 kB | 33/67 kB | 31 kBProgress (5): 315/504 kB | 313/615 kB | 74/177 kB | 36/67 kB | 31 kBProgress (5): 315/504 kB | 313/615 kB | 77/177 kB | 36/67 kB | 31 kBProgress (5): 318/504 kB | 313/615 kB | 77/177 kB | 36/67 kB | 31 kBProgress (5): 318/504 kB | 313/615 kB | 77/177 kB | 38/67 kB | 31 kBProgress (5): 318/504 kB | 315/615 kB | 77/177 kB | 38/67 kB | 31 kBProgress (5): 321/504 kB | 315/615 kB | 77/177 kB | 38/67 kB | 31 kBProgress (5): 321/504 kB | 315/615 kB | 80/177 kB | 38/67 kB | 31 kBProgress (5): 321/504 kB | 318/615 kB | 80/177 kB | 38/67 kB | 31 kBProgress (5): 321/504 kB | 318/615 kB | 80/177 kB | 41/67 kB | 31 kBProgress (5): 324/504 kB | 318/615 kB | 80/177 kB | 41/67 kB | 31 kBProgress (5): 324/504 kB | 318/615 kB | 82/177 kB | 41/67 kB | 31 kBProgress (5): 324/504 kB | 321/615 kB | 82/177 kB | 41/67 kB | 31 kBProgress (5): 324/504 kB | 321/615 kB | 82/177 kB | 44/67 kB | 31 kBProgress (5): 326/504 kB | 321/615 kB | 82/177 kB | 44/67 kB | 31 kBProgress (5): 326/504 kB | 324/615 kB | 82/177 kB | 44/67 kB | 31 kBProgress (5): 326/504 kB | 324/615 kB | 85/177 kB | 44/67 kB | 31 kBProgress (5): 329/504 kB | 324/615 kB | 85/177 kB | 44/67 kB | 31 kBProgress (5): 329/504 kB | 324/615 kB | 85/177 kB | 47/67 kB | 31 kBProgress (5): 329/504 kB | 324/615 kB | 88/177 kB | 47/67 kB | 31 kBProgress (5): 329/504 kB | 326/615 kB | 88/177 kB | 47/67 kB | 31 kBProgress (5): 332/504 kB | 326/615 kB | 88/177 kB | 47/67 kB | 31 kBProgress (5): 332/504 kB | 329/615 kB | 88/177 kB | 47/67 kB | 31 kBProgress (5): 332/504 kB | 329/615 kB | 90/177 kB | 47/67 kB | 31 kBProgress (5): 335/504 kB | 329/615 kB | 90/177 kB | 47/67 kB | 31 kBProgress (5): 335/504 kB | 332/615 kB | 90/177 kB | 47/67 kB | 31 kBProgress (5): 335/504 kB | 335/615 kB | 90/177 kB | 47/67 kB | 31 kBProgress (5): 337/504 kB | 335/615 kB | 90/177 kB | 47/67 kB | 31 kBProgress (5): 337/504 kB | 335/615 kB | 93/177 kB | 47/67 kB | 31 kBProgress (5): 340/504 kB | 335/615 kB | 93/177 kB | 47/67 kB | 31 kBProgress (5): 340/504 kB | 337/615 kB | 93/177 kB | 47/67 kB | 31 kBProgress (5): 340/504 kB | 340/615 kB | 93/177 kB | 47/67 kB | 31 kBProgress (5): 340/504 kB | 340/615 kB | 96/177 kB | 47/67 kB | 31 kBProgress (5): 343/504 kB | 340/615 kB | 96/177 kB | 47/67 kB | 31 kBProgress (5): 345/504 kB | 340/615 kB | 96/177 kB | 47/67 kB | 31 kBProgress (5): 345/504 kB | 343/615 kB | 96/177 kB | 47/67 kB | 31 kBProgress (5): 345/504 kB | 343/615 kB | 99/177 kB | 47/67 kB | 31 kBProgress (5): 348/504 kB | 343/615 kB | 99/177 kB | 47/67 kB | 31 kBProgress (5): 348/504 kB | 343/615 kB | 101/177 kB | 47/67 kB | 31 kBProgress (5): 348/504 kB | 345/615 kB | 101/177 kB | 47/67 kB | 31 kBProgress (5): 348/504 kB | 345/615 kB | 104/177 kB | 47/67 kB | 31 kBProgress (5): 348/504 kB | 348/615 kB | 104/177 kB | 47/67 kB | 31 kBProgress (5): 348/504 kB | 348/615 kB | 104/177 kB | 49/67 kB | 31 kBProgress (5): 348/504 kB | 351/615 kB | 104/177 kB | 49/67 kB | 31 kBProgress (5): 348/504 kB | 351/615 kB | 104/177 kB | 52/67 kB | 31 kBProgress (5): 348/504 kB | 351/615 kB | 104/177 kB | 55/67 kB | 31 kBProgress (5): 348/504 kB | 351/615 kB | 107/177 kB | 55/67 kB | 31 kBProgress (5): 348/504 kB | 351/615 kB | 107/177 kB | 58/67 kB | 31 kBProgress (5): 351/504 kB | 351/615 kB | 107/177 kB | 58/67 kB | 31 kBProgress (5): 354/504 kB | 351/615 kB | 107/177 kB | 58/67 kB | 31 kBProgress (5): 354/504 kB | 351/615 kB | 107/177 kB | 60/67 kB | 31 kBProgress (5): 354/504 kB | 351/615 kB | 110/177 kB | 60/67 kB | 31 kBProgress (5): 354/504 kB | 351/615 kB | 110/177 kB | 63/67 kB | 31 kBProgress (5): 354/504 kB | 354/615 kB | 110/177 kB | 63/67 kB | 31 kBProgress (5): 354/504 kB | 354/615 kB | 112/177 kB | 63/67 kB | 31 kBProgress (5): 354/504 kB | 354/615 kB | 112/177 kB | 66/67 kB | 31 kBProgress (5): 356/504 kB | 354/615 kB | 112/177 kB | 66/67 kB | 31 kBProgress (5): 356/504 kB | 354/615 kB | 112/177 kB | 67 kB | 31 kB   Progress (5): 356/504 kB | 356/615 kB | 112/177 kB | 67 kB | 31 kBProgress (5): 356/504 kB | 356/615 kB | 115/177 kB | 67 kB | 31 kBProgress (5): 359/504 kB | 356/615 kB | 115/177 kB | 67 kB | 31 kBProgress (5): 359/504 kB | 359/615 kB | 115/177 kB | 67 kB | 31 kBProgress (5): 359/504 kB | 362/615 kB | 115/177 kB | 67 kB | 31 kBProgress (5): 359/504 kB | 362/615 kB | 118/177 kB | 67 kB | 31 kBProgress (5): 362/504 kB | 362/615 kB | 118/177 kB | 67 kB | 31 kBProgress (5): 362/504 kB | 362/615 kB | 121/177 kB | 67 kB | 31 kBProgress (5): 362/504 kB | 365/615 kB | 121/177 kB | 67 kB | 31 kBProgress (5): 365/504 kB | 365/615 kB | 121/177 kB | 67 kB | 31 kB                                                                  Downloaded from central: https://repo.maven.apache.org/maven2/org/eclipse/aether/aether-spi/1.0.2.v20150114/aether-spi-1.0.2.v20150114.jar (31 kB at 41 kB/s)
Downloading from central: https://repo.maven.apache.org/maven2/org/eclipse/aether/aether-impl/1.0.2.v20150114/aether-impl-1.0.2.v20150114.jar
Progress (4): 367/504 kB | 365/615 kB | 121/177 kB | 67 kBProgress (4): 367/504 kB | 365/615 kB | 123/177 kB | 67 kBProgress (4): 370/504 kB | 365/615 kB | 123/177 kB | 67 kBProgress (4): 370/504 kB | 367/615 kB | 123/177 kB | 67 kBProgress (4): 370/504 kB | 370/615 kB | 123/177 kB | 67 kBProgress (4): 370/504 kB | 370/615 kB | 126/177 kB | 67 kBProgress (4): 370/504 kB | 373/615 kB | 126/177 kB | 67 kBProgress (4): 373/504 kB | 373/615 kB | 126/177 kB | 67 kBProgress (4): 373/504 kB | 376/615 kB | 126/177 kB | 67 kBProgress (4): 376/504 kB | 376/615 kB | 126/177 kB | 67 kBProgress (4): 376/504 kB | 376/615 kB | 129/177 kB | 67 kBProgress (4): 378/504 kB | 376/615 kB | 129/177 kB | 67 kBProgress (4): 378/504 kB | 378/615 kB | 129/177 kB | 67 kBProgress (4): 378/504 kB | 378/615 kB | 132/177 kB | 67 kBProgress (4): 381/504 kB | 378/615 kB | 132/177 kB | 67 kBProgress (4): 381/504 kB | 378/615 kB | 134/177 kB | 67 kBProgress (4): 384/504 kB | 378/615 kB | 134/177 kB | 67 kBProgress (4): 384/504 kB | 381/615 kB | 134/177 kB | 67 kBProgress (4): 384/504 kB | 381/615 kB | 137/177 kB | 67 kBProgress (4): 387/504 kB | 381/615 kB | 137/177 kB | 67 kBProgress (4): 387/504 kB | 384/615 kB | 137/177 kB | 67 kBProgress (4): 387/504 kB | 384/615 kB | 140/177 kB | 67 kBProgress (4): 389/504 kB | 384/615 kB | 140/177 kB | 67 kBProgress (4): 389/504 kB | 384/615 kB | 143/177 kB | 67 kBProgress (4): 389/504 kB | 387/615 kB | 143/177 kB | 67 kBProgress (4): 392/504 kB | 387/615 kB | 143/177 kB | 67 kBProgress (4): 392/504 kB | 387/615 kB | 145/177 kB | 67 kBProgress (4): 395/504 kB | 387/615 kB | 145/177 kB | 67 kBProgress (4): 395/504 kB | 389/615 kB | 145/177 kB | 67 kBProgress (4): 395/504 kB | 389/615 kB | 148/177 kB | 67 kBProgress (4): 398/504 kB | 389/615 kB | 148/177 kB | 67 kBProgress (4): 398/504 kB | 392/615 kB | 148/177 kB | 67 kBProgress (4): 400/504 kB | 392/615 kB | 148/177 kB | 67 kBProgress (4): 403/504 kB | 392/615 kB | 148/177 kB | 67 kBProgress (4): 403/504 kB | 395/615 kB | 148/177 kB | 67 kBProgress (4): 403/504 kB | 395/615 kB | 151/177 kB | 67 kBProgress (4): 406/504 kB | 395/615 kB | 151/177 kB | 67 kBProgress (4): 406/504 kB | 398/615 kB | 151/177 kB | 67 kBProgress (4): 406/504 kB | 398/615 kB | 154/177 kB | 67 kBProgress (4): 409/504 kB | 398/615 kB | 154/177 kB | 67 kBProgress (4): 409/504 kB | 400/615 kB | 154/177 kB | 67 kBProgress (4): 409/504 kB | 400/615 kB | 156/177 kB | 67 kBProgress (4): 409/504 kB | 400/615 kB | 159/177 kB | 67 kBProgress (4): 411/504 kB | 400/615 kB | 159/177 kB | 67 kBProgress (4): 411/504 kB | 403/615 kB | 159/177 kB | 67 kBProgress (4): 411/504 kB | 406/615 kB | 159/177 kB | 67 kBProgress (4): 411/504 kB | 406/615 kB | 162/177 kB | 67 kBProgress (4): 414/504 kB | 406/615 kB | 162/177 kB | 67 kBProgress (4): 414/504 kB | 409/615 kB | 162/177 kB | 67 kBProgress (4): 417/504 kB | 409/615 kB | 162/177 kB | 67 kBProgress (4): 417/504 kB | 409/615 kB | 165/177 kB | 67 kBProgress (4): 417/504 kB | 409/615 kB | 167/177 kB | 67 kBProgress (4): 417/504 kB | 411/615 kB | 167/177 kB | 67 kBProgress (4): 417/504 kB | 414/615 kB | 167/177 kB | 67 kBProgress (4): 417/504 kB | 414/615 kB | 170/177 kB | 67 kBProgress (4): 420/504 kB | 414/615 kB | 170/177 kB | 67 kB                                                          Downloaded from central: https://repo.maven.apache.org/maven2/org/apache/maven/maven-aether-provider/3.3.9/maven-aether-provider-3.3.9.jar (67 kB at 83 kB/s)
Progress (3): 422/504 kB | 414/615 kB | 170/177 kB                                                  Downloading from central: https://repo.maven.apache.org/maven2/org/eclipse/aether/aether-api/1.0.2.v20150114/aether-api-1.0.2.v20150114.jar
Progress (3): 422/504 kB | 417/615 kB | 170/177 kBProgress (3): 422/504 kB | 417/615 kB | 173/177 kBProgress (3): 425/504 kB | 417/615 kB | 173/177 kBProgress (3): 425/504 kB | 420/615 kB | 173/177 kBProgress (3): 425/504 kB | 420/615 kB | 175/177 kBProgress (3): 425/504 kB | 422/615 kB | 175/177 kBProgress (3): 428/504 kB | 422/615 kB | 175/177 kBProgress (3): 428/504 kB | 422/615 kB | 177 kB    Progress (3): 428/504 kB | 425/615 kB | 177 kBProgress (3): 430/504 kB | 425/615 kB | 177 kBProgress (3): 430/504 kB | 428/615 kB | 177 kBProgress (4): 430/504 kB | 428/615 kB | 177 kB | 4.1/173 kBProgress (4): 430/504 kB | 428/615 kB | 177 kB | 8.2/173 kBProgress (4): 430/504 kB | 428/615 kB | 177 kB | 12/173 kB Progress (4): 430/504 kB | 428/615 kB | 177 kB | 16/173 kBProgress (4): 433/504 kB | 428/615 kB | 177 kB | 16/173 kBProgress (4): 433/504 kB | 430/615 kB | 177 kB | 16/173 kBProgress (4): 433/504 kB | 430/615 kB | 177 kB | 20/173 kBProgress (4): 433/504 kB | 430/615 kB | 177 kB | 25/173 kBProgress (4): 433/504 kB | 430/615 kB | 177 kB | 29/173 kBProgress (4): 433/504 kB | 430/615 kB | 177 kB | 33/173 kBProgress (4): 436/504 kB | 430/615 kB | 177 kB | 33/173 kBProgress (4): 436/504 kB | 433/615 kB | 177 kB | 33/173 kBProgress (4): 436/504 kB | 436/615 kB | 177 kB | 33/173 kBProgress (4): 436/504 kB | 436/615 kB | 177 kB | 37/173 kBProgress (4): 436/504 kB | 436/615 kB | 177 kB | 41/173 kBProgress (4): 436/504 kB | 436/615 kB | 177 kB | 45/173 kBProgress (4): 436/504 kB | 436/615 kB | 177 kB | 49/173 kBProgress (4): 439/504 kB | 436/615 kB | 177 kB | 49/173 kBProgress (4): 439/504 kB | 439/615 kB | 177 kB | 49/173 kBProgress (4): 441/504 kB | 439/615 kB | 177 kB | 49/173 kBProgress (4): 441/504 kB | 441/615 kB | 177 kB | 49/173 kBProgress (4): 441/504 kB | 441/615 kB | 177 kB | 53/173 kBProgress (4): 441/504 kB | 441/615 kB | 177 kB | 57/173 kBProgress (4): 441/504 kB | 441/615 kB | 177 kB | 61/173 kBProgress (4): 441/504 kB | 441/615 kB | 177 kB | 66/173 kBProgress (4): 444/504 kB | 441/615 kB | 177 kB | 66/173 kBProgress (4): 444/504 kB | 444/615 kB | 177 kB | 66/173 kBProgress (4): 444/504 kB | 444/615 kB | 177 kB | 70/173 kBProgress (4): 444/504 kB | 444/615 kB | 177 kB | 74/173 kBProgress (4): 444/504 kB | 444/615 kB | 177 kB | 78/173 kBProgress (4): 444/504 kB | 444/615 kB | 177 kB | 82/173 kBProgress (4): 447/504 kB | 444/615 kB | 177 kB | 82/173 kBProgress (4): 447/504 kB | 447/615 kB | 177 kB | 82/173 kBProgress (4): 450/504 kB | 447/615 kB | 177 kB | 82/173 kBProgress (4): 450/504 kB | 447/615 kB | 177 kB | 86/173 kBProgress (4): 450/504 kB | 447/615 kB | 177 kB | 90/173 kBProgress (4): 450/504 kB | 447/615 kB | 177 kB | 94/173 kBProgress (4): 450/504 kB | 447/615 kB | 177 kB | 98/173 kBProgress (4): 450/504 kB | 450/615 kB | 177 kB | 98/173 kBProgress (4): 452/504 kB | 450/615 kB | 177 kB | 98/173 kBProgress (4): 452/504 kB | 452/615 kB | 177 kB | 98/173 kBProgress (4): 452/504 kB | 452/615 kB | 177 kB | 102/173 kBProgress (4): 452/504 kB | 452/615 kB | 177 kB | 106/173 kBProgress (4): 452/504 kB | 452/615 kB | 177 kB | 111/173 kBProgress (4): 452/504 kB | 452/615 kB | 177 kB | 115/173 kBProgress (4): 455/504 kB | 452/615 kB | 177 kB | 115/173 kBProgress (4): 455/504 kB | 455/615 kB | 177 kB | 115/173 kBProgress (4): 455/504 kB | 455/615 kB | 177 kB | 119/173 kBProgress (4): 455/504 kB | 455/615 kB | 177 kB | 123/173 kBProgress (4): 455/504 kB | 455/615 kB | 177 kB | 127/173 kBProgress (4): 455/504 kB | 455/615 kB | 177 kB | 131/173 kBProgress (4): 458/504 kB | 455/615 kB | 177 kB | 131/173 kBProgress (4): 458/504 kB | 458/615 kB | 177 kB | 131/173 kBProgress (4): 461/504 kB | 458/615 kB | 177 kB | 131/173 kBProgress (4): 461/504 kB | 458/615 kB | 177 kB | 135/173 kBProgress (4): 461/504 kB | 458/615 kB | 177 kB | 139/173 kBProgress (4): 461/504 kB | 458/615 kB | 177 kB | 143/173 kBProgress (4): 461/504 kB | 458/615 kB | 177 kB | 147/173 kBProgress (4): 461/504 kB | 461/615 kB | 177 kB | 147/173 kBProgress (4): 463/504 kB | 461/615 kB | 177 kB | 147/173 kBProgress (4): 466/504 kB | 461/615 kB | 177 kB | 147/173 kBProgress (4): 466/504 kB | 463/615 kB | 177 kB | 147/173 kBProgress (4): 466/504 kB | 463/615 kB | 177 kB | 152/173 kBProgress (4): 466/504 kB | 463/615 kB | 177 kB | 156/173 kBProgress (4): 466/504 kB | 463/615 kB | 177 kB | 160/173 kBProgress (4): 466/504 kB | 463/615 kB | 177 kB | 164/173 kBProgress (4): 469/504 kB | 463/615 kB | 177 kB | 164/173 kBProgress (4): 469/504 kB | 466/615 kB | 177 kB | 164/173 kBProgress (4): 469/504 kB | 466/615 kB | 177 kB | 168/173 kBProgress (4): 469/504 kB | 466/615 kB | 177 kB | 172/173 kBProgress (4): 472/504 kB | 466/615 kB | 177 kB | 172/173 kBProgress (4): 472/504 kB | 466/615 kB | 177 kB | 173 kB    Progress (4): 474/504 kB | 466/615 kB | 177 kB | 173 kBProgress (4): 474/504 kB | 469/615 kB | 177 kB | 173 kBProgress (4): 474/504 kB | 472/615 kB | 177 kB | 173 kBProgress (4): 474/504 kB | 474/615 kB | 177 kB | 173 kBProgress (5): 474/504 kB | 474/615 kB | 177 kB | 173 kB | 2.7/136 kBProgress (5): 474/504 kB | 474/615 kB | 177 kB | 173 kB | 5.5/136 kBProgress (5): 474/504 kB | 474/615 kB | 177 kB | 173 kB | 8.2/136 kBProgress (5): 474/504 kB | 474/615 kB | 177 kB | 173 kB | 11/136 kB Progress (5): 474/504 kB | 474/615 kB | 177 kB | 173 kB | 14/136 kBProgress (5): 474/504 kB | 477/615 kB | 177 kB | 173 kB | 14/136 kBProgress (5): 474/504 kB | 480/615 kB | 177 kB | 173 kB | 14/136 kBProgress (5): 474/504 kB | 480/615 kB | 177 kB | 173 kB | 16/136 kBProgress (5): 474/504 kB | 483/615 kB | 177 kB | 173 kB | 16/136 kBProgress (5): 474/504 kB | 483/615 kB | 177 kB | 173 kB | 19/136 kB                                                                   Downloaded from central: https://repo.maven.apache.org/maven2/org/apache/maven/maven-model-builder/3.3.9/maven-model-builder-3.3.9.jar (177 kB at 193 kB/s)
Downloading from central: https://repo.maven.apache.org/maven2/org/eclipse/aether/aether-util/1.0.2.v20150114/aether-util-1.0.2.v20150114.jar
Progress (4): 474/504 kB | 485/615 kB | 173 kB | 19/136 kBProgress (4): 478/504 kB | 485/615 kB | 173 kB | 19/136 kBProgress (4): 483/504 kB | 485/615 kB | 173 kB | 19/136 kBProgress (4): 487/504 kB | 485/615 kB | 173 kB | 19/136 kBProgress (4): 491/504 kB | 485/615 kB | 173 kB | 19/136 kBProgress (4): 491/504 kB | 488/615 kB | 173 kB | 19/136 kBProgress (4): 491/504 kB | 488/615 kB | 173 kB | 22/136 kBProgress (4): 491/504 kB | 491/615 kB | 173 kB | 22/136 kBProgress (4): 491/504 kB | 491/615 kB | 173 kB | 25/136 kBProgress (4): 491/504 kB | 494/615 kB | 173 kB | 25/136 kBProgress (4): 491/504 kB | 494/615 kB | 173 kB | 27/136 kBProgress (4): 491/504 kB | 496/615 kB | 173 kB | 27/136 kBProgress (4): 491/504 kB | 496/615 kB | 173 kB | 30/136 kBProgress (4): 495/504 kB | 496/615 kB | 173 kB | 30/136 kBProgress (4): 499/504 kB | 496/615 kB | 173 kB | 30/136 kBProgress (4): 503/504 kB | 496/615 kB | 173 kB | 30/136 kBProgress (4): 504 kB | 496/615 kB | 173 kB | 30/136 kB    Progress (4): 504 kB | 499/615 kB | 173 kB | 30/136 kBProgress (4): 504 kB | 499/615 kB | 173 kB | 33/136 kBProgress (4): 504 kB | 502/615 kB | 173 kB | 33/136 kBProgress (4): 504 kB | 502/615 kB | 173 kB | 36/136 kBProgress (4): 504 kB | 505/615 kB | 173 kB | 36/136 kBProgress (4): 504 kB | 505/615 kB | 173 kB | 38/136 kBProgress (4): 504 kB | 505/615 kB | 173 kB | 41/136 kBProgress (4): 504 kB | 507/615 kB | 173 kB | 41/136 kBProgress (4): 504 kB | 507/615 kB | 173 kB | 44/136 kBProgress (4): 504 kB | 507/615 kB | 173 kB | 47/136 kBProgress (4): 504 kB | 510/615 kB | 173 kB | 47/136 kBProgress (4): 504 kB | 510/615 kB | 173 kB | 49/136 kBProgress (4): 504 kB | 513/615 kB | 173 kB | 49/136 kBProgress (4): 504 kB | 515/615 kB | 173 kB | 49/136 kBProgress (4): 504 kB | 518/615 kB | 173 kB | 49/136 kBProgress (4): 504 kB | 521/615 kB | 173 kB | 49/136 kBProgress (4): 504 kB | 524/615 kB | 173 kB | 49/136 kBProgress (4): 504 kB | 526/615 kB | 173 kB | 49/136 kBProgress (4): 504 kB | 529/615 kB | 173 kB | 49/136 kBProgress (4): 504 kB | 532/615 kB | 173 kB | 49/136 kBProgress (4): 504 kB | 535/615 kB | 173 kB | 49/136 kBProgress (4): 504 kB | 537/615 kB | 173 kB | 49/136 kB                                                      Downloaded from central: https://repo.maven.apache.org/maven2/org/eclipse/aether/aether-impl/1.0.2.v20150114/aether-impl-1.0.2.v20150114.jar (173 kB at 182 kB/s)
Downloading from central: https://repo.maven.apache.org/maven2/org/eclipse/sisu/org.eclipse.sisu.plexus/0.3.2/org.eclipse.sisu.plexus-0.3.2.jar
Progress (3): 504 kB | 537/615 kB | 52/136 kBProgress (3): 504 kB | 537/615 kB | 55/136 kBProgress (3): 504 kB | 540/615 kB | 55/136 kBProgress (3): 504 kB | 543/615 kB | 55/136 kBProgress (3): 504 kB | 543/615 kB | 58/136 kBProgress (3): 504 kB | 546/615 kB | 58/136 kBProgress (3): 504 kB | 546/615 kB | 60/136 kBProgress (3): 504 kB | 546/615 kB | 63/136 kBProgress (3): 504 kB | 548/615 kB | 63/136 kBProgress (3): 504 kB | 551/615 kB | 63/136 kBProgress (3): 504 kB | 551/615 kB | 66/136 kBProgress (3): 504 kB | 554/615 kB | 66/136 kBProgress (4): 504 kB | 554/615 kB | 66/136 kB | 4.1/147 kBProgress (4): 504 kB | 554/615 kB | 66/136 kB | 8.2/147 kBProgress (4): 504 kB | 554/615 kB | 66/136 kB | 12/147 kB Progress (4): 504 kB | 554/615 kB | 66/136 kB | 16/147 kBProgress (4): 504 kB | 554/615 kB | 69/136 kB | 16/147 kBProgress (4): 504 kB | 557/615 kB | 69/136 kB | 16/147 kBProgress (4): 504 kB | 557/615 kB | 71/136 kB | 16/147 kBProgress (4): 504 kB | 559/615 kB | 71/136 kB | 16/147 kB                                                         Downloaded from central: https://repo.maven.apache.org/maven2/org/apache/commons/commons-lang3/3.9/commons-lang3-3.9.jar (504 kB at 517 kB/s)
Downloading from central: https://repo.maven.apache.org/maven2/org/eclipse/sisu/org.eclipse.sisu.inject/0.3.2/org.eclipse.sisu.inject-0.3.2.jar
Progress (3): 562/615 kB | 71/136 kB | 16/147 kBProgress (3): 565/615 kB | 71/136 kB | 16/147 kBProgress (3): 565/615 kB | 71/136 kB | 20/147 kBProgress (3): 565/615 kB | 71/136 kB | 25/147 kBProgress (3): 565/615 kB | 71/136 kB | 29/147 kBProgress (3): 565/615 kB | 71/136 kB | 33/147 kBProgress (3): 565/615 kB | 74/136 kB | 33/147 kBProgress (3): 565/615 kB | 77/136 kB | 33/147 kBProgress (3): 568/615 kB | 77/136 kB | 33/147 kBProgress (3): 570/615 kB | 77/136 kB | 33/147 kBProgress (3): 573/615 kB | 77/136 kB | 33/147 kBProgress (3): 573/615 kB | 80/136 kB | 33/147 kBProgress (3): 576/615 kB | 80/136 kB | 33/147 kBProgress (3): 579/615 kB | 80/136 kB | 33/147 kBProgress (3): 579/615 kB | 82/136 kB | 33/147 kBProgress (3): 581/615 kB | 82/136 kB | 33/147 kBProgress (3): 581/615 kB | 82/136 kB | 37/147 kBProgress (3): 581/615 kB | 82/136 kB | 41/147 kBProgress (3): 581/615 kB | 82/136 kB | 45/147 kBProgress (3): 581/615 kB | 82/136 kB | 49/147 kBProgress (3): 584/615 kB | 82/136 kB | 49/147 kBProgress (3): 584/615 kB | 85/136 kB | 49/147 kBProgress (3): 584/615 kB | 88/136 kB | 49/147 kBProgress (3): 587/615 kB | 88/136 kB | 49/147 kBProgress (4): 587/615 kB | 88/136 kB | 49/147 kB | 4.1/205 kBProgress (4): 587/615 kB | 88/136 kB | 49/147 kB | 8.2/205 kBProgress (4): 587/615 kB | 88/136 kB | 49/147 kB | 12/205 kB Progress (4): 587/615 kB | 88/136 kB | 49/147 kB | 16/205 kBProgress (4): 590/615 kB | 88/136 kB | 49/147 kB | 16/205 kBProgress (4): 590/615 kB | 90/136 kB | 49/147 kB | 16/205 kBProgress (4): 592/615 kB | 90/136 kB | 49/147 kB | 16/205 kBProgress (4): 592/615 kB | 90/136 kB | 49/147 kB | 20/205 kBProgress (4): 592/615 kB | 90/136 kB | 49/147 kB | 25/205 kBProgress (4): 592/615 kB | 90/136 kB | 49/147 kB | 29/205 kBProgress (4): 592/615 kB | 90/136 kB | 49/147 kB | 33/205 kBProgress (4): 592/615 kB | 93/136 kB | 49/147 kB | 33/205 kBProgress (4): 595/615 kB | 93/136 kB | 49/147 kB | 33/205 kBProgress (4): 598/615 kB | 93/136 kB | 49/147 kB | 33/205 kBProgress (4): 598/615 kB | 96/136 kB | 49/147 kB | 33/205 kBProgress (4): 598/615 kB | 96/136 kB | 49/147 kB | 37/205 kBProgress (4): 598/615 kB | 96/136 kB | 49/147 kB | 41/205 kBProgress (4): 598/615 kB | 96/136 kB | 49/147 kB | 45/205 kBProgress (4): 600/615 kB | 96/136 kB | 49/147 kB | 45/205 kBProgress (4): 600/615 kB | 96/136 kB | 49/147 kB | 49/205 kBProgress (4): 600/615 kB | 96/136 kB | 53/147 kB | 49/205 kBProgress (4): 600/615 kB | 96/136 kB | 57/147 kB | 49/205 kBProgress (4): 603/615 kB | 96/136 kB | 57/147 kB | 49/205 kBProgress (4): 603/615 kB | 96/136 kB | 61/147 kB | 49/205 kBProgress (4): 603/615 kB | 96/136 kB | 66/147 kB | 49/205 kBProgress (4): 603/615 kB | 99/136 kB | 66/147 kB | 49/205 kBProgress (4): 606/615 kB | 99/136 kB | 66/147 kB | 49/205 kBProgress (4): 606/615 kB | 99/136 kB | 66/147 kB | 53/205 kBProgress (4): 606/615 kB | 99/136 kB | 66/147 kB | 57/205 kBProgress (4): 606/615 kB | 99/136 kB | 66/147 kB | 61/205 kBProgress (4): 606/615 kB | 99/136 kB | 66/147 kB | 66/205 kBProgress (4): 606/615 kB | 101/136 kB | 66/147 kB | 66/205 kBProgress (4): 609/615 kB | 101/136 kB | 66/147 kB | 66/205 kBProgress (4): 611/615 kB | 101/136 kB | 66/147 kB | 66/205 kBProgress (4): 611/615 kB | 104/136 kB | 66/147 kB | 66/205 kBProgress (4): 614/615 kB | 104/136 kB | 66/147 kB | 66/205 kBProgress (4): 615 kB | 104/136 kB | 66/147 kB | 66/205 kB    Progress (4): 615 kB | 104/136 kB | 66/147 kB | 70/205 kBProgress (4): 615 kB | 104/136 kB | 66/147 kB | 74/205 kBProgress (4): 615 kB | 104/136 kB | 66/147 kB | 78/205 kBProgress (4): 615 kB | 104/136 kB | 66/147 kB | 82/205 kBProgress (4): 615 kB | 107/136 kB | 66/147 kB | 82/205 kBProgress (4): 615 kB | 109/136 kB | 66/147 kB | 82/205 kBProgress (5): 615 kB | 109/136 kB | 66/147 kB | 82/205 kB | 4.1/378 kBProgress (5): 615 kB | 109/136 kB | 66/147 kB | 82/205 kB | 8.2/378 kBProgress (5): 615 kB | 109/136 kB | 66/147 kB | 82/205 kB | 12/378 kB Progress (5): 615 kB | 109/136 kB | 66/147 kB | 82/205 kB | 16/378 kBProgress (5): 615 kB | 109/136 kB | 70/147 kB | 82/205 kB | 16/378 kBProgress (5): 615 kB | 109/136 kB | 74/147 kB | 82/205 kB | 16/378 kBProgress (5): 615 kB | 109/136 kB | 78/147 kB | 82/205 kB | 16/378 kBProgress (5): 615 kB | 109/136 kB | 82/147 kB | 82/205 kB | 16/378 kBProgress (5): 615 kB | 109/136 kB | 82/147 kB | 86/205 kB | 16/378 kBProgress (5): 615 kB | 109/136 kB | 82/147 kB | 90/205 kB | 16/378 kBProgress (5): 615 kB | 109/136 kB | 82/147 kB | 94/205 kB | 16/378 kBProgress (5): 615 kB | 109/136 kB | 82/147 kB | 98/205 kB | 16/378 kBProgress (5): 615 kB | 109/136 kB | 82/147 kB | 102/205 kB | 16/378 kBProgress (5): 615 kB | 109/136 kB | 82/147 kB | 106/205 kB | 16/378 kBProgress (5): 615 kB | 109/136 kB | 82/147 kB | 111/205 kB | 16/378 kBProgress (5): 615 kB | 109/136 kB | 82/147 kB | 115/205 kB | 16/378 kBProgress (5): 615 kB | 109/136 kB | 82/147 kB | 119/205 kB | 16/378 kBProgress (5): 615 kB | 109/136 kB | 82/147 kB | 123/205 kB | 16/378 kBProgress (5): 615 kB | 109/136 kB | 82/147 kB | 127/205 kB | 16/378 kBProgress (5): 615 kB | 109/136 kB | 82/147 kB | 131/205 kB | 16/378 kBProgress (5): 615 kB | 109/136 kB | 86/147 kB | 131/205 kB | 16/378 kBProgress (5): 615 kB | 109/136 kB | 90/147 kB | 131/205 kB | 16/378 kBProgress (5): 615 kB | 109/136 kB | 94/147 kB | 131/205 kB | 16/378 kBProgress (5): 615 kB | 109/136 kB | 98/147 kB | 131/205 kB | 16/378 kBProgress (5): 615 kB | 113/136 kB | 98/147 kB | 131/205 kB | 16/378 kBProgress (5): 615 kB | 117/136 kB | 98/147 kB | 131/205 kB | 16/378 kBProgress (5): 615 kB | 121/136 kB | 98/147 kB | 131/205 kB | 16/378 kBProgress (5): 615 kB | 121/136 kB | 98/147 kB | 135/205 kB | 16/378 kBProgress (5): 615 kB | 125/136 kB | 98/147 kB | 135/205 kB | 16/378 kBProgress (5): 615 kB | 125/136 kB | 98/147 kB | 139/205 kB | 16/378 kBProgress (5): 615 kB | 125/136 kB | 98/147 kB | 143/205 kB | 16/378 kBProgress (5): 615 kB | 125/136 kB | 98/147 kB | 147/205 kB | 16/378 kBProgress (5): 615 kB | 125/136 kB | 98/147 kB | 147/205 kB | 20/378 kBProgress (5): 615 kB | 125/136 kB | 98/147 kB | 147/205 kB | 25/378 kBProgress (5): 615 kB | 125/136 kB | 98/147 kB | 147/205 kB | 29/378 kBProgress (5): 615 kB | 125/136 kB | 98/147 kB | 147/205 kB | 33/378 kBProgress (5): 615 kB | 125/136 kB | 98/147 kB | 152/205 kB | 33/378 kBProgress (5): 615 kB | 125/136 kB | 98/147 kB | 156/205 kB | 33/378 kBProgress (5): 615 kB | 125/136 kB | 98/147 kB | 160/205 kB | 33/378 kBProgress (5): 615 kB | 125/136 kB | 98/147 kB | 164/205 kB | 33/378 kBProgress (5): 615 kB | 125/136 kB | 98/147 kB | 168/205 kB | 33/378 kBProgress (5): 615 kB | 125/136 kB | 98/147 kB | 172/205 kB | 33/378 kBProgress (5): 615 kB | 125/136 kB | 98/147 kB | 176/205 kB | 33/378 kBProgress (5): 615 kB | 125/136 kB | 98/147 kB | 180/205 kB | 33/378 kBProgress (5): 615 kB | 130/136 kB | 98/147 kB | 180/205 kB | 33/378 kBProgress (5): 615 kB | 134/136 kB | 98/147 kB | 180/205 kB | 33/378 kBProgress (5): 615 kB | 136 kB | 98/147 kB | 180/205 kB | 33/378 kB    Progress (5): 615 kB | 136 kB | 98/147 kB | 184/205 kB | 33/378 kBProgress (5): 615 kB | 136 kB | 98/147 kB | 188/205 kB | 33/378 kBProgress (5): 615 kB | 136 kB | 98/147 kB | 193/205 kB | 33/378 kBProgress (5): 615 kB | 136 kB | 98/147 kB | 197/205 kB | 33/378 kBProgress (5): 615 kB | 136 kB | 98/147 kB | 201/205 kB | 33/378 kBProgress (5): 615 kB | 136 kB | 98/147 kB | 205/205 kB | 33/378 kBProgress (5): 615 kB | 136 kB | 102/147 kB | 205/205 kB | 33/378 kBProgress (5): 615 kB | 136 kB | 106/147 kB | 205/205 kB | 33/378 kBProgress (5): 615 kB | 136 kB | 111/147 kB | 205/205 kB | 33/378 kBProgress (5): 615 kB | 136 kB | 115/147 kB | 205/205 kB | 33/378 kBProgress (5): 615 kB | 136 kB | 115/147 kB | 205 kB | 33/378 kB    Progress (5): 615 kB | 136 kB | 115/147 kB | 205 kB | 37/378 kBProgress (5): 615 kB | 136 kB | 115/147 kB | 205 kB | 41/378 kBProgress (5): 615 kB | 136 kB | 115/147 kB | 205 kB | 45/378 kBProgress (5): 615 kB | 136 kB | 115/147 kB | 205 kB | 49/378 kBProgress (5): 615 kB | 136 kB | 119/147 kB | 205 kB | 49/378 kBProgress (5): 615 kB | 136 kB | 123/147 kB | 205 kB | 49/378 kBProgress (5): 615 kB | 136 kB | 127/147 kB | 205 kB | 49/378 kBProgress (5): 615 kB | 136 kB | 131/147 kB | 205 kB | 49/378 kBProgress (5): 615 kB | 136 kB | 131/147 kB | 205 kB | 53/378 kBProgress (5): 615 kB | 136 kB | 131/147 kB | 205 kB | 57/378 kBProgress (5): 615 kB | 136 kB | 131/147 kB | 205 kB | 61/378 kBProgress (5): 615 kB | 136 kB | 131/147 kB | 205 kB | 66/378 kBProgress (5): 615 kB | 136 kB | 131/147 kB | 205 kB | 70/378 kB                                                               Downloaded from central: https://repo.maven.apache.org/maven2/org/apache/commons/commons-compress/1.19/commons-compress-1.19.jar (615 kB at 535 kB/s)
Downloading from central: https://repo.maven.apache.org/maven2/com/google/inject/guice/4.0/guice-4.0-no_aop.jar
Progress (4): 136 kB | 131/147 kB | 205 kB | 74/378 kBProgress (4): 136 kB | 131/147 kB | 205 kB | 78/378 kBProgress (4): 136 kB | 131/147 kB | 205 kB | 82/378 kBProgress (4): 136 kB | 135/147 kB | 205 kB | 82/378 kBProgress (4): 136 kB | 139/147 kB | 205 kB | 82/378 kBProgress (4): 136 kB | 143/147 kB | 205 kB | 82/378 kBProgress (4): 136 kB | 147 kB | 205 kB | 82/378 kB    Progress (4): 136 kB | 147 kB | 205 kB | 86/378 kBProgress (4): 136 kB | 147 kB | 205 kB | 90/378 kBProgress (4): 136 kB | 147 kB | 205 kB | 94/378 kBProgress (4): 136 kB | 147 kB | 205 kB | 98/378 kB                                                  Downloaded from central: https://repo.maven.apache.org/maven2/org/eclipse/aether/aether-api/1.0.2.v20150114/aether-api-1.0.2.v20150114.jar (136 kB at 118 kB/s)
Progress (3): 147 kB | 205 kB | 102/378 kB                                          Downloading from central: https://repo.maven.apache.org/maven2/javax/inject/javax.inject/1/javax.inject-1.jar
Progress (3): 147 kB | 205 kB | 106/378 kBProgress (3): 147 kB | 205 kB | 111/378 kBProgress (3): 147 kB | 205 kB | 115/378 kB                                          Downloaded from central: https://repo.maven.apache.org/maven2/org/eclipse/sisu/org.eclipse.sisu.plexus/0.3.2/org.eclipse.sisu.plexus-0.3.2.jar (205 kB at 177 kB/s)
Downloading from central: https://repo.maven.apache.org/maven2/aopalliance/aopalliance/1.0/aopalliance-1.0.jar
Progress (2): 147 kB | 119/378 kBProgress (2): 147 kB | 123/378 kBProgress (2): 147 kB | 127/378 kBProgress (2): 147 kB | 131/378 kBProgress (3): 147 kB | 131/378 kB | 4.1/424 kBProgress (3): 147 kB | 131/378 kB | 8.2/424 kBProgress (3): 147 kB | 131/378 kB | 12/424 kB Progress (3): 147 kB | 131/378 kB | 16/424 kB                                             Downloaded from central: https://repo.maven.apache.org/maven2/org/eclipse/aether/aether-util/1.0.2.v20150114/aether-util-1.0.2.v20150114.jar (147 kB at 124 kB/s)
Downloading from central: https://repo.maven.apache.org/maven2/org/codehaus/plexus/plexus-classworlds/2.5.2/plexus-classworlds-2.5.2.jar
Progress (2): 135/378 kB | 16/424 kBProgress (2): 139/378 kB | 16/424 kBProgress (2): 143/378 kB | 16/424 kBProgress (2): 147/378 kB | 16/424 kBProgress (3): 147/378 kB | 16/424 kB | 2.5 kBProgress (4): 147/378 kB | 16/424 kB | 2.5 kB | 4.1/4.5 kBProgress (4): 147/378 kB | 16/424 kB | 2.5 kB | 4.5 kB    Progress (4): 147/378 kB | 20/424 kB | 2.5 kB | 4.5 kBProgress (4): 147/378 kB | 25/424 kB | 2.5 kB | 4.5 kBProgress (4): 147/378 kB | 29/424 kB | 2.5 kB | 4.5 kBProgress (4): 147/378 kB | 33/424 kB | 2.5 kB | 4.5 kBProgress (4): 152/378 kB | 33/424 kB | 2.5 kB | 4.5 kBProgress (4): 156/378 kB | 33/424 kB | 2.5 kB | 4.5 kBProgress (4): 160/378 kB | 33/424 kB | 2.5 kB | 4.5 kBProgress (4): 164/378 kB | 33/424 kB | 2.5 kB | 4.5 kBProgress (4): 164/378 kB | 37/424 kB | 2.5 kB | 4.5 kBProgress (4): 164/378 kB | 41/424 kB | 2.5 kB | 4.5 kBProgress (4): 164/378 kB | 45/424 kB | 2.5 kB | 4.5 kBProgress (4): 164/378 kB | 49/424 kB | 2.5 kB | 4.5 kBProgress (4): 168/378 kB | 49/424 kB | 2.5 kB | 4.5 kBProgress (4): 172/378 kB | 49/424 kB | 2.5 kB | 4.5 kBProgress (4): 176/378 kB | 49/424 kB | 2.5 kB | 4.5 kBProgress (4): 180/378 kB | 49/424 kB | 2.5 kB | 4.5 kBProgress (4): 180/378 kB | 53/424 kB | 2.5 kB | 4.5 kBProgress (4): 180/378 kB | 57/424 kB | 2.5 kB | 4.5 kBProgress (4): 180/378 kB | 61/424 kB | 2.5 kB | 4.5 kBProgress (4): 180/378 kB | 66/424 kB | 2.5 kB | 4.5 kBProgress (4): 184/378 kB | 66/424 kB | 2.5 kB | 4.5 kBProgress (4): 188/378 kB | 66/424 kB | 2.5 kB | 4.5 kB                                                      Downloaded from central: https://repo.maven.apache.org/maven2/javax/inject/javax.inject/1/javax.inject-1.jar (2.5 kB at 2.0 kB/s)
Downloading from central: https://repo.maven.apache.org/maven2/org/codehaus/plexus/plexus-component-annotations/1.6/plexus-component-annotations-1.6.jar
Progress (3): 193/378 kB | 66/424 kB | 4.5 kBProgress (3): 197/378 kB | 66/424 kB | 4.5 kBProgress (3): 197/378 kB | 70/424 kB | 4.5 kBProgress (3): 197/378 kB | 74/424 kB | 4.5 kBProgress (3): 197/378 kB | 78/424 kB | 4.5 kBProgress (3): 197/378 kB | 82/424 kB | 4.5 kB                                             Downloaded from central: https://repo.maven.apache.org/maven2/aopalliance/aopalliance/1.0/aopalliance-1.0.jar (4.5 kB at 3.6 kB/s)
Downloading from central: https://repo.maven.apache.org/maven2/org/apache/maven/maven-model/3.3.9/maven-model-3.3.9.jar
Progress (2): 201/378 kB | 82/424 kBProgress (2): 205/378 kB | 82/424 kBProgress (2): 209/378 kB | 82/424 kBProgress (2): 213/378 kB | 82/424 kBProgress (2): 213/378 kB | 86/424 kBProgress (2): 213/378 kB | 90/424 kBProgress (2): 213/378 kB | 94/424 kBProgress (2): 213/378 kB | 98/424 kBProgress (3): 213/378 kB | 98/424 kB | 4.1/53 kBProgress (3): 213/378 kB | 98/424 kB | 8.2/53 kBProgress (3): 213/378 kB | 98/424 kB | 12/53 kB Progress (3): 213/378 kB | 98/424 kB | 16/53 kBProgress (3): 217/378 kB | 98/424 kB | 16/53 kBProgress (3): 221/378 kB | 98/424 kB | 16/53 kBProgress (3): 225/378 kB | 98/424 kB | 16/53 kBProgress (3): 229/378 kB | 98/424 kB | 16/53 kBProgress (3): 229/378 kB | 102/424 kB | 16/53 kBProgress (3): 229/378 kB | 106/424 kB | 16/53 kBProgress (3): 229/378 kB | 111/424 kB | 16/53 kBProgress (3): 229/378 kB | 115/424 kB | 16/53 kBProgress (3): 233/378 kB | 115/424 kB | 16/53 kBProgress (3): 238/378 kB | 115/424 kB | 16/53 kBProgress (3): 242/378 kB | 115/424 kB | 16/53 kBProgress (3): 246/378 kB | 115/424 kB | 16/53 kBProgress (3): 246/378 kB | 119/424 kB | 16/53 kBProgress (3): 246/378 kB | 123/424 kB | 16/53 kBProgress (3): 246/378 kB | 127/424 kB | 16/53 kBProgress (3): 246/378 kB | 131/424 kB | 16/53 kBProgress (3): 250/378 kB | 131/424 kB | 16/53 kBProgress (3): 254/378 kB | 131/424 kB | 16/53 kBProgress (3): 258/378 kB | 131/424 kB | 16/53 kBProgress (3): 262/378 kB | 131/424 kB | 16/53 kBProgress (3): 262/378 kB | 131/424 kB | 20/53 kBProgress (3): 262/378 kB | 131/424 kB | 25/53 kBProgress (3): 262/378 kB | 131/424 kB | 29/53 kBProgress (3): 262/378 kB | 131/424 kB | 33/53 kBProgress (3): 262/378 kB | 135/424 kB | 33/53 kBProgress (3): 262/378 kB | 139/424 kB | 33/53 kBProgress (3): 262/378 kB | 143/424 kB | 33/53 kBProgress (4): 262/378 kB | 143/424 kB | 33/53 kB | 4.1/4.3 kBProgress (4): 262/378 kB | 143/424 kB | 33/53 kB | 4.3 kB    Progress (4): 262/378 kB | 147/424 kB | 33/53 kB | 4.3 kBProgress (4): 266/378 kB | 147/424 kB | 33/53 kB | 4.3 kBProgress (4): 270/378 kB | 147/424 kB | 33/53 kB | 4.3 kBProgress (4): 274/378 kB | 147/424 kB | 33/53 kB | 4.3 kBProgress (4): 279/378 kB | 147/424 kB | 33/53 kB | 4.3 kBProgress (4): 279/378 kB | 152/424 kB | 33/53 kB | 4.3 kBProgress (4): 279/378 kB | 156/424 kB | 33/53 kB | 4.3 kBProgress (4): 279/378 kB | 160/424 kB | 33/53 kB | 4.3 kBProgress (4): 279/378 kB | 164/424 kB | 33/53 kB | 4.3 kBProgress (5): 279/378 kB | 164/424 kB | 33/53 kB | 4.3 kB | 4.1/164 kBProgress (5): 279/378 kB | 164/424 kB | 33/53 kB | 4.3 kB | 8.2/164 kBProgress (5): 279/378 kB | 164/424 kB | 33/53 kB | 4.3 kB | 12/164 kB Progress (5): 279/378 kB | 164/424 kB | 37/53 kB | 4.3 kB | 12/164 kBProgress (5): 279/378 kB | 164/424 kB | 37/53 kB | 4.3 kB | 16/164 kBProgress (5): 279/378 kB | 164/424 kB | 41/53 kB | 4.3 kB | 16/164 kBProgress (5): 279/378 kB | 164/424 kB | 45/53 kB | 4.3 kB | 16/164 kBProgress (5): 279/378 kB | 164/424 kB | 49/53 kB | 4.3 kB | 16/164 kBProgress (5): 283/378 kB | 164/424 kB | 49/53 kB | 4.3 kB | 16/164 kBProgress (5): 287/378 kB | 164/424 kB | 49/53 kB | 4.3 kB | 16/164 kBProgress (5): 291/378 kB | 164/424 kB | 49/53 kB | 4.3 kB | 16/164 kBProgress (5): 295/378 kB | 164/424 kB | 49/53 kB | 4.3 kB | 16/164 kBProgress (5): 295/378 kB | 164/424 kB | 49/53 kB | 4.3 kB | 20/164 kBProgress (5): 295/378 kB | 164/424 kB | 49/53 kB | 4.3 kB | 25/164 kBProgress (5): 295/378 kB | 164/424 kB | 49/53 kB | 4.3 kB | 29/164 kBProgress (5): 295/378 kB | 164/424 kB | 49/53 kB | 4.3 kB | 33/164 kBProgress (5): 295/378 kB | 164/424 kB | 53 kB | 4.3 kB | 33/164 kB   Progress (5): 295/378 kB | 164/424 kB | 53 kB | 4.3 kB | 37/164 kBProgress (5): 295/378 kB | 164/424 kB | 53 kB | 4.3 kB | 41/164 kBProgress (5): 295/378 kB | 164/424 kB | 53 kB | 4.3 kB | 45/164 kBProgress (5): 295/378 kB | 164/424 kB | 53 kB | 4.3 kB | 49/164 kBProgress (5): 295/378 kB | 168/424 kB | 53 kB | 4.3 kB | 49/164 kBProgress (5): 295/378 kB | 172/424 kB | 53 kB | 4.3 kB | 49/164 kBProgress (5): 295/378 kB | 176/424 kB | 53 kB | 4.3 kB | 49/164 kBProgress (5): 295/378 kB | 180/424 kB | 53 kB | 4.3 kB | 49/164 kBProgress (5): 295/378 kB | 180/424 kB | 53 kB | 4.3 kB | 53/164 kBProgress (5): 295/378 kB | 180/424 kB | 53 kB | 4.3 kB | 57/164 kBProgress (5): 295/378 kB | 180/424 kB | 53 kB | 4.3 kB | 61/164 kBProgress (5): 295/378 kB | 180/424 kB | 53 kB | 4.3 kB | 66/164 kBProgress (5): 299/378 kB | 180/424 kB | 53 kB | 4.3 kB | 66/164 kBProgress (5): 303/378 kB | 180/424 kB | 53 kB | 4.3 kB | 66/164 kBProgress (5): 307/378 kB | 180/424 kB | 53 kB | 4.3 kB | 66/164 kBProgress (5): 311/378 kB | 180/424 kB | 53 kB | 4.3 kB | 66/164 kBProgress (5): 311/378 kB | 180/424 kB | 53 kB | 4.3 kB | 70/164 kBProgress (5): 311/378 kB | 180/424 kB | 53 kB | 4.3 kB | 74/164 kBProgress (5): 311/378 kB | 180/424 kB | 53 kB | 4.3 kB | 78/164 kBProgress (5): 311/378 kB | 180/424 kB | 53 kB | 4.3 kB | 82/164 kBProgress (5): 311/378 kB | 184/424 kB | 53 kB | 4.3 kB | 82/164 kBProgress (5): 311/378 kB | 188/424 kB | 53 kB | 4.3 kB | 82/164 kBProgress (5): 311/378 kB | 193/424 kB | 53 kB | 4.3 kB | 82/164 kBProgress (5): 311/378 kB | 197/424 kB | 53 kB | 4.3 kB | 82/164 kBProgress (5): 311/378 kB | 197/424 kB | 53 kB | 4.3 kB | 86/164 kBProgress (5): 311/378 kB | 197/424 kB | 53 kB | 4.3 kB | 90/164 kBProgress (5): 311/378 kB | 197/424 kB | 53 kB | 4.3 kB | 94/164 kBProgress (5): 311/378 kB | 197/424 kB | 53 kB | 4.3 kB | 98/164 kBProgress (5): 311/378 kB | 197/424 kB | 53 kB | 4.3 kB | 102/164 kBProgress (5): 311/378 kB | 197/424 kB | 53 kB | 4.3 kB | 106/164 kBProgress (5): 311/378 kB | 197/424 kB | 53 kB | 4.3 kB | 111/164 kBProgress (5): 311/378 kB | 197/424 kB | 53 kB | 4.3 kB | 115/164 kBProgress (5): 315/378 kB | 197/424 kB | 53 kB | 4.3 kB | 115/164 kBProgress (5): 319/378 kB | 197/424 kB | 53 kB | 4.3 kB | 115/164 kBProgress (5): 324/378 kB | 197/424 kB | 53 kB | 4.3 kB | 115/164 kBProgress (5): 328/378 kB | 197/424 kB | 53 kB | 4.3 kB | 115/164 kBProgress (5): 328/378 kB | 197/424 kB | 53 kB | 4.3 kB | 119/164 kBProgress (5): 328/378 kB | 197/424 kB | 53 kB | 4.3 kB | 123/164 kBProgress (5): 328/378 kB | 197/424 kB | 53 kB | 4.3 kB | 127/164 kBProgress (5): 328/378 kB | 197/424 kB | 53 kB | 4.3 kB | 131/164 kBProgress (5): 328/378 kB | 201/424 kB | 53 kB | 4.3 kB | 131/164 kBProgress (5): 328/378 kB | 205/424 kB | 53 kB | 4.3 kB | 131/164 kBProgress (5): 328/378 kB | 209/424 kB | 53 kB | 4.3 kB | 131/164 kBProgress (5): 328/378 kB | 213/424 kB | 53 kB | 4.3 kB | 131/164 kBProgress (5): 328/378 kB | 213/424 kB | 53 kB | 4.3 kB | 135/164 kBProgress (5): 332/378 kB | 213/424 kB | 53 kB | 4.3 kB | 135/164 kBProgress (5): 336/378 kB | 213/424 kB | 53 kB | 4.3 kB | 135/164 kBProgress (5): 340/378 kB | 213/424 kB | 53 kB | 4.3 kB | 135/164 kBProgress (5): 344/378 kB | 213/424 kB | 53 kB | 4.3 kB | 135/164 kBProgress (5): 344/378 kB | 213/424 kB | 53 kB | 4.3 kB | 139/164 kBProgress (5): 344/378 kB | 213/424 kB | 53 kB | 4.3 kB | 143/164 kBProgress (5): 344/378 kB | 213/424 kB | 53 kB | 4.3 kB | 147/164 kBProgress (5): 344/378 kB | 213/424 kB | 53 kB | 4.3 kB | 152/164 kBProgress (5): 344/378 kB | 213/424 kB | 53 kB | 4.3 kB | 156/164 kBProgress (5): 344/378 kB | 213/424 kB | 53 kB | 4.3 kB | 160/164 kBProgress (5): 344/378 kB | 213/424 kB | 53 kB | 4.3 kB | 164/164 kBProgress (5): 344/378 kB | 213/424 kB | 53 kB | 4.3 kB | 164 kB                                                                   Downloaded from central: https://repo.maven.apache.org/maven2/org/codehaus/plexus/plexus-component-annotations/1.6/plexus-component-annotations-1.6.jar (4.3 kB at 3.0 kB/s)
Downloading from central: https://repo.maven.apache.org/maven2/org/apache/maven/maven-plugin-api/3.3.9/maven-plugin-api-3.3.9.jar
Progress (4): 348/378 kB | 213/424 kB | 53 kB | 164 kBProgress (4): 352/378 kB | 213/424 kB | 53 kB | 164 kBProgress (4): 352/378 kB | 217/424 kB | 53 kB | 164 kBProgress (4): 352/378 kB | 221/424 kB | 53 kB | 164 kBProgress (4): 356/378 kB | 221/424 kB | 53 kB | 164 kBProgress (4): 356/378 kB | 225/424 kB | 53 kB | 164 kBProgress (4): 360/378 kB | 225/424 kB | 53 kB | 164 kBProgress (4): 360/378 kB | 229/424 kB | 53 kB | 164 kBProgress (4): 365/378 kB | 229/424 kB | 53 kB | 164 kBProgress (4): 369/378 kB | 229/424 kB | 53 kB | 164 kBProgress (4): 373/378 kB | 229/424 kB | 53 kB | 164 kBProgress (4): 377/378 kB | 229/424 kB | 53 kB | 164 kBProgress (4): 378 kB | 229/424 kB | 53 kB | 164 kB                                                      Downloaded from central: https://repo.maven.apache.org/maven2/org/codehaus/plexus/plexus-classworlds/2.5.2/plexus-classworlds-2.5.2.jar (53 kB at 37 kB/s)
Progress (3): 378 kB | 233/424 kB | 164 kB                                          Downloading from central: https://repo.maven.apache.org/maven2/org/apache/maven/maven-settings/3.3.9/maven-settings-3.3.9.jar
Progress (3): 378 kB | 238/424 kB | 164 kBProgress (3): 378 kB | 242/424 kB | 164 kBProgress (3): 378 kB | 246/424 kB | 164 kBProgress (3): 378 kB | 250/424 kB | 164 kBProgress (3): 378 kB | 254/424 kB | 164 kBProgress (3): 378 kB | 258/424 kB | 164 kBProgress (3): 378 kB | 262/424 kB | 164 kBProgress (3): 378 kB | 266/424 kB | 164 kBProgress (3): 378 kB | 270/424 kB | 164 kBProgress (3): 378 kB | 274/424 kB | 164 kBProgress (3): 378 kB | 279/424 kB | 164 kBProgress (3): 378 kB | 283/424 kB | 164 kBProgress (3): 378 kB | 287/424 kB | 164 kBProgress (3): 378 kB | 291/424 kB | 164 kBProgress (3): 378 kB | 295/424 kB | 164 kBProgress (3): 378 kB | 299/424 kB | 164 kBProgress (3): 378 kB | 303/424 kB | 164 kBProgress (3): 378 kB | 307/424 kB | 164 kBProgress (3): 378 kB | 311/424 kB | 164 kB                                          Downloaded from central: https://repo.maven.apache.org/maven2/org/apache/maven/maven-model/3.3.9/maven-model-3.3.9.jar (164 kB at 114 kB/s)
Downloading from central: https://repo.maven.apache.org/maven2/org/apache/maven/shared/maven-common-artifact-filters/3.1.0/maven-common-artifact-filters-3.1.0.jar
Downloaded from central: https://repo.maven.apache.org/maven2/org/eclipse/sisu/org.eclipse.sisu.inject/0.3.2/org.eclipse.sisu.inject-0.3.2.jar (378 kB at 261 kB/s)
Downloading from central: https://repo.maven.apache.org/maven2/org/codehaus/plexus/plexus-archiver/3.7.0/plexus-archiver-3.7.0.jar
Progress (1): 315/424 kBProgress (1): 319/424 kBProgress (1): 324/424 kBProgress (1): 328/424 kBProgress (2): 328/424 kB | 4.1/44 kBProgress (2): 328/424 kB | 8.2/44 kBProgress (2): 328/424 kB | 12/44 kB Progress (2): 328/424 kB | 16/44 kBProgress (3): 328/424 kB | 16/44 kB | 4.1/47 kBProgress (3): 328/424 kB | 16/44 kB | 8.2/47 kBProgress (3): 328/424 kB | 16/44 kB | 12/47 kB Progress (3): 328/424 kB | 16/44 kB | 16/47 kBProgress (3): 332/424 kB | 16/44 kB | 16/47 kBProgress (3): 336/424 kB | 16/44 kB | 16/47 kBProgress (3): 340/424 kB | 16/44 kB | 16/47 kBProgress (3): 344/424 kB | 16/44 kB | 16/47 kBProgress (3): 344/424 kB | 20/44 kB | 16/47 kBProgress (3): 344/424 kB | 25/44 kB | 16/47 kBProgress (3): 344/424 kB | 29/44 kB | 16/47 kBProgress (3): 344/424 kB | 33/44 kB | 16/47 kBProgress (3): 348/424 kB | 33/44 kB | 16/47 kBProgress (3): 352/424 kB | 33/44 kB | 16/47 kBProgress (3): 356/424 kB | 33/44 kB | 16/47 kBProgress (3): 360/424 kB | 33/44 kB | 16/47 kBProgress (3): 360/424 kB | 37/44 kB | 16/47 kBProgress (3): 360/424 kB | 41/44 kB | 16/47 kBProgress (3): 360/424 kB | 44 kB | 16/47 kB   Progress (3): 365/424 kB | 44 kB | 16/47 kBProgress (3): 369/424 kB | 44 kB | 16/47 kBProgress (3): 373/424 kB | 44 kB | 16/47 kBProgress (3): 377/424 kB | 44 kB | 16/47 kBProgress (4): 377/424 kB | 44 kB | 16/47 kB | 4.1/61 kBProgress (4): 377/424 kB | 44 kB | 16/47 kB | 8.2/61 kBProgress (4): 377/424 kB | 44 kB | 16/47 kB | 12/61 kB Progress (4): 377/424 kB | 44 kB | 16/47 kB | 16/61 kBProgress (4): 377/424 kB | 44 kB | 20/47 kB | 16/61 kBProgress (4): 377/424 kB | 44 kB | 25/47 kB | 16/61 kBProgress (4): 377/424 kB | 44 kB | 29/47 kB | 16/61 kBProgress (4): 377/424 kB | 44 kB | 33/47 kB | 16/61 kBProgress (5): 377/424 kB | 44 kB | 33/47 kB | 16/61 kB | 4.1/192 kBProgress (5): 377/424 kB | 44 kB | 33/47 kB | 16/61 kB | 8.2/192 kBProgress (5): 377/424 kB | 44 kB | 33/47 kB | 16/61 kB | 12/192 kB Progress (5): 377/424 kB | 44 kB | 33/47 kB | 16/61 kB | 16/192 kBProgress (5): 381/424 kB | 44 kB | 33/47 kB | 16/61 kB | 16/192 kBProgress (5): 385/424 kB | 44 kB | 33/47 kB | 16/61 kB | 16/192 kBProgress (5): 389/424 kB | 44 kB | 33/47 kB | 16/61 kB | 16/192 kBProgress (5): 393/424 kB | 44 kB | 33/47 kB | 16/61 kB | 16/192 kBProgress (5): 393/424 kB | 44 kB | 33/47 kB | 20/61 kB | 16/192 kBProgress (5): 393/424 kB | 44 kB | 33/47 kB | 25/61 kB | 16/192 kBProgress (5): 393/424 kB | 44 kB | 33/47 kB | 29/61 kB | 16/192 kBProgress (5): 393/424 kB | 44 kB | 33/47 kB | 33/61 kB | 16/192 kBProgress (5): 393/424 kB | 44 kB | 33/47 kB | 37/61 kB | 16/192 kBProgress (5): 393/424 kB | 44 kB | 33/47 kB | 41/61 kB | 16/192 kBProgress (5): 393/424 kB | 44 kB | 33/47 kB | 45/61 kB | 16/192 kBProgress (5): 393/424 kB | 44 kB | 33/47 kB | 49/61 kB | 16/192 kBProgress (5): 397/424 kB | 44 kB | 33/47 kB | 49/61 kB | 16/192 kBProgress (5): 401/424 kB | 44 kB | 33/47 kB | 49/61 kB | 16/192 kBProgress (5): 406/424 kB | 44 kB | 33/47 kB | 49/61 kB | 16/192 kBProgress (5): 410/424 kB | 44 kB | 33/47 kB | 49/61 kB | 16/192 kBProgress (5): 410/424 kB | 44 kB | 37/47 kB | 49/61 kB | 16/192 kBProgress (5): 410/424 kB | 44 kB | 41/47 kB | 49/61 kB | 16/192 kBProgress (5): 410/424 kB | 44 kB | 45/47 kB | 49/61 kB | 16/192 kBProgress (5): 410/424 kB | 44 kB | 47 kB | 49/61 kB | 16/192 kB   Progress (5): 410/424 kB | 44 kB | 47 kB | 53/61 kB | 16/192 kBProgress (5): 410/424 kB | 44 kB | 47 kB | 57/61 kB | 16/192 kBProgress (5): 410/424 kB | 44 kB | 47 kB | 61 kB | 16/192 kB   Progress (5): 414/424 kB | 44 kB | 47 kB | 61 kB | 16/192 kBProgress (5): 418/424 kB | 44 kB | 47 kB | 61 kB | 16/192 kBProgress (5): 422/424 kB | 44 kB | 47 kB | 61 kB | 16/192 kBProgress (5): 424 kB | 44 kB | 47 kB | 61 kB | 16/192 kB    Progress (5): 424 kB | 44 kB | 47 kB | 61 kB | 20/192 kBProgress (5): 424 kB | 44 kB | 47 kB | 61 kB | 25/192 kBProgress (5): 424 kB | 44 kB | 47 kB | 61 kB | 29/192 kBProgress (5): 424 kB | 44 kB | 47 kB | 61 kB | 33/192 kB                                                        Downloaded from central: https://repo.maven.apache.org/maven2/org/apache/maven/maven-settings/3.3.9/maven-settings-3.3.9.jar (44 kB at 29 kB/s)
Downloading from central: https://repo.maven.apache.org/maven2/org/codehaus/plexus/plexus-io/3.1.0/plexus-io-3.1.0.jar
Progress (4): 424 kB | 47 kB | 61 kB | 37/192 kBProgress (4): 424 kB | 47 kB | 61 kB | 41/192 kBProgress (4): 424 kB | 47 kB | 61 kB | 45/192 kBProgress (4): 424 kB | 47 kB | 61 kB | 49/192 kBProgress (4): 424 kB | 47 kB | 61 kB | 53/192 kBProgress (4): 424 kB | 47 kB | 61 kB | 57/192 kBProgress (4): 424 kB | 47 kB | 61 kB | 61/192 kBProgress (4): 424 kB | 47 kB | 61 kB | 66/192 kBProgress (4): 424 kB | 47 kB | 61 kB | 70/192 kBProgress (4): 424 kB | 47 kB | 61 kB | 74/192 kBProgress (4): 424 kB | 47 kB | 61 kB | 78/192 kBProgress (4): 424 kB | 47 kB | 61 kB | 82/192 kBProgress (4): 424 kB | 47 kB | 61 kB | 86/192 kBProgress (4): 424 kB | 47 kB | 61 kB | 90/192 kBProgress (4): 424 kB | 47 kB | 61 kB | 94/192 kBProgress (4): 424 kB | 47 kB | 61 kB | 98/192 kB                                                Downloaded from central: https://repo.maven.apache.org/maven2/org/apache/maven/maven-plugin-api/3.3.9/maven-plugin-api-3.3.9.jar (47 kB at 30 kB/s)
Downloading from central: https://repo.maven.apache.org/maven2/org/apache/maven/plugins/maven-shade-plugin/3.2.1/maven-shade-plugin-3.2.1.jar
Downloaded from central: https://repo.maven.apache.org/maven2/org/apache/maven/shared/maven-common-artifact-filters/3.1.0/maven-common-artifact-filters-3.1.0.jar (61 kB at 39 kB/s)
Downloading from central: https://repo.maven.apache.org/maven2/org/apache/maven/shared/maven-artifact-transfer/0.10.0/maven-artifact-transfer-0.10.0.jar
Progress (2): 424 kB | 102/192 kBProgress (2): 424 kB | 106/192 kBProgress (2): 424 kB | 111/192 kBProgress (2): 424 kB | 115/192 kBProgress (2): 424 kB | 119/192 kBProgress (2): 424 kB | 123/192 kBProgress (2): 424 kB | 127/192 kBProgress (2): 424 kB | 131/192 kB                                 Downloaded from central: https://repo.maven.apache.org/maven2/com/google/inject/guice/4.0/guice-4.0-no_aop.jar (424 kB at 270 kB/s)
Downloading from central: https://repo.maven.apache.org/maven2/commons-codec/commons-codec/1.13/commons-codec-1.13.jar
Progress (2): 131/192 kB | 4.1/75 kBProgress (2): 131/192 kB | 8.2/75 kBProgress (2): 131/192 kB | 12/75 kB Progress (2): 131/192 kB | 16/75 kBProgress (2): 131/192 kB | 20/75 kBProgress (2): 131/192 kB | 25/75 kBProgress (2): 131/192 kB | 29/75 kBProgress (2): 131/192 kB | 33/75 kBProgress (2): 135/192 kB | 33/75 kBProgress (2): 139/192 kB | 33/75 kBProgress (2): 143/192 kB | 33/75 kBProgress (2): 147/192 kB | 33/75 kBProgress (2): 147/192 kB | 37/75 kBProgress (2): 152/192 kB | 37/75 kBProgress (2): 156/192 kB | 37/75 kBProgress (2): 160/192 kB | 37/75 kBProgress (2): 164/192 kB | 37/75 kBProgress (2): 164/192 kB | 41/75 kBProgress (2): 164/192 kB | 45/75 kBProgress (2): 164/192 kB | 49/75 kBProgress (2): 168/192 kB | 49/75 kBProgress (2): 168/192 kB | 53/75 kBProgress (2): 168/192 kB | 57/75 kBProgress (2): 168/192 kB | 61/75 kBProgress (2): 168/192 kB | 66/75 kBProgress (2): 168/192 kB | 70/75 kBProgress (2): 168/192 kB | 74/75 kBProgress (2): 172/192 kB | 74/75 kBProgress (2): 176/192 kB | 74/75 kBProgress (2): 176/192 kB | 75 kB   Progress (2): 180/192 kB | 75 kBProgress (3): 180/192 kB | 75 kB | 4.1/114 kBProgress (3): 180/192 kB | 75 kB | 8.2/114 kBProgress (3): 180/192 kB | 75 kB | 12/114 kB Progress (3): 180/192 kB | 75 kB | 16/114 kBProgress (3): 184/192 kB | 75 kB | 16/114 kBProgress (3): 184/192 kB | 75 kB | 20/114 kBProgress (3): 184/192 kB | 75 kB | 25/114 kBProgress (3): 184/192 kB | 75 kB | 29/114 kBProgress (3): 184/192 kB | 75 kB | 33/114 kBProgress (3): 188/192 kB | 75 kB | 33/114 kBProgress (3): 192 kB | 75 kB | 33/114 kB    Progress (3): 192 kB | 75 kB | 37/114 kBProgress (3): 192 kB | 75 kB | 41/114 kBProgress (3): 192 kB | 75 kB | 45/114 kBProgress (3): 192 kB | 75 kB | 49/114 kBProgress (4): 192 kB | 75 kB | 49/114 kB | 4.1/344 kBProgress (4): 192 kB | 75 kB | 49/114 kB | 8.2/344 kBProgress (4): 192 kB | 75 kB | 49/114 kB | 12/344 kB Progress (4): 192 kB | 75 kB | 49/114 kB | 16/344 kBProgress (4): 192 kB | 75 kB | 53/114 kB | 16/344 kBProgress (4): 192 kB | 75 kB | 57/114 kB | 16/344 kBProgress (4): 192 kB | 75 kB | 61/114 kB | 16/344 kBProgress (4): 192 kB | 75 kB | 66/114 kB | 16/344 kBProgress (5): 192 kB | 75 kB | 66/114 kB | 16/344 kB | 4.1/128 kBProgress (5): 192 kB | 75 kB | 66/114 kB | 16/344 kB | 8.2/128 kBProgress (5): 192 kB | 75 kB | 66/114 kB | 16/344 kB | 12/128 kB Progress (5): 192 kB | 75 kB | 66/114 kB | 16/344 kB | 16/128 kBProgress (5): 192 kB | 75 kB | 70/114 kB | 16/344 kB | 16/128 kBProgress (5): 192 kB | 75 kB | 74/114 kB | 16/344 kB | 16/128 kBProgress (5): 192 kB | 75 kB | 78/114 kB | 16/344 kB | 16/128 kBProgress (5): 192 kB | 75 kB | 82/114 kB | 16/344 kB | 16/128 kBProgress (5): 192 kB | 75 kB | 86/114 kB | 16/344 kB | 16/128 kBProgress (5): 192 kB | 75 kB | 90/114 kB | 16/344 kB | 16/128 kBProgress (5): 192 kB | 75 kB | 94/114 kB | 16/344 kB | 16/128 kBProgress (5): 192 kB | 75 kB | 98/114 kB | 16/344 kB | 16/128 kBProgress (5): 192 kB | 75 kB | 102/114 kB | 16/344 kB | 16/128 kBProgress (5): 192 kB | 75 kB | 106/114 kB | 16/344 kB | 16/128 kBProgress (5): 192 kB | 75 kB | 111/114 kB | 16/344 kB | 16/128 kBProgress (5): 192 kB | 75 kB | 114 kB | 16/344 kB | 16/128 kB    Progress (5): 192 kB | 75 kB | 114 kB | 16/344 kB | 20/128 kBProgress (5): 192 kB | 75 kB | 114 kB | 16/344 kB | 25/128 kBProgress (5): 192 kB | 75 kB | 114 kB | 16/344 kB | 29/128 kBProgress (5): 192 kB | 75 kB | 114 kB | 20/344 kB | 29/128 kBProgress (5): 192 kB | 75 kB | 114 kB | 25/344 kB | 29/128 kBProgress (5): 192 kB | 75 kB | 114 kB | 29/344 kB | 29/128 kBProgress (5): 192 kB | 75 kB | 114 kB | 33/344 kB | 29/128 kBProgress (5): 192 kB | 75 kB | 114 kB | 33/344 kB | 33/128 kBProgress (5): 192 kB | 75 kB | 114 kB | 33/344 kB | 37/128 kBProgress (5): 192 kB | 75 kB | 114 kB | 33/344 kB | 41/128 kBProgress (5): 192 kB | 75 kB | 114 kB | 33/344 kB | 45/128 kBProgress (5): 192 kB | 75 kB | 114 kB | 33/344 kB | 49/128 kBProgress (5): 192 kB | 75 kB | 114 kB | 37/344 kB | 49/128 kBProgress (5): 192 kB | 75 kB | 114 kB | 41/344 kB | 49/128 kBProgress (5): 192 kB | 75 kB | 114 kB | 45/344 kB | 49/128 kBProgress (5): 192 kB | 75 kB | 114 kB | 49/344 kB | 49/128 kBProgress (5): 192 kB | 75 kB | 114 kB | 49/344 kB | 53/128 kBProgress (5): 192 kB | 75 kB | 114 kB | 49/344 kB | 57/128 kBProgress (5): 192 kB | 75 kB | 114 kB | 49/344 kB | 61/128 kBProgress (5): 192 kB | 75 kB | 114 kB | 49/344 kB | 66/128 kB                                                             Downloaded from central: https://repo.maven.apache.org/maven2/org/codehaus/plexus/plexus-io/3.1.0/plexus-io-3.1.0.jar (75 kB at 45 kB/s)
Downloading from central: https://repo.maven.apache.org/maven2/org/ow2/asm/asm/7.0/asm-7.0.jar
Progress (4): 192 kB | 114 kB | 49/344 kB | 70/128 kBProgress (4): 192 kB | 114 kB | 49/344 kB | 74/128 kBProgress (4): 192 kB | 114 kB | 49/344 kB | 78/128 kBProgress (4): 192 kB | 114 kB | 49/344 kB | 82/128 kB                                                     Downloaded from central: https://repo.maven.apache.org/maven2/org/codehaus/plexus/plexus-archiver/3.7.0/plexus-archiver-3.7.0.jar (192 kB at 113 kB/s)
Downloading from central: https://repo.maven.apache.org/maven2/org/ow2/asm/asm-commons/7.0/asm-commons-7.0.jar
Progress (3): 114 kB | 53/344 kB | 82/128 kBProgress (3): 114 kB | 57/344 kB | 82/128 kBProgress (3): 114 kB | 61/344 kB | 82/128 kBProgress (3): 114 kB | 66/344 kB | 82/128 kBProgress (3): 114 kB | 66/344 kB | 86/128 kBProgress (3): 114 kB | 66/344 kB | 90/128 kBProgress (3): 114 kB | 66/344 kB | 94/128 kBProgress (3): 114 kB | 66/344 kB | 98/128 kBProgress (3): 114 kB | 70/344 kB | 98/128 kBProgress (3): 114 kB | 74/344 kB | 98/128 kBProgress (3): 114 kB | 78/344 kB | 98/128 kBProgress (3): 114 kB | 82/344 kB | 98/128 kBProgress (3): 114 kB | 82/344 kB | 102/128 kBProgress (3): 114 kB | 82/344 kB | 106/128 kBProgress (3): 114 kB | 82/344 kB | 111/128 kBProgress (3): 114 kB | 82/344 kB | 115/128 kB                                             Downloaded from central: https://repo.maven.apache.org/maven2/org/apache/maven/plugins/maven-shade-plugin/3.2.1/maven-shade-plugin-3.2.1.jar (114 kB at 66 kB/s)
Downloading from central: https://repo.maven.apache.org/maven2/org/ow2/asm/asm-tree/7.0/asm-tree-7.0.jar
Progress (2): 82/344 kB | 119/128 kBProgress (2): 82/344 kB | 123/128 kBProgress (2): 82/344 kB | 127/128 kBProgress (2): 82/344 kB | 128 kB    Progress (2): 86/344 kB | 128 kBProgress (2): 90/344 kB | 128 kBProgress (2): 94/344 kB | 128 kBProgress (2): 98/344 kB | 128 kBProgress (3): 98/344 kB | 128 kB | 4.1/114 kBProgress (3): 98/344 kB | 128 kB | 8.2/114 kBProgress (3): 98/344 kB | 128 kB | 12/114 kB Progress (3): 98/344 kB | 128 kB | 16/114 kBProgress (3): 102/344 kB | 128 kB | 16/114 kBProgress (3): 106/344 kB | 128 kB | 16/114 kBProgress (3): 111/344 kB | 128 kB | 16/114 kBProgress (3): 115/344 kB | 128 kB | 16/114 kBProgress (4): 115/344 kB | 128 kB | 16/114 kB | 4.1/80 kBProgress (4): 115/344 kB | 128 kB | 16/114 kB | 8.2/80 kBProgress (4): 115/344 kB | 128 kB | 16/114 kB | 12/80 kB Progress (4): 115/344 kB | 128 kB | 16/114 kB | 16/80 kBProgress (4): 115/344 kB | 128 kB | 20/114 kB | 16/80 kBProgress (4): 115/344 kB | 128 kB | 25/114 kB | 16/80 kBProgress (4): 115/344 kB | 128 kB | 29/114 kB | 16/80 kBProgress (4): 115/344 kB | 128 kB | 33/114 kB | 16/80 kBProgress (4): 115/344 kB | 128 kB | 33/114 kB | 20/80 kBProgress (4): 115/344 kB | 128 kB | 33/114 kB | 25/80 kBProgress (4): 115/344 kB | 128 kB | 33/114 kB | 29/80 kBProgress (4): 115/344 kB | 128 kB | 33/114 kB | 33/80 kBProgress (4): 115/344 kB | 128 kB | 37/114 kB | 33/80 kBProgress (4): 115/344 kB | 128 kB | 41/114 kB | 33/80 kBProgress (4): 115/344 kB | 128 kB | 45/114 kB | 33/80 kBProgress (4): 115/344 kB | 128 kB | 49/114 kB | 33/80 kBProgress (4): 115/344 kB | 128 kB | 49/114 kB | 37/80 kBProgress (4): 115/344 kB | 128 kB | 49/114 kB | 41/80 kBProgress (4): 115/344 kB | 128 kB | 49/114 kB | 45/80 kBProgress (4): 115/344 kB | 128 kB | 49/114 kB | 49/80 kBProgress (4): 119/344 kB | 128 kB | 49/114 kB | 49/80 kBProgress (4): 123/344 kB | 128 kB | 49/114 kB | 49/80 kBProgress (4): 127/344 kB | 128 kB | 49/114 kB | 49/80 kBProgress (4): 131/344 kB | 128 kB | 49/114 kB | 49/80 kBProgress (4): 131/344 kB | 128 kB | 49/114 kB | 53/80 kBProgress (4): 131/344 kB | 128 kB | 49/114 kB | 57/80 kBProgress (4): 131/344 kB | 128 kB | 49/114 kB | 61/80 kBProgress (4): 131/344 kB | 128 kB | 49/114 kB | 66/80 kBProgress (4): 131/344 kB | 128 kB | 53/114 kB | 66/80 kBProgress (4): 131/344 kB | 128 kB | 57/114 kB | 66/80 kBProgress (4): 131/344 kB | 128 kB | 61/114 kB | 66/80 kBProgress (4): 131/344 kB | 128 kB | 66/114 kB | 66/80 kB                                                        Downloaded from central: https://repo.maven.apache.org/maven2/org/apache/maven/shared/maven-artifact-transfer/0.10.0/maven-artifact-transfer-0.10.0.jar (128 kB at 72 kB/s)
Downloading from central: https://repo.maven.apache.org/maven2/org/ow2/asm/asm-analysis/7.0/asm-analysis-7.0.jar
Progress (4): 131/344 kB | 66/114 kB | 66/80 kB | 4.1/50 kBProgress (4): 131/344 kB | 66/114 kB | 66/80 kB | 8.2/50 kBProgress (4): 131/344 kB | 66/114 kB | 66/80 kB | 12/50 kB Progress (4): 131/344 kB | 66/114 kB | 66/80 kB | 16/50 kBProgress (4): 131/344 kB | 66/114 kB | 66/80 kB | 20/50 kBProgress (4): 131/344 kB | 66/114 kB | 66/80 kB | 25/50 kBProgress (4): 131/344 kB | 66/114 kB | 66/80 kB | 29/50 kBProgress (4): 131/344 kB | 66/114 kB | 66/80 kB | 33/50 kBProgress (4): 131/344 kB | 66/114 kB | 70/80 kB | 33/50 kBProgress (4): 131/344 kB | 66/114 kB | 74/80 kB | 33/50 kBProgress (4): 131/344 kB | 66/114 kB | 78/80 kB | 33/50 kBProgress (4): 131/344 kB | 66/114 kB | 80 kB | 33/50 kB   Progress (4): 135/344 kB | 66/114 kB | 80 kB | 33/50 kBProgress (4): 139/344 kB | 66/114 kB | 80 kB | 33/50 kBProgress (4): 143/344 kB | 66/114 kB | 80 kB | 33/50 kBProgress (4): 147/344 kB | 66/114 kB | 80 kB | 33/50 kBProgress (4): 147/344 kB | 66/114 kB | 80 kB | 37/50 kBProgress (4): 147/344 kB | 66/114 kB | 80 kB | 41/50 kBProgress (4): 147/344 kB | 66/114 kB | 80 kB | 45/50 kBProgress (4): 147/344 kB | 66/114 kB | 80 kB | 49/50 kBProgress (4): 147/344 kB | 66/114 kB | 80 kB | 50 kB   Progress (4): 147/344 kB | 70/114 kB | 80 kB | 50 kBProgress (4): 147/344 kB | 74/114 kB | 80 kB | 50 kBProgress (4): 147/344 kB | 78/114 kB | 80 kB | 50 kBProgress (4): 147/344 kB | 82/114 kB | 80 kB | 50 kBProgress (4): 152/344 kB | 82/114 kB | 80 kB | 50 kBProgress (4): 156/344 kB | 82/114 kB | 80 kB | 50 kBProgress (4): 160/344 kB | 82/114 kB | 80 kB | 50 kBProgress (4): 164/344 kB | 82/114 kB | 80 kB | 50 kBProgress (4): 164/344 kB | 86/114 kB | 80 kB | 50 kBProgress (4): 164/344 kB | 90/114 kB | 80 kB | 50 kBProgress (4): 164/344 kB | 94/114 kB | 80 kB | 50 kBProgress (4): 164/344 kB | 98/114 kB | 80 kB | 50 kBProgress (4): 168/344 kB | 98/114 kB | 80 kB | 50 kBProgress (4): 172/344 kB | 98/114 kB | 80 kB | 50 kBProgress (4): 176/344 kB | 98/114 kB | 80 kB | 50 kBProgress (4): 180/344 kB | 98/114 kB | 80 kB | 50 kBProgress (4): 180/344 kB | 102/114 kB | 80 kB | 50 kBProgress (4): 180/344 kB | 106/114 kB | 80 kB | 50 kBProgress (4): 180/344 kB | 111/114 kB | 80 kB | 50 kBProgress (4): 180/344 kB | 114 kB | 80 kB | 50 kB    Progress (4): 184/344 kB | 114 kB | 80 kB | 50 kBProgress (4): 188/344 kB | 114 kB | 80 kB | 50 kBProgress (4): 193/344 kB | 114 kB | 80 kB | 50 kBProgress (4): 197/344 kB | 114 kB | 80 kB | 50 kBProgress (5): 197/344 kB | 114 kB | 80 kB | 50 kB | 4.1/33 kBProgress (5): 197/344 kB | 114 kB | 80 kB | 50 kB | 8.2/33 kBProgress (5): 197/344 kB | 114 kB | 80 kB | 50 kB | 12/33 kB Progress (5): 197/344 kB | 114 kB | 80 kB | 50 kB | 16/33 kBProgress (5): 197/344 kB | 114 kB | 80 kB | 50 kB | 20/33 kBProgress (5): 197/344 kB | 114 kB | 80 kB | 50 kB | 25/33 kBProgress (5): 197/344 kB | 114 kB | 80 kB | 50 kB | 29/33 kBProgress (5): 197/344 kB | 114 kB | 80 kB | 50 kB | 33/33 kBProgress (5): 197/344 kB | 114 kB | 80 kB | 50 kB | 33 kB   Progress (5): 201/344 kB | 114 kB | 80 kB | 50 kB | 33 kBProgress (5): 205/344 kB | 114 kB | 80 kB | 50 kB | 33 kBProgress (5): 209/344 kB | 114 kB | 80 kB | 50 kB | 33 kBProgress (5): 213/344 kB | 114 kB | 80 kB | 50 kB | 33 kB                                                         Downloaded from central: https://repo.maven.apache.org/maven2/org/ow2/asm/asm-tree/7.0/asm-tree-7.0.jar (50 kB at 27 kB/s)
Downloading from central: https://repo.maven.apache.org/maven2/org/jdom/jdom2/2.0.6/jdom2-2.0.6.jar
Progress (4): 217/344 kB | 114 kB | 80 kB | 33 kBProgress (4): 221/344 kB | 114 kB | 80 kB | 33 kBProgress (4): 225/344 kB | 114 kB | 80 kB | 33 kBProgress (4): 229/344 kB | 114 kB | 80 kB | 33 kB                                                 Downloaded from central: https://repo.maven.apache.org/maven2/org/ow2/asm/asm-commons/7.0/asm-commons-7.0.jar (80 kB at 43 kB/s)
Downloading from central: https://repo.maven.apache.org/maven2/org/apache/maven/shared/maven-dependency-tree/3.0.1/maven-dependency-tree-3.0.1.jar
Downloaded from central: https://repo.maven.apache.org/maven2/org/ow2/asm/asm/7.0/asm-7.0.jar (114 kB at 61 kB/s)
Downloading from central: https://repo.maven.apache.org/maven2/org/vafer/jdependency/2.1.1/jdependency-2.1.1.jar
Progress (2): 233/344 kB | 33 kBProgress (2): 238/344 kB | 33 kBProgress (2): 242/344 kB | 33 kBProgress (2): 246/344 kB | 33 kB                                Downloaded from central: https://repo.maven.apache.org/maven2/org/ow2/asm/asm-analysis/7.0/asm-analysis-7.0.jar (33 kB at 18 kB/s)
Downloading from central: https://repo.maven.apache.org/maven2/org/ow2/asm/asm-util/7.0-beta/asm-util-7.0-beta.jar
Progress (2): 246/344 kB | 4.1/305 kBProgress (2): 250/344 kB | 4.1/305 kBProgress (2): 250/344 kB | 8.2/305 kBProgress (2): 254/344 kB | 8.2/305 kBProgress (2): 258/344 kB | 8.2/305 kBProgress (2): 262/344 kB | 8.2/305 kBProgress (2): 262/344 kB | 12/305 kB Progress (2): 262/344 kB | 16/305 kBProgress (2): 262/344 kB | 20/305 kBProgress (2): 262/344 kB | 25/305 kBProgress (2): 262/344 kB | 29/305 kBProgress (2): 262/344 kB | 33/305 kBProgress (3): 262/344 kB | 33/305 kB | 4.1/37 kBProgress (3): 262/344 kB | 33/305 kB | 8.2/37 kBProgress (3): 262/344 kB | 33/305 kB | 12/37 kB Progress (3): 262/344 kB | 33/305 kB | 16/37 kBProgress (3): 266/344 kB | 33/305 kB | 16/37 kBProgress (3): 270/344 kB | 33/305 kB | 16/37 kBProgress (3): 274/344 kB | 33/305 kB | 16/37 kBProgress (3): 279/344 kB | 33/305 kB | 16/37 kBProgress (3): 279/344 kB | 37/305 kB | 16/37 kBProgress (3): 279/344 kB | 41/305 kB | 16/37 kBProgress (3): 279/344 kB | 45/305 kB | 16/37 kBProgress (3): 279/344 kB | 49/305 kB | 16/37 kBProgress (3): 279/344 kB | 53/305 kB | 16/37 kBProgress (3): 279/344 kB | 57/305 kB | 16/37 kBProgress (3): 279/344 kB | 61/305 kB | 16/37 kBProgress (3): 279/344 kB | 66/305 kB | 16/37 kBProgress (3): 279/344 kB | 66/305 kB | 20/37 kBProgress (3): 279/344 kB | 66/305 kB | 25/37 kBProgress (3): 279/344 kB | 66/305 kB | 29/37 kBProgress (3): 279/344 kB | 66/305 kB | 33/37 kBProgress (3): 279/344 kB | 70/305 kB | 33/37 kBProgress (3): 279/344 kB | 74/305 kB | 33/37 kBProgress (3): 279/344 kB | 78/305 kB | 33/37 kBProgress (3): 279/344 kB | 82/305 kB | 33/37 kBProgress (3): 283/344 kB | 82/305 kB | 33/37 kBProgress (3): 287/344 kB | 82/305 kB | 33/37 kBProgress (3): 291/344 kB | 82/305 kB | 33/37 kBProgress (3): 295/344 kB | 82/305 kB | 33/37 kBProgress (3): 295/344 kB | 82/305 kB | 37 kB   Progress (4): 295/344 kB | 82/305 kB | 37 kB | 4.1/186 kBProgress (4): 295/344 kB | 82/305 kB | 37 kB | 8.2/186 kBProgress (4): 295/344 kB | 82/305 kB | 37 kB | 12/186 kB Progress (4): 295/344 kB | 82/305 kB | 37 kB | 16/186 kBProgress (4): 295/344 kB | 86/305 kB | 37 kB | 16/186 kBProgress (4): 295/344 kB | 90/305 kB | 37 kB | 16/186 kBProgress (4): 295/344 kB | 94/305 kB | 37 kB | 16/186 kBProgress (4): 295/344 kB | 98/305 kB | 37 kB | 16/186 kBProgress (4): 295/344 kB | 102/305 kB | 37 kB | 16/186 kBProgress (4): 295/344 kB | 106/305 kB | 37 kB | 16/186 kBProgress (4): 295/344 kB | 111/305 kB | 37 kB | 16/186 kBProgress (4): 299/344 kB | 111/305 kB | 37 kB | 16/186 kBProgress (4): 303/344 kB | 111/305 kB | 37 kB | 16/186 kBProgress (4): 307/344 kB | 111/305 kB | 37 kB | 16/186 kBProgress (4): 311/344 kB | 111/305 kB | 37 kB | 16/186 kBProgress (4): 311/344 kB | 115/305 kB | 37 kB | 16/186 kBProgress (4): 311/344 kB | 119/305 kB | 37 kB | 16/186 kBProgress (4): 311/344 kB | 123/305 kB | 37 kB | 16/186 kBProgress (4): 311/344 kB | 127/305 kB | 37 kB | 16/186 kBProgress (4): 311/344 kB | 131/305 kB | 37 kB | 16/186 kBProgress (4): 311/344 kB | 135/305 kB | 37 kB | 16/186 kBProgress (4): 311/344 kB | 139/305 kB | 37 kB | 16/186 kBProgress (4): 311/344 kB | 143/305 kB | 37 kB | 16/186 kBProgress (4): 311/344 kB | 147/305 kB | 37 kB | 16/186 kBProgress (4): 311/344 kB | 147/305 kB | 37 kB | 20/186 kBProgress (4): 311/344 kB | 147/305 kB | 37 kB | 25/186 kBProgress (4): 311/344 kB | 147/305 kB | 37 kB | 29/186 kBProgress (4): 311/344 kB | 147/305 kB | 37 kB | 33/186 kBProgress (4): 311/344 kB | 152/305 kB | 37 kB | 33/186 kBProgress (4): 311/344 kB | 156/305 kB | 37 kB | 33/186 kBProgress (4): 311/344 kB | 160/305 kB | 37 kB | 33/186 kBProgress (4): 311/344 kB | 164/305 kB | 37 kB | 33/186 kBProgress (4): 315/344 kB | 164/305 kB | 37 kB | 33/186 kBProgress (4): 319/344 kB | 164/305 kB | 37 kB | 33/186 kBProgress (4): 324/344 kB | 164/305 kB | 37 kB | 33/186 kBProgress (4): 328/344 kB | 164/305 kB | 37 kB | 33/186 kBProgress (4): 328/344 kB | 168/305 kB | 37 kB | 33/186 kBProgress (4): 328/344 kB | 172/305 kB | 37 kB | 33/186 kBProgress (4): 328/344 kB | 176/305 kB | 37 kB | 33/186 kBProgress (4): 328/344 kB | 180/305 kB | 37 kB | 33/186 kBProgress (4): 328/344 kB | 184/305 kB | 37 kB | 33/186 kBProgress (4): 328/344 kB | 188/305 kB | 37 kB | 33/186 kBProgress (4): 328/344 kB | 193/305 kB | 37 kB | 33/186 kBProgress (4): 328/344 kB | 197/305 kB | 37 kB | 33/186 kBProgress (4): 328/344 kB | 201/305 kB | 37 kB | 33/186 kBProgress (4): 328/344 kB | 205/305 kB | 37 kB | 33/186 kBProgress (4): 328/344 kB | 209/305 kB | 37 kB | 33/186 kBProgress (4): 328/344 kB | 213/305 kB | 37 kB | 33/186 kBProgress (4): 328/344 kB | 217/305 kB | 37 kB | 33/186 kBProgress (4): 328/344 kB | 221/305 kB | 37 kB | 33/186 kBProgress (4): 328/344 kB | 225/305 kB | 37 kB | 33/186 kBProgress (4): 328/344 kB | 229/305 kB | 37 kB | 33/186 kBProgress (5): 328/344 kB | 229/305 kB | 37 kB | 33/186 kB | 4.1/81 kBProgress (5): 328/344 kB | 229/305 kB | 37 kB | 33/186 kB | 8.2/81 kBProgress (5): 328/344 kB | 229/305 kB | 37 kB | 33/186 kB | 12/81 kB Progress (5): 328/344 kB | 229/305 kB | 37 kB | 33/186 kB | 16/81 kBProgress (5): 328/344 kB | 229/305 kB | 37 kB | 37/186 kB | 16/81 kBProgress (5): 328/344 kB | 229/305 kB | 37 kB | 41/186 kB | 16/81 kBProgress (5): 328/344 kB | 229/305 kB | 37 kB | 45/186 kB | 16/81 kBProgress (5): 328/344 kB | 233/305 kB | 37 kB | 45/186 kB | 16/81 kBProgress (5): 328/344 kB | 238/305 kB | 37 kB | 45/186 kB | 16/81 kBProgress (5): 328/344 kB | 242/305 kB | 37 kB | 45/186 kB | 16/81 kBProgress (5): 328/344 kB | 242/305 kB | 37 kB | 49/186 kB | 16/81 kBProgress (5): 328/344 kB | 246/305 kB | 37 kB | 49/186 kB | 16/81 kBProgress (5): 328/344 kB | 250/305 kB | 37 kB | 49/186 kB | 16/81 kBProgress (5): 328/344 kB | 254/305 kB | 37 kB | 49/186 kB | 16/81 kBProgress (5): 328/344 kB | 258/305 kB | 37 kB | 49/186 kB | 16/81 kBProgress (5): 328/344 kB | 262/305 kB | 37 kB | 49/186 kB | 16/81 kBProgress (5): 332/344 kB | 262/305 kB | 37 kB | 49/186 kB | 16/81 kBProgress (5): 336/344 kB | 262/305 kB | 37 kB | 49/186 kB | 16/81 kBProgress (5): 340/344 kB | 262/305 kB | 37 kB | 49/186 kB | 16/81 kBProgress (5): 344/344 kB | 262/305 kB | 37 kB | 49/186 kB | 16/81 kBProgress (5): 344 kB | 262/305 kB | 37 kB | 49/186 kB | 16/81 kB    Progress (5): 344 kB | 266/305 kB | 37 kB | 49/186 kB | 16/81 kBProgress (5): 344 kB | 270/305 kB | 37 kB | 49/186 kB | 16/81 kBProgress (5): 344 kB | 274/305 kB | 37 kB | 49/186 kB | 16/81 kBProgress (5): 344 kB | 279/305 kB | 37 kB | 49/186 kB | 16/81 kBProgress (5): 344 kB | 283/305 kB | 37 kB | 49/186 kB | 16/81 kBProgress (5): 344 kB | 287/305 kB | 37 kB | 49/186 kB | 16/81 kBProgress (5): 344 kB | 291/305 kB | 37 kB | 49/186 kB | 16/81 kBProgress (5): 344 kB | 295/305 kB | 37 kB | 49/186 kB | 16/81 kBProgress (5): 344 kB | 295/305 kB | 37 kB | 49/186 kB | 20/81 kBProgress (5): 344 kB | 295/305 kB | 37 kB | 49/186 kB | 25/81 kBProgress (5): 344 kB | 295/305 kB | 37 kB | 49/186 kB | 29/81 kBProgress (5): 344 kB | 295/305 kB | 37 kB | 49/186 kB | 33/81 kBProgress (5): 344 kB | 299/305 kB | 37 kB | 49/186 kB | 33/81 kBProgress (5): 344 kB | 303/305 kB | 37 kB | 49/186 kB | 33/81 kBProgress (5): 344 kB | 305 kB | 37 kB | 49/186 kB | 33/81 kB    Progress (5): 344 kB | 305 kB | 37 kB | 53/186 kB | 33/81 kBProgress (5): 344 kB | 305 kB | 37 kB | 57/186 kB | 33/81 kBProgress (5): 344 kB | 305 kB | 37 kB | 61/186 kB | 33/81 kBProgress (5): 344 kB | 305 kB | 37 kB | 66/186 kB | 33/81 kBProgress (5): 344 kB | 305 kB | 37 kB | 66/186 kB | 37/81 kBProgress (5): 344 kB | 305 kB | 37 kB | 66/186 kB | 41/81 kBProgress (5): 344 kB | 305 kB | 37 kB | 66/186 kB | 45/81 kBProgress (5): 344 kB | 305 kB | 37 kB | 66/186 kB | 49/81 kBProgress (5): 344 kB | 305 kB | 37 kB | 66/186 kB | 53/81 kBProgress (5): 344 kB | 305 kB | 37 kB | 70/186 kB | 53/81 kBProgress (5): 344 kB | 305 kB | 37 kB | 74/186 kB | 53/81 kBProgress (5): 344 kB | 305 kB | 37 kB | 78/186 kB | 53/81 kBProgress (5): 344 kB | 305 kB | 37 kB | 82/186 kB | 53/81 kBProgress (5): 344 kB | 305 kB | 37 kB | 82/186 kB | 57/81 kBProgress (5): 344 kB | 305 kB | 37 kB | 82/186 kB | 61/81 kBProgress (5): 344 kB | 305 kB | 37 kB | 82/186 kB | 66/81 kBProgress (5): 344 kB | 305 kB | 37 kB | 82/186 kB | 70/81 kB                                                            Downloaded from central: https://repo.maven.apache.org/maven2/org/apache/maven/shared/maven-dependency-tree/3.0.1/maven-dependency-tree-3.0.1.jar (37 kB at 18 kB/s)
Downloading from central: https://repo.maven.apache.org/maven2/com/google/guava/guava/19.0/guava-19.0.jar
Progress (4): 344 kB | 305 kB | 82/186 kB | 74/81 kBProgress (4): 344 kB | 305 kB | 82/186 kB | 78/81 kBProgress (4): 344 kB | 305 kB | 82/186 kB | 81 kB   Progress (4): 344 kB | 305 kB | 86/186 kB | 81 kBProgress (4): 344 kB | 305 kB | 90/186 kB | 81 kBProgress (4): 344 kB | 305 kB | 94/186 kB | 81 kBProgress (4): 344 kB | 305 kB | 98/186 kB | 81 kBProgress (4): 344 kB | 305 kB | 102/186 kB | 81 kBProgress (4): 344 kB | 305 kB | 106/186 kB | 81 kBProgress (4): 344 kB | 305 kB | 111/186 kB | 81 kBProgress (4): 344 kB | 305 kB | 115/186 kB | 81 kB                                                  Downloaded from central: https://repo.maven.apache.org/maven2/commons-codec/commons-codec/1.13/commons-codec-1.13.jar (344 kB at 165 kB/s)
Progress (3): 305 kB | 119/186 kB | 81 kBProgress (3): 305 kB | 123/186 kB | 81 kBProgress (3): 305 kB | 127/186 kB | 81 kBProgress (3): 305 kB | 131/186 kB | 81 kB                                         Downloaded from central: https://repo.maven.apache.org/maven2/org/jdom/jdom2/2.0.6/jdom2-2.0.6.jar (305 kB at 146 kB/s)
Progress (2): 135/186 kB | 81 kBProgress (2): 139/186 kB | 81 kBProgress (2): 143/186 kB | 81 kBProgress (2): 147/186 kB | 81 kB                                Downloaded from central: https://repo.maven.apache.org/maven2/org/ow2/asm/asm-util/7.0-beta/asm-util-7.0-beta.jar (81 kB at 38 kB/s)
Progress (1): 152/186 kBProgress (1): 156/186 kBProgress (1): 160/186 kBProgress (1): 164/186 kBProgress (1): 168/186 kBProgress (1): 172/186 kBProgress (1): 176/186 kBProgress (1): 180/186 kBProgress (2): 180/186 kB | 0/2.3 MBProgress (2): 184/186 kB | 0/2.3 MBProgress (2): 186 kB | 0/2.3 MB    Progress (2): 186 kB | 0/2.3 MBProgress (2): 186 kB | 0/2.3 MBProgress (2): 186 kB | 0.1/2.3 MBProgress (2): 186 kB | 0.1/2.3 MB                                 Downloaded from central: https://repo.maven.apache.org/maven2/org/vafer/jdependency/2.1.1/jdependency-2.1.1.jar (186 kB at 86 kB/s)
Progress (1): 0.1/2.3 MBProgress (1): 0.1/2.3 MBProgress (1): 0.1/2.3 MBProgress (1): 0.1/2.3 MBProgress (1): 0.2/2.3 MBProgress (1): 0.2/2.3 MBProgress (1): 0.2/2.3 MBProgress (1): 0.2/2.3 MBProgress (1): 0.2/2.3 MBProgress (1): 0.2/2.3 MBProgress (1): 0.3/2.3 MBProgress (1): 0.3/2.3 MBProgress (1): 0.3/2.3 MBProgress (1): 0.3/2.3 MBProgress (1): 0.3/2.3 MBProgress (1): 0.3/2.3 MBProgress (1): 0.4/2.3 MBProgress (1): 0.4/2.3 MBProgress (1): 0.4/2.3 MBProgress (1): 0.4/2.3 MBProgress (1): 0.4/2.3 MBProgress (1): 0.4/2.3 MBProgress (1): 0.5/2.3 MBProgress (1): 0.5/2.3 MBProgress (1): 0.5/2.3 MBProgress (1): 0.5/2.3 MBProgress (1): 0.5/2.3 MBProgress (1): 0.5/2.3 MBProgress (1): 0.6/2.3 MBProgress (1): 0.6/2.3 MBProgress (1): 0.6/2.3 MBProgress (1): 0.6/2.3 MBProgress (1): 0.6/2.3 MBProgress (1): 0.6/2.3 MBProgress (1): 0.7/2.3 MBProgress (1): 0.7/2.3 MBProgress (1): 0.7/2.3 MBProgress (1): 0.7/2.3 MBProgress (1): 0.7/2.3 MBProgress (1): 0.7/2.3 MBProgress (1): 0.8/2.3 MBProgress (1): 0.8/2.3 MBProgress (1): 0.8/2.3 MBProgress (1): 0.8/2.3 MBProgress (1): 0.8/2.3 MBProgress (1): 0.8/2.3 MBProgress (1): 0.9/2.3 MBProgress (1): 0.9/2.3 MBProgress (1): 0.9/2.3 MBProgress (1): 0.9/2.3 MBProgress (1): 0.9/2.3 MBProgress (1): 0.9/2.3 MBProgress (1): 1.0/2.3 MBProgress (1): 1.0/2.3 MBProgress (1): 1.0/2.3 MBProgress (1): 1.0/2.3 MBProgress (1): 1.0/2.3 MBProgress (1): 1.0/2.3 MBProgress (1): 1.0/2.3 MBProgress (1): 1.1/2.3 MBProgress (1): 1.1/2.3 MBProgress (1): 1.1/2.3 MBProgress (1): 1.1/2.3 MBProgress (1): 1.1/2.3 MBProgress (1): 1.1/2.3 MBProgress (1): 1.2/2.3 MBProgress (1): 1.2/2.3 MBProgress (1): 1.2/2.3 MBProgress (1): 1.2/2.3 MBProgress (1): 1.2/2.3 MBProgress (1): 1.2/2.3 MBProgress (1): 1.3/2.3 MBProgress (1): 1.3/2.3 MBProgress (1): 1.3/2.3 MBProgress (1): 1.3/2.3 MBProgress (1): 1.3/2.3 MBProgress (1): 1.3/2.3 MBProgress (1): 1.4/2.3 MBProgress (1): 1.4/2.3 MBProgress (1): 1.4/2.3 MBProgress (1): 1.4/2.3 MBProgress (1): 1.4/2.3 MBProgress (1): 1.4/2.3 MBProgress (1): 1.5/2.3 MBProgress (1): 1.5/2.3 MBProgress (1): 1.5/2.3 MBProgress (1): 1.5/2.3 MBProgress (1): 1.5/2.3 MBProgress (1): 1.5/2.3 MBProgress (1): 1.6/2.3 MBProgress (1): 1.6/2.3 MBProgress (1): 1.6/2.3 MBProgress (1): 1.6/2.3 MBProgress (1): 1.6/2.3 MBProgress (1): 1.6/2.3 MBProgress (1): 1.7/2.3 MBProgress (1): 1.7/2.3 MBProgress (1): 1.7/2.3 MBProgress (1): 1.7/2.3 MBProgress (1): 1.7/2.3 MBProgress (1): 1.7/2.3 MBProgress (1): 1.8/2.3 MBProgress (1): 1.8/2.3 MBProgress (1): 1.8/2.3 MBProgress (1): 1.8/2.3 MBProgress (1): 1.8/2.3 MBProgress (1): 1.8/2.3 MBProgress (1): 1.9/2.3 MBProgress (1): 1.9/2.3 MBProgress (1): 1.9/2.3 MBProgress (1): 1.9/2.3 MBProgress (1): 1.9/2.3 MBProgress (1): 1.9/2.3 MBProgress (1): 1.9/2.3 MBProgress (1): 2.0/2.3 MBProgress (1): 2.0/2.3 MBProgress (1): 2.0/2.3 MBProgress (1): 2.0/2.3 MBProgress (1): 2.0/2.3 MBProgress (1): 2.0/2.3 MBProgress (1): 2.1/2.3 MBProgress (1): 2.1/2.3 MBProgress (1): 2.1/2.3 MBProgress (1): 2.1/2.3 MBProgress (1): 2.1/2.3 MBProgress (1): 2.1/2.3 MBProgress (1): 2.2/2.3 MBProgress (1): 2.2/2.3 MBProgress (1): 2.2/2.3 MBProgress (1): 2.2/2.3 MBProgress (1): 2.2/2.3 MBProgress (1): 2.2/2.3 MBProgress (1): 2.3/2.3 MBProgress (1): 2.3/2.3 MBProgress (1): 2.3/2.3 MBProgress (1): 2.3 MB                        Downloaded from central: https://repo.maven.apache.org/maven2/com/google/guava/guava/19.0/guava-19.0.jar (2.3 MB at 789 kB/s)
[INFO] Replacing main artifact with repackaged archive
[INFO] 
[8mha:////4EnmpvTza3G0gck8X4CbzWbWCN/oTNLcUM5KKI27xSg0AAAAYB+LCAAAAAAAAP9b85aBtbiIQSmjNKU4P0+vJLE4u1gvPjexLDVPzxdEGvvmZ+X75ZekLlOVfvTjc8FPJgaGiiIGKaiG5Py84vycVD1nCA1SyAABjCCFBQCV27OjYAAAAA==[0m[INFO] --- maven-install-plugin:2.5.2:install (default-install) @ panda ---
[INFO] Installing /home/workspace/panda academy/target/panda-0.0.4-SNAPSHOT.jar to /root/.m2/repository/pl/pandait/panda/0.0.4-SNAPSHOT/panda-0.0.4-SNAPSHOT.jar
[INFO] Installing /home/workspace/panda academy/pom.xml to /root/.m2/repository/pl/pandait/panda/0.0.4-SNAPSHOT/panda-0.0.4-SNAPSHOT.pom
[INFO] ------------------------------------------------------------------------
[INFO] BUILD SUCCESS
[INFO] ------------------------------------------------------------------------
[INFO] Total time:  17.337 s
[INFO] Finished at: 2020-09-14T00:34:52Z
[INFO] ------------------------------------------------------------------------
[panda academy] $ /home/tools/hudson.tasks.Maven_MavenInstallation/auto_maven/bin/mvn test -Pselenium
[INFO] Scanning for projects...
[INFO] 
[INFO] --------------------------< pl.pandait:panda >--------------------------
[INFO] Building panda 0.0.4-SNAPSHOT
[INFO] --------------------------------[ jar ]---------------------------------
[INFO] 
[8mha:////4EnmpvTza3G0gck8X4CbzWbWCN/oTNLcUM5KKI27xSg0AAAAYB+LCAAAAAAAAP9b85aBtbiIQSmjNKU4P0+vJLE4u1gvPjexLDVPzxdEGvvmZ+X75ZekLlOVfvTjc8FPJgaGiiIGKaiG5Py84vycVD1nCA1SyAABjCCFBQCV27OjYAAAAA==[0m[INFO] --- maven-resources-plugin:3.1.0:resources (default-resources) @ panda ---
[INFO] Using 'UTF-8' encoding to copy filtered resources.
[INFO] Copying 1 resource
[INFO] Copying 2 resources
[INFO] 
[8mha:////4EnmpvTza3G0gck8X4CbzWbWCN/oTNLcUM5KKI27xSg0AAAAYB+LCAAAAAAAAP9b85aBtbiIQSmjNKU4P0+vJLE4u1gvPjexLDVPzxdEGvvmZ+X75ZekLlOVfvTjc8FPJgaGiiIGKaiG5Py84vycVD1nCA1SyAABjCCFBQCV27OjYAAAAA==[0m[INFO] --- maven-compiler-plugin:3.8.1:compile (default-compile) @ panda ---
[INFO] Nothing to compile - all classes are up to date
[INFO] 
[8mha:////4EnmpvTza3G0gck8X4CbzWbWCN/oTNLcUM5KKI27xSg0AAAAYB+LCAAAAAAAAP9b85aBtbiIQSmjNKU4P0+vJLE4u1gvPjexLDVPzxdEGvvmZ+X75ZekLlOVfvTjc8FPJgaGiiIGKaiG5Py84vycVD1nCA1SyAABjCCFBQCV27OjYAAAAA==[0m[INFO] --- maven-compiler-plugin:3.8.1:compile (default) @ panda ---
[INFO] Nothing to compile - all classes are up to date
[INFO] 
[8mha:////4EnmpvTza3G0gck8X4CbzWbWCN/oTNLcUM5KKI27xSg0AAAAYB+LCAAAAAAAAP9b85aBtbiIQSmjNKU4P0+vJLE4u1gvPjexLDVPzxdEGvvmZ+X75ZekLlOVfvTjc8FPJgaGiiIGKaiG5Py84vycVD1nCA1SyAABjCCFBQCV27OjYAAAAA==[0m[INFO] --- maven-resources-plugin:3.1.0:testResources (default-testResources) @ panda ---
[INFO] Using 'UTF-8' encoding to copy filtered resources.
[INFO] skip non existing resourceDirectory /home/workspace/panda academy/src/test/resources
[INFO] 
[8mha:////4EnmpvTza3G0gck8X4CbzWbWCN/oTNLcUM5KKI27xSg0AAAAYB+LCAAAAAAAAP9b85aBtbiIQSmjNKU4P0+vJLE4u1gvPjexLDVPzxdEGvvmZ+X75ZekLlOVfvTjc8FPJgaGiiIGKaiG5Py84vycVD1nCA1SyAABjCCFBQCV27OjYAAAAA==[0m[INFO] --- maven-compiler-plugin:3.8.1:testCompile (default-testCompile) @ panda ---
[INFO] Nothing to compile - all classes are up to date
[INFO] 
[8mha:////4EnmpvTza3G0gck8X4CbzWbWCN/oTNLcUM5KKI27xSg0AAAAYB+LCAAAAAAAAP9b85aBtbiIQSmjNKU4P0+vJLE4u1gvPjexLDVPzxdEGvvmZ+X75ZekLlOVfvTjc8FPJgaGiiIGKaiG5Py84vycVD1nCA1SyAABjCCFBQCV27OjYAAAAA==[0m[INFO] --- maven-surefire-plugin:2.22.2:test (default-test) @ panda ---
[INFO] 
[INFO] -------------------------------------------------------
[INFO]  T E S T S
[INFO] -------------------------------------------------------
[INFO] Running pl.pandait.panda.PandaApplicationSeleniumTest
00:34:55.338 [main] DEBUG org.springframework.test.context.BootstrapUtils - Instantiating CacheAwareContextLoaderDelegate from class [org.springframework.test.context.cache.DefaultCacheAwareContextLoaderDelegate]
00:34:55.346 [main] DEBUG org.springframework.test.context.BootstrapUtils - Instantiating BootstrapContext using constructor [public org.springframework.test.context.support.DefaultBootstrapContext(java.lang.Class,org.springframework.test.context.CacheAwareContextLoaderDelegate)]
00:34:55.365 [main] DEBUG org.springframework.test.context.BootstrapUtils - Instantiating TestContextBootstrapper for test class [pl.pandait.panda.PandaApplicationSeleniumTest] from class [org.springframework.boot.test.context.SpringBootTestContextBootstrapper]
00:34:55.374 [main] INFO org.springframework.boot.test.context.SpringBootTestContextBootstrapper - Neither @ContextConfiguration nor @ContextHierarchy found for test class [pl.pandait.panda.PandaApplicationSeleniumTest], using SpringBootContextLoader
00:34:55.377 [main] DEBUG org.springframework.test.context.support.AbstractContextLoader - Did not detect default resource location for test class [pl.pandait.panda.PandaApplicationSeleniumTest]: class path resource [pl/pandait/panda/PandaApplicationSeleniumTest-context.xml] does not exist
00:34:55.378 [main] DEBUG org.springframework.test.context.support.AbstractContextLoader - Did not detect default resource location for test class [pl.pandait.panda.PandaApplicationSeleniumTest]: class path resource [pl/pandait/panda/PandaApplicationSeleniumTestContext.groovy] does not exist
00:34:55.378 [main] INFO org.springframework.test.context.support.AbstractContextLoader - Could not detect default resource locations for test class [pl.pandait.panda.PandaApplicationSeleniumTest]: no resource found for suffixes {-context.xml, Context.groovy}.
00:34:55.401 [main] DEBUG org.springframework.test.context.support.ActiveProfilesUtils - Could not find an 'annotation declaring class' for annotation type [org.springframework.test.context.ActiveProfiles] and class [pl.pandait.panda.PandaApplicationSeleniumTest]
00:34:55.985 [main] DEBUG org.springframework.boot.test.context.SpringBootTestContextBootstrapper - @TestExecutionListeners is not present for class [pl.pandait.panda.PandaApplicationSeleniumTest]: using defaults.
00:34:55.986 [main] INFO org.springframework.boot.test.context.SpringBootTestContextBootstrapper - Loaded default TestExecutionListener class names from location [META-INF/spring.factories]: [org.springframework.boot.test.mock.mockito.MockitoTestExecutionListener, org.springframework.boot.test.mock.mockito.ResetMocksTestExecutionListener, org.springframework.boot.test.autoconfigure.restdocs.RestDocsTestExecutionListener, org.springframework.boot.test.autoconfigure.web.client.MockRestServiceServerResetTestExecutionListener, org.springframework.boot.test.autoconfigure.web.servlet.MockMvcPrintOnlyOnFailureTestExecutionListener, org.springframework.boot.test.autoconfigure.web.servlet.WebDriverTestExecutionListener, org.springframework.test.context.web.ServletTestExecutionListener, org.springframework.test.context.support.DirtiesContextBeforeModesTestExecutionListener, org.springframework.test.context.support.DependencyInjectionTestExecutionListener, org.springframework.test.context.support.DirtiesContextTestExecutionListener, org.springframework.test.context.transaction.TransactionalTestExecutionListener, org.springframework.test.context.jdbc.SqlScriptsTestExecutionListener, org.springframework.test.context.event.EventPublishingTestExecutionListener]
00:34:55.992 [main] DEBUG org.springframework.boot.test.context.SpringBootTestContextBootstrapper - Skipping candidate TestExecutionListener [org.springframework.test.context.transaction.TransactionalTestExecutionListener] due to a missing dependency. Specify custom listener classes or make the default listener classes and their required dependencies available. Offending class: [org/springframework/transaction/interceptor/TransactionAttributeSource]
00:34:55.992 [main] DEBUG org.springframework.boot.test.context.SpringBootTestContextBootstrapper - Skipping candidate TestExecutionListener [org.springframework.test.context.jdbc.SqlScriptsTestExecutionListener] due to a missing dependency. Specify custom listener classes or make the default listener classes and their required dependencies available. Offending class: [org/springframework/transaction/interceptor/TransactionAttribute]
00:34:55.993 [main] INFO org.springframework.boot.test.context.SpringBootTestContextBootstrapper - Using TestExecutionListeners: [org.springframework.test.context.web.ServletTestExecutionListener@7283d3eb, org.springframework.test.context.support.DirtiesContextBeforeModesTestExecutionListener@638ef7ed, org.springframework.boot.test.mock.mockito.MockitoTestExecutionListener@4bff7da0, org.springframework.boot.test.autoconfigure.SpringBootDependencyInjectionTestExecutionListener@3f1d2e23, org.springframework.test.context.support.DirtiesContextTestExecutionListener@536dbea0, org.springframework.test.context.event.EventPublishingTestExecutionListener@47c81abf, org.springframework.boot.test.mock.mockito.ResetMocksTestExecutionListener@776a6d9b, org.springframework.boot.test.autoconfigure.restdocs.RestDocsTestExecutionListener@21d03963, org.springframework.boot.test.autoconfigure.web.client.MockRestServiceServerResetTestExecutionListener@1f760b47, org.springframework.boot.test.autoconfigure.web.servlet.MockMvcPrintOnlyOnFailureTestExecutionListener@18ece7f4, org.springframework.boot.test.autoconfigure.web.servlet.WebDriverTestExecutionListener@3cce57c7]
00:34:56.003 [main] DEBUG org.springframework.test.context.support.AbstractDirtiesContextTestExecutionListener - Before test class: context [DefaultTestContext@389b0789 testClass = PandaApplicationSeleniumTest, testInstance = [null], testMethod = [null], testException = [null], mergedContextConfiguration = [WebMergedContextConfiguration@13d9cbf5 testClass = PandaApplicationSeleniumTest, locations = '{}', classes = '{class pl.pandait.panda.PandaApplication, class pl.pandait.panda.PandaApplication}', contextInitializerClasses = '[]', activeProfiles = '{}', propertySourceLocations = '{}', propertySourceProperties = '{org.springframework.boot.test.context.SpringBootTestContextBootstrapper=true}', contextCustomizers = set[org.springframework.boot.test.context.filter.ExcludeFilterContextCustomizer@69fb6037, org.springframework.boot.test.json.DuplicateJsonObjectContextCustomizerFactory$DuplicateJsonObjectContextCustomizer@671a5887, org.springframework.boot.test.mock.mockito.MockitoContextCustomizer@0, org.springframework.boot.test.web.client.TestRestTemplateContextCustomizer@152aa092, org.springframework.boot.test.autoconfigure.properties.PropertyMappingContextCustomizer@0, org.springframework.boot.test.autoconfigure.web.servlet.WebDriverContextCustomizerFactory$Customizer@2e222612], resourceBasePath = 'src/main/webapp', contextLoader = 'org.springframework.boot.test.context.SpringBootContextLoader', parent = [null]], attributes = map['org.springframework.test.context.web.ServletTestExecutionListener.activateListener' -> false]], class annotated with @DirtiesContext [false] with mode [null].
00:34:56.029 [main] DEBUG org.springframework.test.context.support.DependencyInjectionTestExecutionListener - Performing dependency injection for test context [[DefaultTestContext@389b0789 testClass = PandaApplicationSeleniumTest, testInstance = pl.pandait.panda.PandaApplicationSeleniumTest@48b67364, testMethod = [null], testException = [null], mergedContextConfiguration = [WebMergedContextConfiguration@13d9cbf5 testClass = PandaApplicationSeleniumTest, locations = '{}', classes = '{class pl.pandait.panda.PandaApplication, class pl.pandait.panda.PandaApplication}', contextInitializerClasses = '[]', activeProfiles = '{}', propertySourceLocations = '{}', propertySourceProperties = '{org.springframework.boot.test.context.SpringBootTestContextBootstrapper=true}', contextCustomizers = set[org.springframework.boot.test.context.filter.ExcludeFilterContextCustomizer@69fb6037, org.springframework.boot.test.json.DuplicateJsonObjectContextCustomizerFactory$DuplicateJsonObjectContextCustomizer@671a5887, org.springframework.boot.test.mock.mockito.MockitoContextCustomizer@0, org.springframework.boot.test.web.client.TestRestTemplateContextCustomizer@152aa092, org.springframework.boot.test.autoconfigure.properties.PropertyMappingContextCustomizer@0, org.springframework.boot.test.autoconfigure.web.servlet.WebDriverContextCustomizerFactory$Customizer@2e222612], resourceBasePath = 'src/main/webapp', contextLoader = 'org.springframework.boot.test.context.SpringBootContextLoader', parent = [null]], attributes = map['org.springframework.test.context.web.ServletTestExecutionListener.activateListener' -> false]]].
00:34:56.058 [main] DEBUG org.springframework.test.context.support.TestPropertySourceUtils - Adding inlined properties to environment: {spring.jmx.enabled=false, org.springframework.boot.test.context.SpringBootTestContextBootstrapper=true}

  .   ____          _            __ _ _
 /\\ / ___'_ __ _ _(_)_ __  __ _ \ \ \ \
( ( )\___ | '_ | '_| | '_ \/ _` | \ \ \ \
 \\/  ___)| |_)| | | | | || (_| |  ) ) ) )
  '  |____| .__|_| |_|_| |_\__, | / / / /
 =========|_|==============|___/=/_/_/_/
 :: Spring Boot ::        (v2.2.4.RELEASE)

2020-09-14 00:34:56.302  INFO 8804 --- [           main] p.p.panda.PandaApplicationSeleniumTest   : Starting PandaApplicationSeleniumTest on vagrant with PID 8804 (started by root in /home/workspace/panda academy)
2020-09-14 00:34:56.304  INFO 8804 --- [           main] p.p.panda.PandaApplicationSeleniumTest   : No active profile set, falling back to default profiles: default
2020-09-14 00:34:57.541  INFO 8804 --- [           main] o.s.b.w.embedded.tomcat.TomcatWebServer  : Tomcat initialized with port(s): 8083 (http)
2020-09-14 00:34:57.549  INFO 8804 --- [           main] o.apache.catalina.core.StandardService   : Starting service [Tomcat]
2020-09-14 00:34:57.549  INFO 8804 --- [           main] org.apache.catalina.core.StandardEngine  : Starting Servlet engine: [Apache Tomcat/9.0.30]
2020-09-14 00:34:57.603  INFO 8804 --- [           main] o.a.c.c.C.[Tomcat].[localhost].[/]       : Initializing Spring embedded WebApplicationContext
2020-09-14 00:34:57.603  INFO 8804 --- [           main] o.s.web.context.ContextLoader            : Root WebApplicationContext: initialization completed in 1286 ms
2020-09-14 00:34:57.769  INFO 8804 --- [           main] o.s.s.concurrent.ThreadPoolTaskExecutor  : Initializing ExecutorService 'applicationTaskExecutor'
2020-09-14 00:34:57.820  INFO 8804 --- [           main] o.s.b.a.w.s.WelcomePageHandlerMapping    : Adding welcome page: class path resource [static/index.html]
2020-09-14 00:34:58.085  INFO 8804 --- [           main] o.s.b.w.embedded.tomcat.TomcatWebServer  : Tomcat started on port(s): 8083 (http) with context path ''
2020-09-14 00:34:58.087  INFO 8804 --- [           main] p.p.panda.PandaApplicationSeleniumTest   : Started PandaApplicationSeleniumTest in 2.026 seconds (JVM running for 3.286)
2020-09-14 00:34:58.267  INFO 8804 --- [           main] org.openqa.selenium.Capabilities         : Using `new FirefoxOptions()` is preferred to `DesiredCapabilities.firefox()`
2020-09-14 00:35:07.245  INFO 8804 --- [ null to remote] o.o.selenium.remote.ProtocolHandshake    : Detected dialect: W3C
2020-09-14 00:35:08.600  INFO 8804 --- [           main] org.openqa.selenium.Capabilities         : Using `new FirefoxOptions()` is preferred to `DesiredCapabilities.firefox()`
2020-09-14 00:35:14.207  INFO 8804 --- [ null to remote] o.o.selenium.remote.ProtocolHandshake    : Detected dialect: W3C
[8mha:////4LXgfHS1wy/OqJdSoHn+4oaS6AK9utl/4ZZMQHqdp+N3AAAAYB+LCAAAAAAAAP9b85aBtbiIQSmjNKU4P0+vJLE4u1gvPjexLDVPzxdEuhYV5Rf55ZekOlc7RKnPKH7IxMBQUcQgBdWQnJ9XnJ+TqucMoUEKGSCAEaSwAACsNFCqYAAAAA==[0m[ERROR] Tests run: 2, Failures: 0, Errors: 2, Skipped: 0, Time elapsed: 19.495 s <<< FAILURE! - in pl.pandait.panda.PandaApplicationSeleniumTest
[8mha:////4LXgfHS1wy/OqJdSoHn+4oaS6AK9utl/4ZZMQHqdp+N3AAAAYB+LCAAAAAAAAP9b85aBtbiIQSmjNKU4P0+vJLE4u1gvPjexLDVPzxdEuhYV5Rf55ZekOlc7RKnPKH7IxMBQUcQgBdWQnJ9XnJ+TqucMoUEKGSCAEaSwAACsNFCqYAAAAA==[0m[ERROR] greetings_shouldOpenMainPageThenReturnWelcomeText  Time elapsed: 10.536 s  <<< ERROR!
org.openqa.selenium.WebDriverException: 
Reached error page: about:neterror?e=dnsNotFound&u=http%3A//ubuntu%3A8083/&c=UTF-8&d=We%20can%E2%80%99t%20connect%20to%20the%20server%20at%20ubuntu.
Build info: version: '3.141.59', revision: 'e82be7d358', time: '2018-11-14T08:17:03'
System info: host: 'vagrant', ip: '127.0.1.1', os.name: 'Linux', os.arch: 'amd64', os.version: '4.15.0-111-generic', java.version: '11.0.8'
Driver info: org.openqa.selenium.remote.RemoteWebDriver
Capabilities {acceptInsecureCerts: true, browserName: firefox, browserVersion: 80.0, javascriptEnabled: true, moz:accessibilityChecks: false, moz:buildID: 20200818235255, moz:geckodriverVersion: 0.27.0, moz:headless: false, moz:processID: 91, moz:profile: /tmp/rust_mozprofile2o4VhA, moz:shutdownTimeout: 60000, moz:useNonSpecCompliantPointerOrigin: false, moz:webdriverClick: true, pageLoadStrategy: normal, platform: LINUX, platformName: LINUX, platformVersion: 4.15.0-111-generic, rotatable: false, setWindowRect: true, strictFileInteractability: false, timeouts: {implicit: 0, pageLoad: 300000, script: 30000}, unhandledPromptBehavior: dismiss and notify, webdriver.remote.sessionid: 41fb8a08-318c-477c-8c8d-896...}
Session ID: 41fb8a08-318c-477c-8c8d-89626e395ce1
	at pl.pandait.panda.PandaApplicationSeleniumTest.startup(PandaApplicationSeleniumTest.java:35)

[8mha:////4LXgfHS1wy/OqJdSoHn+4oaS6AK9utl/4ZZMQHqdp+N3AAAAYB+LCAAAAAAAAP9b85aBtbiIQSmjNKU4P0+vJLE4u1gvPjexLDVPzxdEuhYV5Rf55ZekOlc7RKnPKH7IxMBQUcQgBdWQnJ9XnJ+TqucMoUEKGSCAEaSwAACsNFCqYAAAAA==[0m[ERROR] greetings_shouldOpenSubpageThenReturnGreetingsText  Time elapsed: 6.117 s  <<< ERROR!
org.openqa.selenium.WebDriverException: 
Reached error page: about:neterror?e=dnsNotFound&u=http%3A//ubuntu%3A8083/&c=UTF-8&d=We%20can%E2%80%99t%20connect%20to%20the%20server%20at%20ubuntu.
Build info: version: '3.141.59', revision: 'e82be7d358', time: '2018-11-14T08:17:03'
System info: host: 'vagrant', ip: '127.0.1.1', os.name: 'Linux', os.arch: 'amd64', os.version: '4.15.0-111-generic', java.version: '11.0.8'
Driver info: org.openqa.selenium.remote.RemoteWebDriver
Capabilities {acceptInsecureCerts: true, browserName: firefox, browserVersion: 80.0, javascriptEnabled: true, moz:accessibilityChecks: false, moz:buildID: 20200818235255, moz:geckodriverVersion: 0.27.0, moz:headless: false, moz:processID: 510, moz:profile: /tmp/rust_mozprofileiddni1, moz:shutdownTimeout: 60000, moz:useNonSpecCompliantPointerOrigin: false, moz:webdriverClick: true, pageLoadStrategy: normal, platform: LINUX, platformName: LINUX, platformVersion: 4.15.0-111-generic, rotatable: false, setWindowRect: true, strictFileInteractability: false, timeouts: {implicit: 0, pageLoad: 300000, script: 30000}, unhandledPromptBehavior: dismiss and notify, webdriver.remote.sessionid: af2752f3-5c7a-4895-a668-ff9...}
Session ID: af2752f3-5c7a-4895-a668-ff9ade0b4c7b
	at pl.pandait.panda.PandaApplicationSeleniumTest.startup(PandaApplicationSeleniumTest.java:35)

2020-09-14 00:35:14.857  INFO 8804 --- [extShutdownHook] o.s.s.concurrent.ThreadPoolTaskExecutor  : Shutting down ExecutorService 'applicationTaskExecutor'
[INFO] 
[INFO] Results:
[INFO] 
[8mha:////4LXgfHS1wy/OqJdSoHn+4oaS6AK9utl/4ZZMQHqdp+N3AAAAYB+LCAAAAAAAAP9b85aBtbiIQSmjNKU4P0+vJLE4u1gvPjexLDVPzxdEuhYV5Rf55ZekOlc7RKnPKH7IxMBQUcQgBdWQnJ9XnJ+TqucMoUEKGSCAEaSwAACsNFCqYAAAAA==[0m[ERROR] Errors: 
[8mha:////4LXgfHS1wy/OqJdSoHn+4oaS6AK9utl/4ZZMQHqdp+N3AAAAYB+LCAAAAAAAAP9b85aBtbiIQSmjNKU4P0+vJLE4u1gvPjexLDVPzxdEuhYV5Rf55ZekOlc7RKnPKH7IxMBQUcQgBdWQnJ9XnJ+TqucMoUEKGSCAEaSwAACsNFCqYAAAAA==[0m[ERROR]   PandaApplicationSeleniumTest.startup:35 » WebDriver Reached error page: about:...
[8mha:////4LXgfHS1wy/OqJdSoHn+4oaS6AK9utl/4ZZMQHqdp+N3AAAAYB+LCAAAAAAAAP9b85aBtbiIQSmjNKU4P0+vJLE4u1gvPjexLDVPzxdEuhYV5Rf55ZekOlc7RKnPKH7IxMBQUcQgBdWQnJ9XnJ+TqucMoUEKGSCAEaSwAACsNFCqYAAAAA==[0m[ERROR]   PandaApplicationSeleniumTest.startup:35 » WebDriver Reached error page: about:...
[INFO] 
[8mha:////4LXgfHS1wy/OqJdSoHn+4oaS6AK9utl/4ZZMQHqdp+N3AAAAYB+LCAAAAAAAAP9b85aBtbiIQSmjNKU4P0+vJLE4u1gvPjexLDVPzxdEuhYV5Rf55ZekOlc7RKnPKH7IxMBQUcQgBdWQnJ9XnJ+TqucMoUEKGSCAEaSwAACsNFCqYAAAAA==[0m[ERROR] Tests run: 2, Failures: 0, Errors: 2, Skipped: 0
[INFO] 
[INFO] ------------------------------------------------------------------------
[INFO] BUILD FAILURE
[INFO] ------------------------------------------------------------------------
[INFO] Total time:  21.756 s
[INFO] Finished at: 2020-09-14T00:35:15Z
[INFO] ------------------------------------------------------------------------
[8mha:////4LXgfHS1wy/OqJdSoHn+4oaS6AK9utl/4ZZMQHqdp+N3AAAAYB+LCAAAAAAAAP9b85aBtbiIQSmjNKU4P0+vJLE4u1gvPjexLDVPzxdEuhYV5Rf55ZekOlc7RKnPKH7IxMBQUcQgBdWQnJ9XnJ+TqucMoUEKGSCAEaSwAACsNFCqYAAAAA==[0m[ERROR] Failed to execute goal org.apache.maven.plugins:maven-surefire-plugin:2.22.2:test (default-test) on project panda: There are test failures.
[8mha:////4LXgfHS1wy/OqJdSoHn+4oaS6AK9utl/4ZZMQHqdp+N3AAAAYB+LCAAAAAAAAP9b85aBtbiIQSmjNKU4P0+vJLE4u1gvPjexLDVPzxdEuhYV5Rf55ZekOlc7RKnPKH7IxMBQUcQgBdWQnJ9XnJ+TqucMoUEKGSCAEaSwAACsNFCqYAAAAA==[0m[ERROR] 
[8mha:////4LXgfHS1wy/OqJdSoHn+4oaS6AK9utl/4ZZMQHqdp+N3AAAAYB+LCAAAAAAAAP9b85aBtbiIQSmjNKU4P0+vJLE4u1gvPjexLDVPzxdEuhYV5Rf55ZekOlc7RKnPKH7IxMBQUcQgBdWQnJ9XnJ+TqucMoUEKGSCAEaSwAACsNFCqYAAAAA==[0m[ERROR] Please refer to /home/workspace/panda academy/target/surefire-reports for the individual test results.
[8mha:////4LXgfHS1wy/OqJdSoHn+4oaS6AK9utl/4ZZMQHqdp+N3AAAAYB+LCAAAAAAAAP9b85aBtbiIQSmjNKU4P0+vJLE4u1gvPjexLDVPzxdEuhYV5Rf55ZekOlc7RKnPKH7IxMBQUcQgBdWQnJ9XnJ+TqucMoUEKGSCAEaSwAACsNFCqYAAAAA==[0m[ERROR] Please refer to dump files (if any exist) [date].dump, [date]-jvmRun[N].dump and [date].dumpstream.
[8mha:////4LXgfHS1wy/OqJdSoHn+4oaS6AK9utl/4ZZMQHqdp+N3AAAAYB+LCAAAAAAAAP9b85aBtbiIQSmjNKU4P0+vJLE4u1gvPjexLDVPzxdEuhYV5Rf55ZekOlc7RKnPKH7IxMBQUcQgBdWQnJ9XnJ+TqucMoUEKGSCAEaSwAACsNFCqYAAAAA==[0m[ERROR] -> [Help 1]
[8mha:////4LXgfHS1wy/OqJdSoHn+4oaS6AK9utl/4ZZMQHqdp+N3AAAAYB+LCAAAAAAAAP9b85aBtbiIQSmjNKU4P0+vJLE4u1gvPjexLDVPzxdEuhYV5Rf55ZekOlc7RKnPKH7IxMBQUcQgBdWQnJ9XnJ+TqucMoUEKGSCAEaSwAACsNFCqYAAAAA==[0m[ERROR] 
[8mha:////4LXgfHS1wy/OqJdSoHn+4oaS6AK9utl/4ZZMQHqdp+N3AAAAYB+LCAAAAAAAAP9b85aBtbiIQSmjNKU4P0+vJLE4u1gvPjexLDVPzxdEuhYV5Rf55ZekOlc7RKnPKH7IxMBQUcQgBdWQnJ9XnJ+TqucMoUEKGSCAEaSwAACsNFCqYAAAAA==[0m[ERROR] To see the full stack trace of the errors, re-run Maven with the -e switch.
[8mha:////4LXgfHS1wy/OqJdSoHn+4oaS6AK9utl/4ZZMQHqdp+N3AAAAYB+LCAAAAAAAAP9b85aBtbiIQSmjNKU4P0+vJLE4u1gvPjexLDVPzxdEuhYV5Rf55ZekOlc7RKnPKH7IxMBQUcQgBdWQnJ9XnJ+TqucMoUEKGSCAEaSwAACsNFCqYAAAAA==[0m[ERROR] Re-run Maven using the -X switch to enable full debug logging.
[8mha:////4LXgfHS1wy/OqJdSoHn+4oaS6AK9utl/4ZZMQHqdp+N3AAAAYB+LCAAAAAAAAP9b85aBtbiIQSmjNKU4P0+vJLE4u1gvPjexLDVPzxdEuhYV5Rf55ZekOlc7RKnPKH7IxMBQUcQgBdWQnJ9XnJ+TqucMoUEKGSCAEaSwAACsNFCqYAAAAA==[0m[ERROR] 
[8mha:////4LXgfHS1wy/OqJdSoHn+4oaS6AK9utl/4ZZMQHqdp+N3AAAAYB+LCAAAAAAAAP9b85aBtbiIQSmjNKU4P0+vJLE4u1gvPjexLDVPzxdEuhYV5Rf55ZekOlc7RKnPKH7IxMBQUcQgBdWQnJ9XnJ+TqucMoUEKGSCAEaSwAACsNFCqYAAAAA==[0m[ERROR] For more information about the errors and possible solutions, please read the following articles:
[8mha:////4LXgfHS1wy/OqJdSoHn+4oaS6AK9utl/4ZZMQHqdp+N3AAAAYB+LCAAAAAAAAP9b85aBtbiIQSmjNKU4P0+vJLE4u1gvPjexLDVPzxdEuhYV5Rf55ZekOlc7RKnPKH7IxMBQUcQgBdWQnJ9XnJ+TqucMoUEKGSCAEaSwAACsNFCqYAAAAA==[0m[ERROR] [Help 1] http://cwiki.apache.org/confluence/display/MAVEN/MojoFailureException
Build step 'Invoke top-level Maven targets' marked build as failure
Finished: FAILURE
